#
# There is insufficient memory for the Java Runtime Environment to continue.
# Native memory allocation (malloc) failed to allocate 52656 bytes for Chunk::new
# Possible reasons:
#   The system is out of physical RAM or swap space
#   The process is running with CompressedOops enabled, and the Java Heap may be blocking the growth of the native heap
# Possible solutions:
#   Reduce memory load on the system
#   Increase physical memory or swap space
#   Check if swap backing store is full
#   Decrease Java heap size (-Xmx/-Xms)
#   Decrease number of Java threads
#   Decrease Java thread stack sizes (-Xss)
#   Set larger code cache with -XX:ReservedCodeCacheSize=
#   JVM is running with Unscaled Compressed Oops mode in which the Java heap is
#     placed in the first 4GB address space. The Java Heap base address is the
#     maximum limit for the native heap growth. Please use -XX:HeapBaseMinAddress
#     to set the Java Heap base and to place the Java Heap above 4GB virtual address.
# This output file may be truncated or incomplete.
#
#  Out of Memory Error (arena.cpp:189), pid=15920, tid=14320
#
# JRE version: Java(TM) SE Runtime Environment (17.0.12+8) (build 17.0.12+8-LTS-286)
# Java VM: Java HotSpot(TM) 64-Bit Server VM (17.0.12+8-LTS-286, mixed mode, sharing, tiered, compressed oops, compressed class ptrs, g1 gc, windows-amd64)
# No core dump will be written. Minidumps are not enabled by default on client versions of Windows
#

---------------  S U M M A R Y ------------

Command Line: -Dclassworlds.conf=C:\Apache-maven\apache-maven-3.8.8\bin\m2.conf -Dmaven.home=C:\Apache-maven\apache-maven-3.8.8 -Dlibrary.jansi.path=C:\Apache-maven\apache-maven-3.8.8\lib\jansi-native -Dmaven.multiModuleProjectDirectory=D:\examen devops\gestion_emploi_du_temps\gestion_emploi_du_temps org.codehaus.plexus.classworlds.launcher.Launcher clean install

Host: Intel(R) Celeron(R) N4020 CPU @ 1.10GHz, 2 cores, 7G,  Windows 11 , 64 bit Build 22621 (10.0.22621.4391)
Time: Wed Mar  5 03:58:37 2025 Greenwich elapsed time: 53.880374 seconds (0d 0h 0m 53s)

---------------  T H R E A D  ---------------

Current thread (0x0000019220c31cf0):  JavaThread "C2 CompilerThread0" daemon [_thread_in_native, id=14320, stack(0x00000044c4000000,0x00000044c4100000)]


Current CompileTask:
C2:  53880 6964       4       java.nio.CharBuffer::<init> (24 bytes)

Stack: [0x00000044c4000000,0x00000044c4100000]
Native frames: (J=compiled Java code, j=interpreted, Vv=VM code, C=native code)
V  [jvm.dll+0x67a04a]
V  [jvm.dll+0x7da4ed]
V  [jvm.dll+0x7dbe33]
V  [jvm.dll+0x7dc4a3]
V  [jvm.dll+0x24508f]
V  [jvm.dll+0xab773]
V  [jvm.dll+0xabd3c]
V  [jvm.dll+0x2aa52f]
V  [jvm.dll+0x581eb9]
V  [jvm.dll+0x21f422]
V  [jvm.dll+0x21f81f]
V  [jvm.dll+0x218aa0]
V  [jvm.dll+0x215b65]
V  [jvm.dll+0x1a2960]
V  [jvm.dll+0x22610b]
V  [jvm.dll+0x2242ab]
V  [jvm.dll+0x79075c]
V  [jvm.dll+0x78abea]
V  [jvm.dll+0x678f35]
C  [ucrtbase.dll+0x29333]
C  [KERNEL32.DLL+0x1259d]
C  [ntdll.dll+0x5af38]


---------------  P R O C E S S  ---------------

Threads class SMR info:
_java_thread_list=0x00000192677944f0, length=17, elements={
0x0000019201ad65e0, 0x0000019220c19960, 0x0000019220c1a5e0, 0x0000019220c2f210,
0x0000019220c2fbd0, 0x0000019220c30590, 0x0000019220c30f50, 0x0000019220c31cf0,
0x0000019220c6bb70, 0x0000019220cb8800, 0x00000192660a4010, 0x00000192660ae7c0,
0x0000019268ac53e0, 0x0000019268ac6820, 0x0000019268ac5e00, 0x0000019268ac6310,
0x0000019268ac3070
}

Java Threads: ( => current thread )
  0x0000019201ad65e0 JavaThread "main" [_thread_in_native, id=11204, stack(0x00000044c3300000,0x00000044c3400000)]
  0x0000019220c19960 JavaThread "Reference Handler" daemon [_thread_blocked, id=20416, stack(0x00000044c3a00000,0x00000044c3b00000)]
  0x0000019220c1a5e0 JavaThread "Finalizer" daemon [_thread_blocked, id=6876, stack(0x00000044c3b00000,0x00000044c3c00000)]
  0x0000019220c2f210 JavaThread "Signal Dispatcher" daemon [_thread_blocked, id=8488, stack(0x00000044c3c00000,0x00000044c3d00000)]
  0x0000019220c2fbd0 JavaThread "Attach Listener" daemon [_thread_blocked, id=13188, stack(0x00000044c3d00000,0x00000044c3e00000)]
  0x0000019220c30590 JavaThread "Service Thread" daemon [_thread_blocked, id=14520, stack(0x00000044c3e00000,0x00000044c3f00000)]
  0x0000019220c30f50 JavaThread "Monitor Deflation Thread" daemon [_thread_blocked, id=8316, stack(0x00000044c3f00000,0x00000044c4000000)]
=>0x0000019220c31cf0 JavaThread "C2 CompilerThread0" daemon [_thread_in_native, id=14320, stack(0x00000044c4000000,0x00000044c4100000)]
  0x0000019220c6bb70 JavaThread "C1 CompilerThread0" daemon [_thread_blocked, id=17272, stack(0x00000044c4100000,0x00000044c4200000)]
  0x0000019220cb8800 JavaThread "Sweeper thread" daemon [_thread_blocked, id=20400, stack(0x00000044c4200000,0x00000044c4300000)]
  0x00000192660a4010 JavaThread "Notification Thread" daemon [_thread_blocked, id=18156, stack(0x00000044c4300000,0x00000044c4400000)]
  0x00000192660ae7c0 JavaThread "Common-Cleaner" daemon [_thread_blocked, id=3692, stack(0x00000044c4500000,0x00000044c4600000)]
  0x0000019268ac53e0 JavaThread "timeout-check-timer" daemon [_thread_blocked, id=14360, stack(0x00000044c4800000,0x00000044c4900000)]
  0x0000019268ac6820 JavaThread "ping-timer-10s" daemon [_thread_blocked, id=6828, stack(0x00000044c4900000,0x00000044c4a00000)]
  0x0000019268ac5e00 JavaThread "ThreadedStreamConsumer" daemon [_thread_blocked, id=5976, stack(0x00000044c4a00000,0x00000044c4b00000)]
  0x0000019268ac6310 JavaThread "fork-1-err-thread" daemon [_thread_in_native, id=18892, stack(0x00000044c4b00000,0x00000044c4c00000)]
  0x0000019268ac3070 JavaThread "commands-fork-1" daemon [_thread_blocked, id=1368, stack(0x00000044c4c00000,0x00000044c4d00000)]

Other Threads:
  0x0000019220c14e50 VMThread "VM Thread" [stack: 0x00000044c3900000,0x00000044c3a00000] [id=19768]
  0x00000192660a8510 WatcherThread [stack: 0x00000044c4400000,0x00000044c4500000] [id=18000]
  0x0000019201b2ae60 GCTaskThread "GC Thread#0" [stack: 0x00000044c3400000,0x00000044c3500000] [id=16872]
  0x0000019266657490 GCTaskThread "GC Thread#1" [stack: 0x00000044c4600000,0x00000044c4700000] [id=7280]
  0x0000019201b3b2b0 ConcurrentGCThread "G1 Main Marker" [stack: 0x00000044c3500000,0x00000044c3600000] [id=6532]
  0x0000019201b3ccd0 ConcurrentGCThread "G1 Conc#0" [stack: 0x00000044c3600000,0x00000044c3700000] [id=13212]
  0x0000019201b98370 ConcurrentGCThread "G1 Refine#0" [stack: 0x00000044c3700000,0x00000044c3800000] [id=15192]
  0x000001926829d870 ConcurrentGCThread "G1 Refine#1" [stack: 0x00000044c4700000,0x00000044c4800000] [id=14340]
  0x0000019220ad0090 ConcurrentGCThread "G1 Service" [stack: 0x00000044c3800000,0x00000044c3900000] [id=13196]

Threads with active compile tasks:
C2 CompilerThread0    53954 6964       4       java.nio.CharBuffer::<init> (24 bytes)

VM state: not at safepoint (normal execution)

VM Mutex/Monitor currently owned by a thread: None

OutOfMemory and StackOverflow Exception counts:
OutOfMemoryError java_heap_errors=1
LinkageErrors=37

Heap address: 0x0000000085800000, size: 1960 MB, Compressed Oops mode: 32-bit

CDS archive(s) mapped at: [0x0000019221000000-0x0000019221bd0000-0x0000019221bd0000), size 12386304, SharedBaseAddress: 0x0000019221000000, ArchiveRelocationMode: 1.
Compressed class space mapped at: 0x0000019222000000-0x0000019262000000, reserved size: 1073741824
Narrow klass base: 0x0000019221000000, Narrow klass shift: 0, Narrow klass range: 0x100000000

GC Precious Log:
 CPUs: 2 total, 2 available
 Memory: 7832M
 Large Page Support: Disabled
 NUMA Support: Disabled
 Compressed Oops: Enabled (32-bit)
 Heap Region Size: 1M
 Heap Min Capacity: 8M
 Heap Initial Capacity: 124M
 Heap Max Capacity: 1960M
 Pre-touch: Disabled
 Parallel Workers: 2
 Concurrent Workers: 1
 Concurrent Refinement Workers: 2
 Periodic GC: Disabled

Heap:
 garbage-first heap   total 211968K, used 61159K [0x0000000085800000, 0x0000000100000000)
  region size 1024K, 6 young (6144K), 3 survivors (3072K)
 Metaspace       used 30508K, committed 30848K, reserved 1114112K
  class space    used 3380K, committed 3520K, reserved 1048576K

Heap Regions: E=young(eden), S=young(survivor), O=old, HS=humongous(starts), HC=humongous(continues), CS=collection set, F=free, OA=open archive, CA=closed archive, TAMS=top-at-mark-start (previous, next)
|   0|0x0000000085800000, 0x0000000085900000, 0x0000000085900000|100%| O|  |TAMS 0x0000000085900000, 0x0000000085800000| Untracked 
|   1|0x0000000085900000, 0x0000000085a00000, 0x0000000085a00000|100%| O|  |TAMS 0x0000000085a00000, 0x0000000085900000| Untracked 
|   2|0x0000000085a00000, 0x0000000085b00000, 0x0000000085b00000|100%| O|  |TAMS 0x0000000085b00000, 0x0000000085a00000| Untracked 
|   3|0x0000000085b00000, 0x0000000085c00000, 0x0000000085c00000|100%| O|  |TAMS 0x0000000085c00000, 0x0000000085b00000| Untracked 
|   4|0x0000000085c00000, 0x0000000085d00000, 0x0000000085d00000|100%| O|  |TAMS 0x0000000085d00000, 0x0000000085c00000| Untracked 
|   5|0x0000000085d00000, 0x0000000085e00000, 0x0000000085e00000|100%| O|  |TAMS 0x0000000085e00000, 0x0000000085d00000| Untracked 
|   6|0x0000000085e00000, 0x0000000085f00000, 0x0000000085f00000|100%| O|  |TAMS 0x0000000085f00000, 0x0000000085e00000| Untracked 
|   7|0x0000000085f00000, 0x0000000086000000, 0x0000000086000000|100%| O|  |TAMS 0x0000000086000000, 0x0000000085f00000| Untracked 
|   8|0x0000000086000000, 0x0000000086100000, 0x0000000086100000|100%| O|  |TAMS 0x0000000086100000, 0x0000000086000000| Untracked 
|   9|0x0000000086100000, 0x0000000086200000, 0x0000000086200000|100%| O|  |TAMS 0x0000000086200000, 0x0000000086100000| Untracked 
|  10|0x0000000086200000, 0x0000000086300000, 0x0000000086300000|100%| O|  |TAMS 0x0000000086300000, 0x0000000086200000| Untracked 
|  11|0x0000000086300000, 0x0000000086400000, 0x0000000086400000|100%| O|  |TAMS 0x0000000086400000, 0x0000000086300000| Untracked 
|  12|0x0000000086400000, 0x0000000086500000, 0x0000000086500000|100%| O|  |TAMS 0x0000000086500000, 0x0000000086400000| Untracked 
|  13|0x0000000086500000, 0x0000000086600000, 0x0000000086600000|100%| O|  |TAMS 0x0000000086600000, 0x0000000086500000| Untracked 
|  14|0x0000000086600000, 0x0000000086700000, 0x0000000086700000|100%| O|  |TAMS 0x0000000086600000, 0x0000000086600000| Untracked 
|  15|0x0000000086700000, 0x0000000086800000, 0x0000000086800000|100%| O|  |TAMS 0x0000000086800000, 0x0000000086700000| Untracked 
|  16|0x0000000086800000, 0x0000000086800000, 0x0000000086900000|  0%| F|  |TAMS 0x0000000086800000, 0x0000000086800000| Untracked 
|  17|0x0000000086900000, 0x0000000086a00000, 0x0000000086a00000|100%| O|  |TAMS 0x0000000086900000, 0x0000000086900000| Untracked 
|  18|0x0000000086a00000, 0x0000000086b00000, 0x0000000086b00000|100%| O|  |TAMS 0x0000000086a00000, 0x0000000086a00000| Untracked 
|  19|0x0000000086b00000, 0x0000000086c00000, 0x0000000086c00000|100%| O|  |TAMS 0x0000000086c00000, 0x0000000086b00000| Untracked 
|  20|0x0000000086c00000, 0x0000000086d00000, 0x0000000086d00000|100%| O|  |TAMS 0x0000000086d00000, 0x0000000086c00000| Untracked 
|  21|0x0000000086d00000, 0x0000000086e00000, 0x0000000086e00000|100%| O|  |TAMS 0x0000000086e00000, 0x0000000086d00000| Untracked 
|  22|0x0000000086e00000, 0x0000000086f00000, 0x0000000086f00000|100%| O|  |TAMS 0x0000000086f00000, 0x0000000086e00000| Untracked 
|  23|0x0000000086f00000, 0x0000000087000000, 0x0000000087000000|100%| O|  |TAMS 0x0000000087000000, 0x0000000086f00000| Untracked 
|  24|0x0000000087000000, 0x0000000087100000, 0x0000000087100000|100%| O|  |TAMS 0x0000000087000000, 0x0000000087000000| Untracked 
|  25|0x0000000087100000, 0x0000000087200000, 0x0000000087200000|100%| O|  |TAMS 0x0000000087100000, 0x0000000087100000| Untracked 
|  26|0x0000000087200000, 0x0000000087300000, 0x0000000087300000|100%| O|  |TAMS 0x0000000087300000, 0x0000000087200000| Untracked 
|  27|0x0000000087300000, 0x0000000087400000, 0x0000000087400000|100%| O|  |TAMS 0x0000000087400000, 0x0000000087300000| Untracked 
|  28|0x0000000087400000, 0x0000000087500000, 0x0000000087500000|100%|HS|  |TAMS 0x0000000087500000, 0x0000000087400000| Complete 
|  29|0x0000000087500000, 0x0000000087500000, 0x0000000087600000|  0%| F|  |TAMS 0x0000000087500000, 0x0000000087500000| Untracked 
|  30|0x0000000087600000, 0x0000000087700000, 0x0000000087700000|100%| O|  |TAMS 0x0000000087600000, 0x0000000087600000| Untracked 
|  31|0x0000000087700000, 0x0000000087800000, 0x0000000087800000|100%| O|  |TAMS 0x0000000087700000, 0x0000000087700000| Untracked 
|  32|0x0000000087800000, 0x0000000087900000, 0x0000000087900000|100%| O|  |TAMS 0x0000000087800000, 0x0000000087800000| Untracked 
|  33|0x0000000087900000, 0x0000000087a00000, 0x0000000087a00000|100%| O|  |TAMS 0x0000000087900000, 0x0000000087900000| Untracked 
|  34|0x0000000087a00000, 0x0000000087b00000, 0x0000000087b00000|100%|HS|  |TAMS 0x0000000087b00000, 0x0000000087a00000| Complete 
|  35|0x0000000087b00000, 0x0000000087c00000, 0x0000000087c00000|100%|HC|  |TAMS 0x0000000087c00000, 0x0000000087b00000| Complete 
|  36|0x0000000087c00000, 0x0000000087d00000, 0x0000000087d00000|100%| O|  |TAMS 0x0000000087d00000, 0x0000000087c00000| Untracked 
|  37|0x0000000087d00000, 0x0000000087e00000, 0x0000000087e00000|100%| O|  |TAMS 0x0000000087e00000, 0x0000000087d00000| Untracked 
|  38|0x0000000087e00000, 0x0000000087f00000, 0x0000000087f00000|100%| O|  |TAMS 0x0000000087f00000, 0x0000000087e00000| Untracked 
|  39|0x0000000087f00000, 0x0000000088000000, 0x0000000088000000|100%|HS|  |TAMS 0x0000000088000000, 0x0000000087f00000| Complete 
|  40|0x0000000088000000, 0x0000000088100000, 0x0000000088100000|100%|HS|  |TAMS 0x0000000088100000, 0x0000000088000000| Complete 
|  41|0x0000000088100000, 0x0000000088200000, 0x0000000088200000|100%| O|  |TAMS 0x0000000088200000, 0x0000000088100000| Untracked 
|  42|0x0000000088200000, 0x0000000088200000, 0x0000000088300000|  0%| F|  |TAMS 0x0000000088200000, 0x0000000088200000| Untracked 
|  43|0x0000000088300000, 0x0000000088300000, 0x0000000088400000|  0%| F|  |TAMS 0x0000000088300000, 0x0000000088300000| Untracked 
|  44|0x0000000088400000, 0x0000000088400000, 0x0000000088500000|  0%| F|  |TAMS 0x0000000088400000, 0x0000000088400000| Untracked 
|  45|0x0000000088500000, 0x0000000088600000, 0x0000000088600000|100%| O|  |TAMS 0x0000000088500000, 0x0000000088500000| Untracked 
|  46|0x0000000088600000, 0x0000000088700000, 0x0000000088700000|100%| O|  |TAMS 0x0000000088600000, 0x0000000088600000| Untracked 
|  47|0x0000000088700000, 0x0000000088700000, 0x0000000088800000|  0%| F|  |TAMS 0x0000000088700000, 0x0000000088700000| Untracked 
|  48|0x0000000088800000, 0x0000000088800000, 0x0000000088900000|  0%| F|  |TAMS 0x0000000088800000, 0x0000000088800000| Untracked 
|  49|0x0000000088900000, 0x0000000088a00000, 0x0000000088a00000|100%| O|  |TAMS 0x0000000088a00000, 0x0000000088900000| Untracked 
|  50|0x0000000088a00000, 0x0000000088b00000, 0x0000000088b00000|100%| O|  |TAMS 0x0000000088b00000, 0x0000000088a00000| Untracked 
|  51|0x0000000088b00000, 0x0000000088c00000, 0x0000000088c00000|100%| O|  |TAMS 0x0000000088c00000, 0x0000000088b00000| Untracked 
|  52|0x0000000088c00000, 0x0000000088d00000, 0x0000000088d00000|100%| O|  |TAMS 0x0000000088d00000, 0x0000000088c00000| Untracked 
|  53|0x0000000088d00000, 0x0000000088e00000, 0x0000000088e00000|100%| O|  |TAMS 0x0000000088e00000, 0x0000000088d00000| Untracked 
|  54|0x0000000088e00000, 0x0000000088f00000, 0x0000000088f00000|100%| O|  |TAMS 0x0000000088f00000, 0x0000000088e00000| Untracked 
|  55|0x0000000088f00000, 0x0000000089000000, 0x0000000089000000|100%| O|  |TAMS 0x0000000089000000, 0x0000000088f00000| Untracked 
|  56|0x0000000089000000, 0x0000000089100000, 0x0000000089100000|100%| O|  |TAMS 0x0000000089100000, 0x0000000089000000| Untracked 
|  57|0x0000000089100000, 0x0000000089200000, 0x0000000089200000|100%| O|  |TAMS 0x0000000089200000, 0x0000000089100000| Untracked 
|  58|0x0000000089200000, 0x0000000089300000, 0x0000000089300000|100%| O|  |TAMS 0x0000000089300000, 0x0000000089200000| Untracked 
|  59|0x0000000089300000, 0x0000000089400000, 0x0000000089400000|100%| O|  |TAMS 0x0000000089400000, 0x0000000089300000| Untracked 
|  60|0x0000000089400000, 0x0000000089500000, 0x0000000089500000|100%| O|  |TAMS 0x0000000089500000, 0x0000000089400000| Untracked 
|  61|0x0000000089500000, 0x0000000089600000, 0x0000000089600000|100%| O|  |TAMS 0x0000000089580000, 0x0000000089500000| Untracked 
|  62|0x0000000089600000, 0x000000008964d600, 0x0000000089700000| 30%| O|  |TAMS 0x0000000089600000, 0x0000000089600000| Untracked 
|  63|0x0000000089700000, 0x0000000089700000, 0x0000000089800000|  0%| F|  |TAMS 0x0000000089700000, 0x0000000089700000| Untracked 
|  64|0x0000000089800000, 0x0000000089800000, 0x0000000089900000|  0%| F|  |TAMS 0x0000000089800000, 0x0000000089800000| Untracked 
|  65|0x0000000089900000, 0x0000000089900000, 0x0000000089a00000|  0%| F|  |TAMS 0x0000000089900000, 0x0000000089900000| Untracked 
|  66|0x0000000089a00000, 0x0000000089a00000, 0x0000000089b00000|  0%| F|  |TAMS 0x0000000089a00000, 0x0000000089a00000| Untracked 
|  67|0x0000000089b00000, 0x0000000089b00000, 0x0000000089c00000|  0%| F|  |TAMS 0x0000000089b00000, 0x0000000089b00000| Untracked 
|  68|0x0000000089c00000, 0x0000000089c00000, 0x0000000089d00000|  0%| F|  |TAMS 0x0000000089c00000, 0x0000000089c00000| Untracked 
|  69|0x0000000089d00000, 0x0000000089d00000, 0x0000000089e00000|  0%| F|  |TAMS 0x0000000089d00000, 0x0000000089d00000| Untracked 
|  70|0x0000000089e00000, 0x0000000089e00000, 0x0000000089f00000|  0%| F|  |TAMS 0x0000000089e00000, 0x0000000089e00000| Untracked 
|  71|0x0000000089f00000, 0x0000000089f00000, 0x000000008a000000|  0%| F|  |TAMS 0x0000000089f00000, 0x0000000089f00000| Untracked 
|  72|0x000000008a000000, 0x000000008a000000, 0x000000008a100000|  0%| F|  |TAMS 0x000000008a000000, 0x000000008a000000| Untracked 
|  73|0x000000008a100000, 0x000000008a100000, 0x000000008a200000|  0%| F|  |TAMS 0x000000008a100000, 0x000000008a100000| Untracked 
|  74|0x000000008a200000, 0x000000008a200000, 0x000000008a300000|  0%| F|  |TAMS 0x000000008a200000, 0x000000008a200000| Untracked 
|  75|0x000000008a300000, 0x000000008a300000, 0x000000008a400000|  0%| F|  |TAMS 0x000000008a300000, 0x000000008a300000| Untracked 
|  76|0x000000008a400000, 0x000000008a400000, 0x000000008a500000|  0%| F|  |TAMS 0x000000008a400000, 0x000000008a400000| Untracked 
|  77|0x000000008a500000, 0x000000008a500000, 0x000000008a600000|  0%| F|  |TAMS 0x000000008a500000, 0x000000008a500000| Untracked 
|  78|0x000000008a600000, 0x000000008a600000, 0x000000008a700000|  0%| F|  |TAMS 0x000000008a600000, 0x000000008a600000| Untracked 
|  79|0x000000008a700000, 0x000000008a700000, 0x000000008a800000|  0%| F|  |TAMS 0x000000008a700000, 0x000000008a700000| Untracked 
|  80|0x000000008a800000, 0x000000008a800000, 0x000000008a900000|  0%| F|  |TAMS 0x000000008a800000, 0x000000008a800000| Untracked 
|  81|0x000000008a900000, 0x000000008a900000, 0x000000008aa00000|  0%| F|  |TAMS 0x000000008a900000, 0x000000008a900000| Untracked 
|  82|0x000000008aa00000, 0x000000008aa00000, 0x000000008ab00000|  0%| F|  |TAMS 0x000000008aa00000, 0x000000008aa00000| Untracked 
|  83|0x000000008ab00000, 0x000000008ab00000, 0x000000008ac00000|  0%| F|  |TAMS 0x000000008ab00000, 0x000000008ab00000| Untracked 
|  84|0x000000008ac00000, 0x000000008ac00000, 0x000000008ad00000|  0%| F|  |TAMS 0x000000008ac00000, 0x000000008ac00000| Untracked 
|  85|0x000000008ad00000, 0x000000008ad00000, 0x000000008ae00000|  0%| F|  |TAMS 0x000000008ad00000, 0x000000008ad00000| Untracked 
|  86|0x000000008ae00000, 0x000000008ae00000, 0x000000008af00000|  0%| F|  |TAMS 0x000000008ae00000, 0x000000008ae00000| Untracked 
|  87|0x000000008af00000, 0x000000008af00000, 0x000000008b000000|  0%| F|  |TAMS 0x000000008af00000, 0x000000008af00000| Untracked 
|  88|0x000000008b000000, 0x000000008b000000, 0x000000008b100000|  0%| F|  |TAMS 0x000000008b000000, 0x000000008b000000| Untracked 
|  89|0x000000008b100000, 0x000000008b100000, 0x000000008b200000|  0%| F|  |TAMS 0x000000008b100000, 0x000000008b100000| Untracked 
|  90|0x000000008b200000, 0x000000008b200000, 0x000000008b300000|  0%| F|  |TAMS 0x000000008b200000, 0x000000008b200000| Untracked 
|  91|0x000000008b300000, 0x000000008b300000, 0x000000008b400000|  0%| F|  |TAMS 0x000000008b300000, 0x000000008b300000| Untracked 
|  92|0x000000008b400000, 0x000000008b400000, 0x000000008b500000|  0%| F|  |TAMS 0x000000008b400000, 0x000000008b400000| Untracked 
|  93|0x000000008b500000, 0x000000008b500000, 0x000000008b600000|  0%| F|  |TAMS 0x000000008b500000, 0x000000008b500000| Untracked 
|  94|0x000000008b600000, 0x000000008b600000, 0x000000008b700000|  0%| F|  |TAMS 0x000000008b600000, 0x000000008b600000| Untracked 
|  95|0x000000008b700000, 0x000000008b700000, 0x000000008b800000|  0%| F|  |TAMS 0x000000008b700000, 0x000000008b700000| Untracked 
|  96|0x000000008b800000, 0x000000008b800000, 0x000000008b900000|  0%| F|  |TAMS 0x000000008b800000, 0x000000008b800000| Untracked 
|  97|0x000000008b900000, 0x000000008b900000, 0x000000008ba00000|  0%| F|  |TAMS 0x000000008b900000, 0x000000008b900000| Untracked 
|  98|0x000000008ba00000, 0x000000008ba00000, 0x000000008bb00000|  0%| F|  |TAMS 0x000000008ba00000, 0x000000008ba00000| Untracked 
|  99|0x000000008bb00000, 0x000000008bb00000, 0x000000008bc00000|  0%| F|  |TAMS 0x000000008bb00000, 0x000000008bb00000| Untracked 
| 100|0x000000008bc00000, 0x000000008bc00000, 0x000000008bd00000|  0%| F|  |TAMS 0x000000008bc00000, 0x000000008bc00000| Untracked 
| 101|0x000000008bd00000, 0x000000008bd00000, 0x000000008be00000|  0%| F|  |TAMS 0x000000008bd00000, 0x000000008bd00000| Untracked 
| 102|0x000000008be00000, 0x000000008be00000, 0x000000008bf00000|  0%| F|  |TAMS 0x000000008be00000, 0x000000008be00000| Untracked 
| 103|0x000000008bf00000, 0x000000008bf00000, 0x000000008c000000|  0%| F|  |TAMS 0x000000008bf00000, 0x000000008bf00000| Untracked 
| 104|0x000000008c000000, 0x000000008c000000, 0x000000008c100000|  0%| F|  |TAMS 0x000000008c000000, 0x000000008c000000| Untracked 
| 105|0x000000008c100000, 0x000000008c100000, 0x000000008c200000|  0%| F|  |TAMS 0x000000008c100000, 0x000000008c100000| Untracked 
| 106|0x000000008c200000, 0x000000008c200000, 0x000000008c300000|  0%| F|  |TAMS 0x000000008c200000, 0x000000008c200000| Untracked 
| 107|0x000000008c300000, 0x000000008c300000, 0x000000008c400000|  0%| F|  |TAMS 0x000000008c300000, 0x000000008c300000| Untracked 
| 108|0x000000008c400000, 0x000000008c400000, 0x000000008c500000|  0%| F|  |TAMS 0x000000008c400000, 0x000000008c400000| Untracked 
| 109|0x000000008c500000, 0x000000008c500000, 0x000000008c600000|  0%| F|  |TAMS 0x000000008c500000, 0x000000008c500000| Untracked 
| 110|0x000000008c600000, 0x000000008c600000, 0x000000008c700000|  0%| F|  |TAMS 0x000000008c600000, 0x000000008c600000| Untracked 
| 111|0x000000008c700000, 0x000000008c700000, 0x000000008c800000|  0%| F|  |TAMS 0x000000008c700000, 0x000000008c700000| Untracked 
| 112|0x000000008c800000, 0x000000008c800000, 0x000000008c900000|  0%| F|  |TAMS 0x000000008c800000, 0x000000008c800000| Untracked 
| 113|0x000000008c900000, 0x000000008c900000, 0x000000008ca00000|  0%| F|  |TAMS 0x000000008c900000, 0x000000008c900000| Untracked 
| 114|0x000000008ca00000, 0x000000008ca00000, 0x000000008cb00000|  0%| F|  |TAMS 0x000000008ca00000, 0x000000008ca00000| Untracked 
| 115|0x000000008cb00000, 0x000000008cb00000, 0x000000008cc00000|  0%| F|  |TAMS 0x000000008cb00000, 0x000000008cb00000| Untracked 
| 116|0x000000008cc00000, 0x000000008cc00000, 0x000000008cd00000|  0%| F|  |TAMS 0x000000008cc00000, 0x000000008cc00000| Untracked 
| 117|0x000000008cd00000, 0x000000008cd00000, 0x000000008ce00000|  0%| F|  |TAMS 0x000000008cd00000, 0x000000008cd00000| Untracked 
| 118|0x000000008ce00000, 0x000000008ce00000, 0x000000008cf00000|  0%| F|  |TAMS 0x000000008ce00000, 0x000000008ce00000| Untracked 
| 119|0x000000008cf00000, 0x000000008cf00000, 0x000000008d000000|  0%| F|  |TAMS 0x000000008cf00000, 0x000000008cf00000| Untracked 
| 120|0x000000008d000000, 0x000000008d000000, 0x000000008d100000|  0%| F|  |TAMS 0x000000008d000000, 0x000000008d000000| Untracked 
| 121|0x000000008d100000, 0x000000008d100000, 0x000000008d200000|  0%| F|  |TAMS 0x000000008d100000, 0x000000008d100000| Untracked 
| 122|0x000000008d200000, 0x000000008d200000, 0x000000008d300000|  0%| F|  |TAMS 0x000000008d200000, 0x000000008d200000| Untracked 
| 123|0x000000008d300000, 0x000000008d300000, 0x000000008d400000|  0%| F|  |TAMS 0x000000008d300000, 0x000000008d300000| Untracked 
| 124|0x000000008d400000, 0x000000008d400000, 0x000000008d500000|  0%| F|  |TAMS 0x000000008d400000, 0x000000008d400000| Untracked 
| 125|0x000000008d500000, 0x000000008d500000, 0x000000008d600000|  0%| F|  |TAMS 0x000000008d500000, 0x000000008d500000| Untracked 
| 126|0x000000008d600000, 0x000000008d600000, 0x000000008d700000|  0%| F|  |TAMS 0x000000008d600000, 0x000000008d600000| Untracked 
| 127|0x000000008d700000, 0x000000008d700000, 0x000000008d800000|  0%| F|  |TAMS 0x000000008d700000, 0x000000008d700000| Untracked 
| 128|0x000000008d800000, 0x000000008d800000, 0x000000008d900000|  0%| F|  |TAMS 0x000000008d800000, 0x000000008d800000| Untracked 
| 129|0x000000008d900000, 0x000000008d900000, 0x000000008da00000|  0%| F|  |TAMS 0x000000008d900000, 0x000000008d900000| Untracked 
| 130|0x000000008da00000, 0x000000008da00000, 0x000000008db00000|  0%| F|  |TAMS 0x000000008da00000, 0x000000008da00000| Untracked 
| 131|0x000000008db00000, 0x000000008db00000, 0x000000008dc00000|  0%| F|  |TAMS 0x000000008db00000, 0x000000008db00000| Untracked 
| 132|0x000000008dc00000, 0x000000008dc00000, 0x000000008dd00000|  0%| F|  |TAMS 0x000000008dc00000, 0x000000008dc00000| Untracked 
| 133|0x000000008dd00000, 0x000000008dd00000, 0x000000008de00000|  0%| F|  |TAMS 0x000000008dd00000, 0x000000008dd00000| Untracked 
| 134|0x000000008de00000, 0x000000008de00000, 0x000000008df00000|  0%| F|  |TAMS 0x000000008de00000, 0x000000008de00000| Untracked 
| 135|0x000000008df00000, 0x000000008df00000, 0x000000008e000000|  0%| F|  |TAMS 0x000000008df00000, 0x000000008df00000| Untracked 
| 136|0x000000008e000000, 0x000000008e000000, 0x000000008e100000|  0%| F|  |TAMS 0x000000008e000000, 0x000000008e000000| Untracked 
| 137|0x000000008e100000, 0x000000008e100000, 0x000000008e200000|  0%| F|  |TAMS 0x000000008e100000, 0x000000008e100000| Untracked 
| 138|0x000000008e200000, 0x000000008e200000, 0x000000008e300000|  0%| F|  |TAMS 0x000000008e200000, 0x000000008e200000| Untracked 
| 139|0x000000008e300000, 0x000000008e300000, 0x000000008e400000|  0%| F|  |TAMS 0x000000008e300000, 0x000000008e300000| Untracked 
| 140|0x000000008e400000, 0x000000008e400000, 0x000000008e500000|  0%| F|  |TAMS 0x000000008e400000, 0x000000008e400000| Untracked 
| 141|0x000000008e500000, 0x000000008e500000, 0x000000008e600000|  0%| F|  |TAMS 0x000000008e500000, 0x000000008e500000| Untracked 
| 142|0x000000008e600000, 0x000000008e600000, 0x000000008e700000|  0%| F|  |TAMS 0x000000008e600000, 0x000000008e600000| Untracked 
| 143|0x000000008e700000, 0x000000008e700000, 0x000000008e800000|  0%| F|  |TAMS 0x000000008e700000, 0x000000008e700000| Untracked 
| 144|0x000000008e800000, 0x000000008e800000, 0x000000008e900000|  0%| F|  |TAMS 0x000000008e800000, 0x000000008e800000| Untracked 
| 145|0x000000008e900000, 0x000000008e900000, 0x000000008ea00000|  0%| F|  |TAMS 0x000000008e900000, 0x000000008e900000| Untracked 
| 146|0x000000008ea00000, 0x000000008ea00000, 0x000000008eb00000|  0%| F|  |TAMS 0x000000008ea00000, 0x000000008ea00000| Untracked 
| 147|0x000000008eb00000, 0x000000008eb6c870, 0x000000008ec00000| 42%| S|CS|TAMS 0x000000008eb00000, 0x000000008eb00000| Complete 
| 148|0x000000008ec00000, 0x000000008ed00000, 0x000000008ed00000|100%| S|CS|TAMS 0x000000008ec00000, 0x000000008ec00000| Complete 
| 149|0x000000008ed00000, 0x000000008ee00000, 0x000000008ee00000|100%| S|CS|TAMS 0x000000008ed00000, 0x000000008ed00000| Complete 
| 150|0x000000008ee00000, 0x000000008ee00000, 0x000000008ef00000|  0%| F|  |TAMS 0x000000008ee00000, 0x000000008ee00000| Untracked 
| 151|0x000000008ef00000, 0x000000008ef00000, 0x000000008f000000|  0%| F|  |TAMS 0x000000008ef00000, 0x000000008ef00000| Untracked 
| 152|0x000000008f000000, 0x000000008f000000, 0x000000008f100000|  0%| F|  |TAMS 0x000000008f000000, 0x000000008f000000| Untracked 
| 153|0x000000008f100000, 0x000000008f100000, 0x000000008f200000|  0%| F|  |TAMS 0x000000008f100000, 0x000000008f100000| Untracked 
| 154|0x000000008f200000, 0x000000008f200000, 0x000000008f300000|  0%| F|  |TAMS 0x000000008f200000, 0x000000008f200000| Untracked 
| 155|0x000000008f300000, 0x000000008f300000, 0x000000008f400000|  0%| F|  |TAMS 0x000000008f300000, 0x000000008f300000| Untracked 
| 156|0x000000008f400000, 0x000000008f400000, 0x000000008f500000|  0%| F|  |TAMS 0x000000008f400000, 0x000000008f400000| Untracked 
| 157|0x000000008f500000, 0x000000008f500000, 0x000000008f600000|  0%| F|  |TAMS 0x000000008f500000, 0x000000008f500000| Untracked 
| 158|0x000000008f600000, 0x000000008f600000, 0x000000008f700000|  0%| F|  |TAMS 0x000000008f600000, 0x000000008f600000| Untracked 
| 159|0x000000008f700000, 0x000000008f700000, 0x000000008f800000|  0%| F|  |TAMS 0x000000008f700000, 0x000000008f700000| Untracked 
| 160|0x000000008f800000, 0x000000008f800000, 0x000000008f900000|  0%| F|  |TAMS 0x000000008f800000, 0x000000008f800000| Untracked 
| 161|0x000000008f900000, 0x000000008f900000, 0x000000008fa00000|  0%| F|  |TAMS 0x000000008f900000, 0x000000008f900000| Untracked 
| 162|0x000000008fa00000, 0x000000008fa00000, 0x000000008fb00000|  0%| F|  |TAMS 0x000000008fa00000, 0x000000008fa00000| Untracked 
| 163|0x000000008fb00000, 0x000000008fb00000, 0x000000008fc00000|  0%| F|  |TAMS 0x000000008fb00000, 0x000000008fb00000| Untracked 
| 164|0x000000008fc00000, 0x000000008fc00000, 0x000000008fd00000|  0%| F|  |TAMS 0x000000008fc00000, 0x000000008fc00000| Untracked 
| 165|0x000000008fd00000, 0x000000008fd00000, 0x000000008fe00000|  0%| F|  |TAMS 0x000000008fd00000, 0x000000008fd00000| Untracked 
| 166|0x000000008fe00000, 0x000000008fe00000, 0x000000008ff00000|  0%| F|  |TAMS 0x000000008fe00000, 0x000000008fe00000| Untracked 
| 167|0x000000008ff00000, 0x000000008ff00000, 0x0000000090000000|  0%| F|  |TAMS 0x000000008ff00000, 0x000000008ff00000| Untracked 
| 168|0x0000000090000000, 0x0000000090000000, 0x0000000090100000|  0%| F|  |TAMS 0x0000000090000000, 0x0000000090000000| Untracked 
| 169|0x0000000090100000, 0x0000000090100000, 0x0000000090200000|  0%| F|  |TAMS 0x0000000090100000, 0x0000000090100000| Untracked 
| 170|0x0000000090200000, 0x0000000090200000, 0x0000000090300000|  0%| F|  |TAMS 0x0000000090200000, 0x0000000090200000| Untracked 
| 171|0x0000000090300000, 0x0000000090300000, 0x0000000090400000|  0%| F|  |TAMS 0x0000000090300000, 0x0000000090300000| Untracked 
| 172|0x0000000090400000, 0x0000000090400000, 0x0000000090500000|  0%| F|  |TAMS 0x0000000090400000, 0x0000000090400000| Untracked 
| 173|0x0000000090500000, 0x0000000090500000, 0x0000000090600000|  0%| F|  |TAMS 0x0000000090500000, 0x0000000090500000| Untracked 
| 174|0x0000000090600000, 0x0000000090600000, 0x0000000090700000|  0%| F|  |TAMS 0x0000000090600000, 0x0000000090600000| Untracked 
| 175|0x0000000090700000, 0x0000000090700000, 0x0000000090800000|  0%| F|  |TAMS 0x0000000090700000, 0x0000000090700000| Untracked 
| 176|0x0000000090800000, 0x0000000090800000, 0x0000000090900000|  0%| F|  |TAMS 0x0000000090800000, 0x0000000090800000| Untracked 
| 177|0x0000000090900000, 0x0000000090900000, 0x0000000090a00000|  0%| F|  |TAMS 0x0000000090900000, 0x0000000090900000| Untracked 
| 178|0x0000000090a00000, 0x0000000090a00000, 0x0000000090b00000|  0%| F|  |TAMS 0x0000000090a00000, 0x0000000090a00000| Untracked 
| 179|0x0000000090b00000, 0x0000000090b00000, 0x0000000090c00000|  0%| F|  |TAMS 0x0000000090b00000, 0x0000000090b00000| Untracked 
| 180|0x0000000090c00000, 0x0000000090c00000, 0x0000000090d00000|  0%| F|  |TAMS 0x0000000090c00000, 0x0000000090c00000| Untracked 
| 181|0x0000000090d00000, 0x0000000090d00000, 0x0000000090e00000|  0%| F|  |TAMS 0x0000000090d00000, 0x0000000090d00000| Untracked 
| 182|0x0000000090e00000, 0x0000000090e00000, 0x0000000090f00000|  0%| F|  |TAMS 0x0000000090e00000, 0x0000000090e00000| Untracked 
| 183|0x0000000090f00000, 0x0000000090f00000, 0x0000000091000000|  0%| F|  |TAMS 0x0000000090f00000, 0x0000000090f00000| Untracked 
| 184|0x0000000091000000, 0x0000000091000000, 0x0000000091100000|  0%| F|  |TAMS 0x0000000091000000, 0x0000000091000000| Untracked 
| 185|0x0000000091100000, 0x0000000091100000, 0x0000000091200000|  0%| F|  |TAMS 0x0000000091100000, 0x0000000091100000| Untracked 
| 186|0x0000000091200000, 0x0000000091200000, 0x0000000091300000|  0%| F|  |TAMS 0x0000000091200000, 0x0000000091200000| Untracked 
| 187|0x0000000091300000, 0x0000000091300000, 0x0000000091400000|  0%| F|  |TAMS 0x0000000091300000, 0x0000000091300000| Untracked 
| 188|0x0000000091400000, 0x0000000091400000, 0x0000000091500000|  0%| F|  |TAMS 0x0000000091400000, 0x0000000091400000| Untracked 
| 189|0x0000000091500000, 0x0000000091500000, 0x0000000091600000|  0%| F|  |TAMS 0x0000000091500000, 0x0000000091500000| Untracked 
| 190|0x0000000091600000, 0x0000000091600000, 0x0000000091700000|  0%| F|  |TAMS 0x0000000091600000, 0x0000000091600000| Untracked 
| 191|0x0000000091700000, 0x0000000091700000, 0x0000000091800000|  0%| F|  |TAMS 0x0000000091700000, 0x0000000091700000| Untracked 
| 192|0x0000000091800000, 0x0000000091800000, 0x0000000091900000|  0%| F|  |TAMS 0x0000000091800000, 0x0000000091800000| Untracked 
| 193|0x0000000091900000, 0x0000000091900000, 0x0000000091a00000|  0%| F|  |TAMS 0x0000000091900000, 0x0000000091900000| Untracked 
| 194|0x0000000091a00000, 0x0000000091a00000, 0x0000000091b00000|  0%| F|  |TAMS 0x0000000091a00000, 0x0000000091a00000| Untracked 
| 195|0x0000000091b00000, 0x0000000091b00000, 0x0000000091c00000|  0%| F|  |TAMS 0x0000000091b00000, 0x0000000091b00000| Untracked 
| 196|0x0000000091c00000, 0x0000000091c00000, 0x0000000091d00000|  0%| F|  |TAMS 0x0000000091c00000, 0x0000000091c00000| Untracked 
| 197|0x0000000091d00000, 0x0000000091d00000, 0x0000000091e00000|  0%| F|  |TAMS 0x0000000091d00000, 0x0000000091d00000| Untracked 
| 198|0x0000000091e00000, 0x0000000091e00000, 0x0000000091f00000|  0%| F|  |TAMS 0x0000000091e00000, 0x0000000091e00000| Untracked 
| 199|0x0000000091f00000, 0x0000000091f00000, 0x0000000092000000|  0%| F|  |TAMS 0x0000000091f00000, 0x0000000091f00000| Untracked 
| 200|0x0000000092000000, 0x0000000092000000, 0x0000000092100000|  0%| F|  |TAMS 0x0000000092000000, 0x0000000092000000| Untracked 
| 201|0x0000000092100000, 0x0000000092100000, 0x0000000092200000|  0%| F|  |TAMS 0x0000000092100000, 0x0000000092100000| Untracked 
| 202|0x0000000092200000, 0x0000000092200000, 0x0000000092300000|  0%| F|  |TAMS 0x0000000092200000, 0x0000000092200000| Untracked 
| 203|0x0000000092300000, 0x0000000092300000, 0x0000000092400000|  0%| F|  |TAMS 0x0000000092300000, 0x0000000092300000| Untracked 
|1957|0x00000000ffd00000, 0x00000000ffd56df0, 0x00000000ffe00000| 33%| E|  |TAMS 0x00000000ffd00000, 0x00000000ffd00000| Complete 
|1958|0x00000000ffe00000, 0x00000000fff00000, 0x00000000fff00000|100%| E|CS|TAMS 0x00000000ffe00000, 0x00000000ffe00000| Complete 
|1959|0x00000000fff00000, 0x0000000100000000, 0x0000000100000000|100%| E|CS|TAMS 0x00000000fff00000, 0x00000000fff00000| Complete 

Card table byte_map: [0x000001921a350000,0x000001921a730000] _byte_map_base: 0x0000019219f24000

Marking Bits (Prev, Next): (CMBitMap*) 0x0000019201b2b4c0, (CMBitMap*) 0x0000019201b2b480
 Prev Bits: [0x000001921c9b0000, 0x000001921e850000)
 Next Bits: [0x000001921ab10000, 0x000001921c9b0000)

Polling page: 0x0000019201ba0000

Metaspace:

Usage:
  Non-class:     26.49 MB used.
      Class:      3.30 MB used.
       Both:     29.79 MB used.

Virtual space:
  Non-class space:       64.00 MB reserved,      26.69 MB ( 42%) committed,  1 nodes.
      Class space:        1.00 GB reserved,       3.44 MB ( <1%) committed,  1 nodes.
             Both:        1.06 GB reserved,      30.12 MB (  3%) committed. 

Chunk freelists:
   Non-Class:  5.36 MB
       Class:  12.59 MB
        Both:  17.95 MB

MaxMetaspaceSize: unlimited
CompressedClassSpaceSize: 1.00 GB
Initial GC threshold: 21.00 MB
Current GC threshold: 45.56 MB
CDS: on
MetaspaceReclaimPolicy: balanced
 - commit_granule_bytes: 65536.
 - commit_granule_words: 8192.
 - virtual_space_node_default_size: 8388608.
 - enlarge_chunks_in_place: 1.
 - new_chunks_are_fully_committed: 0.
 - uncommit_free_chunks: 1.
 - use_allocation_guard: 0.
 - handle_deallocations: 1.


Internal statistics:

num_allocs_failed_limit: 3.
num_arena_births: 248.
num_arena_deaths: 6.
num_vsnodes_births: 2.
num_vsnodes_deaths: 0.
num_space_committed: 500.
num_space_uncommitted: 18.
num_chunks_returned_to_freelist: 95.
num_chunks_taken_from_freelist: 1416.
num_chunk_merges: 25.
num_chunk_splits: 978.
num_chunks_enlarged: 751.
num_inconsistent_stats: 0.

CodeHeap 'non-profiled nmethods': size=120064Kb used=3215Kb max_used=3215Kb free=116848Kb
 bounds [0x0000019212620000, 0x0000019212950000, 0x0000019219b60000]
CodeHeap 'profiled nmethods': size=120000Kb used=12817Kb max_used=14141Kb free=107182Kb
 bounds [0x000001920ab60000, 0x000001920b930000, 0x0000019212090000]
CodeHeap 'non-nmethods': size=5696Kb used=1248Kb max_used=1286Kb free=4447Kb
 bounds [0x0000019212090000, 0x0000019212300000, 0x0000019212620000]
 total_blobs=6579 nmethods=6019 adapters=471
 compilation: enabled
              stopped_count=0, restarted_count=0
 full_count=0

Compilation events (20 events):
Event: 46.323 Thread 0x0000019220c6bb70 nmethod 6954 0x00000192126bbe10 code [0x00000192126bbfa0, 0x00000192126bc058]
Event: 46.829 Thread 0x0000019220c6bb70 6955       1       org.apache.maven.plugin.surefire.booterclient.ForkStarter::access$300 (5 bytes)
Event: 46.829 Thread 0x0000019220c6bb70 nmethod 6955 0x00000192126bbb10 code [0x00000192126bbca0, 0x00000192126bbd58]
Event: 49.257 Thread 0x0000019220c6bb70 6956       3       java.util.concurrent.locks.AbstractQueuedSynchronizer::signalNext (34 bytes)
Event: 49.258 Thread 0x0000019220c6bb70 nmethod 6956 0x000001920b202c10 code [0x000001920b202de0, 0x000001920b203098]
Event: 49.483 Thread 0x0000019220c6bb70 6957       3       java.util.concurrent.ScheduledThreadPoolExecutor$ScheduledFutureTask::getDelay (16 bytes)
Event: 49.483 Thread 0x0000019220c6bb70 nmethod 6957 0x000001920aebdd90 code [0x000001920aebdf40, 0x000001920aebe0c8]
Event: 51.238 Thread 0x0000019220c31cf0 6958       4       sun.nio.cs.SingleByte$Encoder::encode (32 bytes)
Event: 51.240 Thread 0x0000019220c31cf0 nmethod 6958 0x00000192126bb710 code [0x00000192126bb8a0, 0x00000192126bb9b8]
Event: 51.240 Thread 0x0000019220c31cf0 6959       4       org.fusesource.jansi.io.AnsiOutputStream::write (898 bytes)
Event: 51.266 Thread 0x0000019220c31cf0 nmethod 6959 0x00000192126ba090 code [0x00000192126ba2a0, 0x00000192126bafa0]
Event: 51.339 Thread 0x0000019220c6bb70 6960       1       org.apache.maven.plugin.surefire.booterclient.output.ThreadedStreamConsumer$QueueSynchronizer::access$600 (5 bytes)
Event: 51.339 Thread 0x0000019220c6bb70 nmethod 6960 0x00000192126b9d90 code [0x00000192126b9f20, 0x00000192126b9fd8]
Event: 51.349 Thread 0x0000019220c6bb70 6961       3       org.apache.maven.surefire.api.stream.AbstractStreamDecoder::read (102 bytes)
Event: 51.350 Thread 0x0000019220c6bb70 nmethod 6961 0x000001920b4c1f90 code [0x000001920b4c21c0, 0x000001920b4c29e8]
Event: 52.354 Thread 0x0000019220c6bb70 6962       3       org.apache.maven.surefire.api.stream.AbstractStreamDecoder::checkDelimiter (38 bytes)
Event: 52.355 Thread 0x0000019220c6bb70 nmethod 6962 0x000001920ac82f90 code [0x000001920ac83160, 0x000001920ac834b8]
Event: 52.443 Thread 0x0000019220c6bb70 6963       3       jdk.internal.misc.Unsafe::putReferenceOpaque (9 bytes)
Event: 52.443 Thread 0x0000019220c6bb70 nmethod 6963 0x000001920b41f910 code [0x000001920b41faa0, 0x000001920b41fbf8]
Event: 53.703 Thread 0x0000019220c31cf0 6964       4       java.nio.CharBuffer::<init> (24 bytes)

GC Heap History (20 events):
Event: 14.811 GC heap before
{Heap before GC invocations=8 (full 0):
 garbage-first heap   total 102400K, used 84024K [0x0000000085800000, 0x0000000100000000)
  region size 1024K, 58 young (59392K), 6 survivors (6144K)
 Metaspace       used 23910K, committed 24192K, reserved 1114112K
  class space    used 2673K, committed 2752K, reserved 1048576K
}
Event: 14.867 GC heap after
{Heap after GC invocations=9 (full 0):
 garbage-first heap   total 105472K, used 43384K [0x0000000085800000, 0x0000000100000000)
  region size 1024K, 8 young (8192K), 8 survivors (8192K)
 Metaspace       used 23910K, committed 24192K, reserved 1114112K
  class space    used 2673K, committed 2752K, reserved 1048576K
}
Event: 17.175 GC heap before
{Heap before GC invocations=9 (full 0):
 garbage-first heap   total 105472K, used 75128K [0x0000000085800000, 0x0000000100000000)
  region size 1024K, 40 young (40960K), 8 survivors (8192K)
 Metaspace       used 25898K, committed 26240K, reserved 1114112K
  class space    used 2905K, committed 3072K, reserved 1048576K
}
Event: 17.193 GC heap after
{Heap after GC invocations=10 (full 0):
 garbage-first heap   total 105472K, used 45432K [0x0000000085800000, 0x0000000100000000)
  region size 1024K, 2 young (2048K), 2 survivors (2048K)
 Metaspace       used 25898K, committed 26240K, reserved 1114112K
  class space    used 2905K, committed 3072K, reserved 1048576K
}
Event: 19.487 GC heap before
{Heap before GC invocations=10 (full 0):
 garbage-first heap   total 105472K, used 75128K [0x0000000085800000, 0x0000000100000000)
  region size 1024K, 31 young (31744K), 2 survivors (2048K)
 Metaspace       used 27591K, committed 27968K, reserved 1114112K
  class space    used 3075K, committed 3264K, reserved 1048576K
}
Event: 19.498 GC heap after
{Heap after GC invocations=11 (full 0):
 garbage-first heap   total 105472K, used 46435K [0x0000000085800000, 0x0000000100000000)
  region size 1024K, 3 young (3072K), 3 survivors (3072K)
 Metaspace       used 27591K, committed 27968K, reserved 1114112K
  class space    used 3075K, committed 3264K, reserved 1048576K
}
Event: 19.807 GC heap before
{Heap before GC invocations=11 (full 0):
 garbage-first heap   total 105472K, used 57699K [0x0000000085800000, 0x0000000100000000)
  region size 1024K, 13 young (13312K), 3 survivors (3072K)
 Metaspace       used 27633K, committed 27968K, reserved 1114112K
  class space    used 3076K, committed 3264K, reserved 1048576K
}
Event: 19.825 GC heap after
{Heap after GC invocations=12 (full 0):
 garbage-first heap   total 105472K, used 54087K [0x0000000085800000, 0x0000000100000000)
  region size 1024K, 5 young (5120K), 5 survivors (5120K)
 Metaspace       used 27633K, committed 27968K, reserved 1114112K
  class space    used 3076K, committed 3264K, reserved 1048576K
}
Event: 20.455 GC heap before
{Heap before GC invocations=13 (full 0):
 garbage-first heap   total 105472K, used 73543K [0x0000000085800000, 0x0000000100000000)
  region size 1024K, 23 young (23552K), 5 survivors (5120K)
 Metaspace       used 27633K, committed 27968K, reserved 1114112K
  class space    used 3076K, committed 3264K, reserved 1048576K
}
Event: 20.479 GC heap after
{Heap after GC invocations=14 (full 0):
 garbage-first heap   total 105472K, used 63285K [0x0000000085800000, 0x0000000100000000)
  region size 1024K, 3 young (3072K), 3 survivors (3072K)
 Metaspace       used 27633K, committed 27968K, reserved 1114112K
  class space    used 3076K, committed 3264K, reserved 1048576K
}
Event: 20.496 GC heap before
{Heap before GC invocations=14 (full 0):
 garbage-first heap   total 105472K, used 65333K [0x0000000085800000, 0x0000000100000000)
  region size 1024K, 5 young (5120K), 3 survivors (3072K)
 Metaspace       used 27633K, committed 27968K, reserved 1114112K
  class space    used 3076K, committed 3264K, reserved 1048576K
}
Event: 20.508 GC heap after
{Heap after GC invocations=15 (full 0):
 garbage-first heap   total 105472K, used 57856K [0x0000000085800000, 0x0000000100000000)
  region size 1024K, 1 young (1024K), 1 survivors (1024K)
 Metaspace       used 27633K, committed 27968K, reserved 1114112K
  class space    used 3076K, committed 3264K, reserved 1048576K
}
Event: 20.940 GC heap before
{Heap before GC invocations=15 (full 0):
 garbage-first heap   total 105472K, used 74240K [0x0000000085800000, 0x0000000100000000)
  region size 1024K, 17 young (17408K), 1 survivors (1024K)
 Metaspace       used 27644K, committed 27968K, reserved 1114112K
  class space    used 3076K, committed 3264K, reserved 1048576K
}
Event: 20.956 GC heap after
{Heap after GC invocations=16 (full 0):
 garbage-first heap   total 105472K, used 63984K [0x0000000085800000, 0x0000000100000000)
  region size 1024K, 3 young (3072K), 3 survivors (3072K)
 Metaspace       used 27644K, committed 27968K, reserved 1114112K
  class space    used 3076K, committed 3264K, reserved 1048576K
}
Event: 21.822 GC heap before
{Heap before GC invocations=17 (full 0):
 garbage-first heap   total 105472K, used 73200K [0x0000000085800000, 0x0000000100000000)
  region size 1024K, 17 young (17408K), 3 survivors (3072K)
 Metaspace       used 26305K, committed 26816K, reserved 1114112K
  class space    used 2891K, committed 3136K, reserved 1048576K
}
Event: 21.838 GC heap after
{Heap after GC invocations=18 (full 0):
 garbage-first heap   total 105472K, used 62150K [0x0000000085800000, 0x0000000100000000)
  region size 1024K, 3 young (3072K), 3 survivors (3072K)
 Metaspace       used 26305K, committed 26816K, reserved 1114112K
  class space    used 2891K, committed 3136K, reserved 1048576K
}
Event: 21.917 GC heap before
{Heap before GC invocations=18 (full 0):
 garbage-first heap   total 105472K, used 63174K [0x0000000085800000, 0x0000000100000000)
  region size 1024K, 5 young (5120K), 3 survivors (3072K)
 Metaspace       used 26411K, committed 26816K, reserved 1114112K
  class space    used 2904K, committed 3136K, reserved 1048576K
}
Event: 21.928 GC heap after
{Heap after GC invocations=19 (full 0):
 garbage-first heap   total 211968K, used 57119K [0x0000000085800000, 0x0000000100000000)
  region size 1024K, 1 young (1024K), 1 survivors (1024K)
 Metaspace       used 26411K, committed 26816K, reserved 1114112K
  class space    used 2904K, committed 3136K, reserved 1048576K
}
Event: 25.282 GC heap before
{Heap before GC invocations=19 (full 0):
 garbage-first heap   total 211968K, used 113439K [0x0000000085800000, 0x0000000100000000)
  region size 1024K, 57 young (58368K), 1 survivors (1024K)
 Metaspace       used 30321K, committed 30656K, reserved 1114112K
  class space    used 3363K, committed 3520K, reserved 1048576K
}
Event: 25.294 GC heap after
{Heap after GC invocations=20 (full 0):
 garbage-first heap   total 211968K, used 59111K [0x0000000085800000, 0x0000000100000000)
  region size 1024K, 3 young (3072K), 3 survivors (3072K)
 Metaspace       used 30321K, committed 30656K, reserved 1114112K
  class space    used 3363K, committed 3520K, reserved 1048576K
}

Deoptimization events (20 events):
Event: 28.648 Thread 0x0000019268ac5e00 Uncommon trap: trap_request=0xffffffc6 fr.pc=0x00000192126f4250 relative=0x00000000000002f0
Event: 28.648 Thread 0x0000019268ac5e00 Uncommon trap: reason=bimorphic_or_optimized_type_check action=maybe_recompile pc=0x00000192126f4250 method=java.util.regex.Pattern$BmpCharPredicate.lambda$union$2(Ljava/util/regex/Pattern$CharPredicate;I)Z @ 2 c2
Event: 28.648 Thread 0x0000019268ac5e00 DEOPT PACKING pc=0x00000192126f4250 sp=0x00000044c4afe130
Event: 28.648 Thread 0x0000019268ac5e00 DEOPT UNPACKING pc=0x00000192120e239d sp=0x00000044c4afdf78 mode 2
Event: 28.648 Thread 0x0000019268ac5e00 Uncommon trap: trap_request=0xffffffc6 fr.pc=0x00000192126f4250 relative=0x00000000000002f0
Event: 28.648 Thread 0x0000019268ac5e00 Uncommon trap: reason=bimorphic_or_optimized_type_check action=maybe_recompile pc=0x00000192126f4250 method=java.util.regex.Pattern$BmpCharPredicate.lambda$union$2(Ljava/util/regex/Pattern$CharPredicate;I)Z @ 2 c2
Event: 28.648 Thread 0x0000019268ac5e00 DEOPT PACKING pc=0x00000192126f4250 sp=0x00000044c4afe130
Event: 28.648 Thread 0x0000019268ac5e00 DEOPT UNPACKING pc=0x00000192120e239d sp=0x00000044c4afdf78 mode 2
Event: 28.648 Thread 0x0000019268ac5e00 Uncommon trap: trap_request=0xffffffc6 fr.pc=0x00000192126f3950 relative=0x0000000000000290
Event: 28.648 Thread 0x0000019268ac5e00 Uncommon trap: reason=bimorphic_or_optimized_type_check action=maybe_recompile pc=0x00000192126f3950 method=java.util.regex.Pattern$BmpCharPredicate.lambda$union$2(Ljava/util/regex/Pattern$CharPredicate;I)Z @ 2 c2
Event: 28.648 Thread 0x0000019268ac5e00 DEOPT PACKING pc=0x00000192126f3950 sp=0x00000044c4afe0a0
Event: 28.648 Thread 0x0000019268ac5e00 DEOPT UNPACKING pc=0x00000192120e239d sp=0x00000044c4afdf60 mode 2
Event: 29.174 Thread 0x0000019268ac58f0 Uncommon trap: trap_request=0xffffffde fr.pc=0x00000192126a5c9c relative=0x000000000000017c
Event: 29.174 Thread 0x0000019268ac58f0 Uncommon trap: reason=class_check action=maybe_recompile pc=0x00000192126a5c9c method=java.util.concurrent.locks.AbstractQueuedSynchronizer.acquireShared(I)V @ 2 c2
Event: 29.174 Thread 0x0000019268ac58f0 DEOPT PACKING pc=0x00000192126a5c9c sp=0x00000044c4dfeec0
Event: 29.174 Thread 0x0000019268ac58f0 DEOPT UNPACKING pc=0x00000192120e239d sp=0x00000044c4dfee98 mode 2
Event: 32.942 Thread 0x0000019268ac58f0 Uncommon trap: trap_request=0xffffffde fr.pc=0x00000192126a5c9c relative=0x000000000000017c
Event: 32.942 Thread 0x0000019268ac58f0 Uncommon trap: reason=class_check action=maybe_recompile pc=0x00000192126a5c9c method=java.util.concurrent.locks.AbstractQueuedSynchronizer.acquireShared(I)V @ 2 c2
Event: 32.942 Thread 0x0000019268ac58f0 DEOPT PACKING pc=0x00000192126a5c9c sp=0x00000044c4dfeec0
Event: 32.943 Thread 0x0000019268ac58f0 DEOPT UNPACKING pc=0x00000192120e239d sp=0x00000044c4dfee98 mode 2

Classes unloaded (20 events):
Event: 21.072 Thread 0x0000019220c14e50 Unloading class 0x00000192222d27c8 'lombok/javac/apt/MessagerDiagnosticsReceiver'
Event: 21.072 Thread 0x0000019220c14e50 Unloading class 0x00000192222d2420 'lombok/javac/apt/InterceptingJavaFileManager'
Event: 21.072 Thread 0x0000019220c14e50 Unloading class 0x00000192222d2218 'lombok/permit/dummy/Parent'
Event: 21.072 Thread 0x0000019220c14e50 Unloading class 0x00000192222d2000 'lombok/core/CleanupRegistry'
Event: 21.072 Thread 0x0000019220c14e50 Unloading class 0x00000192222d1de8 'lombok/permit/Permit$Fake'
Event: 21.072 Thread 0x0000019220c14e50 Unloading class 0x00000192222d1be8 'lombok/permit/Permit'
Event: 21.072 Thread 0x0000019220c14e50 Unloading class 0x00000192222d18f8 'lombok/javac/apt/LombokProcessor$1'
Event: 21.072 Thread 0x0000019220c14e50 Unloading class 0x00000192222d1700 'lombok/core/DiagnosticsReceiver'
Event: 21.072 Thread 0x0000019220c14e50 Unloading class 0x00000192222d1468 'lombok/javac/apt/LombokProcessor'
Event: 21.072 Thread 0x0000019220c14e50 Unloading class 0x00000192222d1238 'lombok/core/AnnotationProcessor$EcjDescriptor'
Event: 21.072 Thread 0x0000019220c14e50 Unloading class 0x00000192222d1000 'lombok/core/AnnotationProcessor$JavacDescriptor'
Event: 21.072 Thread 0x0000019220c14e50 Unloading class 0x00000192222d0a80 'lombok/core/AnnotationProcessor$ProcessorDescriptor'
Event: 21.072 Thread 0x0000019220c14e50 Unloading class 0x00000192222d0800 'lombok/core/AnnotationProcessor'
Event: 21.072 Thread 0x0000019220c14e50 Unloading class 0x000001922230b000 'lombok/launch/AnnotationProcessorHider$ClaimingProcessor'
Event: 21.073 Thread 0x0000019220c14e50 Unloading class 0x00000192222d0498 'lombok/launch/AnnotationProcessorHider$AstModificationNotifierData'
Event: 21.073 Thread 0x0000019220c14e50 Unloading class 0x00000192222d0218 'lombok/launch/ClassFileMetaData'
Event: 21.073 Thread 0x0000019220c14e50 Unloading class 0x00000192222d0000 'lombok/launch/PackageShader'
Event: 21.073 Thread 0x0000019220c14e50 Unloading class 0x00000192222ac480 'lombok/launch/ShadowClassLoader'
Event: 21.073 Thread 0x0000019220c14e50 Unloading class 0x00000192222ac280 'lombok/launch/Main'
Event: 21.073 Thread 0x0000019220c14e50 Unloading class 0x00000192222ac000 'lombok/launch/AnnotationProcessorHider$AnnotationProcessor'

Classes redefined (0 events):
No events

Internal exceptions (20 events):
Event: 22.893 Thread 0x0000019201ad65e0 Exception <a 'sun/nio/fs/WindowsException'{0x00000000911cae50}> (0x00000000911cae50) 
thrown [s\open\src\hotspot\share\prims\jni.cpp, line 516]
Event: 22.893 Thread 0x0000019201ad65e0 Exception <a 'sun/nio/fs/WindowsException'{0x00000000911cbee0}> (0x00000000911cbee0) 
thrown [s\open\src\hotspot\share\prims\jni.cpp, line 516]
Event: 22.893 Thread 0x0000019201ad65e0 Exception <a 'sun/nio/fs/WindowsException'{0x00000000911cc270}> (0x00000000911cc270) 
thrown [s\open\src\hotspot\share\prims\jni.cpp, line 516]
Event: 22.918 Thread 0x0000019201ad65e0 Exception <a 'sun/nio/fs/WindowsException'{0x00000000910b33d8}> (0x00000000910b33d8) 
thrown [s\open\src\hotspot\share\prims\jni.cpp, line 516]
Event: 22.925 Thread 0x0000019201ad65e0 Exception <a 'sun/nio/fs/WindowsException'{0x00000000910caae0}> (0x00000000910caae0) 
thrown [s\open\src\hotspot\share\prims\jni.cpp, line 516]
Event: 22.930 Thread 0x0000019201ad65e0 Exception <a 'sun/nio/fs/WindowsException'{0x00000000910e2c88}> (0x00000000910e2c88) 
thrown [s\open\src\hotspot\share\prims\jni.cpp, line 516]
Event: 22.931 Thread 0x0000019201ad65e0 Exception <a 'sun/nio/fs/WindowsException'{0x00000000910e3458}> (0x00000000910e3458) 
thrown [s\open\src\hotspot\share\prims\jni.cpp, line 516]
Event: 22.931 Thread 0x0000019201ad65e0 Exception <a 'sun/nio/fs/WindowsException'{0x00000000910e3a18}> (0x00000000910e3a18) 
thrown [s\open\src\hotspot\share\prims\jni.cpp, line 516]
Event: 22.931 Thread 0x0000019201ad65e0 Exception <a 'sun/nio/fs/WindowsException'{0x00000000910e41a8}> (0x00000000910e41a8) 
thrown [s\open\src\hotspot\share\prims\jni.cpp, line 516]
Event: 22.931 Thread 0x0000019201ad65e0 Exception <a 'sun/nio/fs/WindowsException'{0x00000000910e4568}> (0x00000000910e4568) 
thrown [s\open\src\hotspot\share\prims\jni.cpp, line 516]
Event: 22.931 Thread 0x0000019201ad65e0 Exception <a 'sun/nio/fs/WindowsException'{0x00000000910e5230}> (0x00000000910e5230) 
thrown [s\open\src\hotspot\share\prims\jni.cpp, line 516]
Event: 22.931 Thread 0x0000019201ad65e0 Exception <a 'sun/nio/fs/WindowsException'{0x00000000910e5578}> (0x00000000910e5578) 
thrown [s\open\src\hotspot\share\prims\jni.cpp, line 516]
Event: 22.931 Thread 0x0000019201ad65e0 Exception <a 'sun/nio/fs/WindowsException'{0x00000000910e6238}> (0x00000000910e6238) 
thrown [s\open\src\hotspot\share\prims\jni.cpp, line 516]
Event: 24.046 Thread 0x0000019268ac44b0 Exception <a 'java/lang/NoSuchMethodError'{0x000000008fca0d58}: 'java.lang.Object java.lang.invoke.DirectMethodHandle$Holder.invokeStaticInit(java.lang.Object, java.lang.Object, long, java.lang.Object)'> (0x000000008fca0d58) 
thrown [s\open\src\hotspot\share\interpreter\linkResolver.cpp, line 759]
Event: 24.047 Thread 0x0000019268ac44b0 Exception <a 'java/lang/NoSuchMethodError'{0x000000008fca7498}: 'java.lang.Object java.lang.invoke.DirectMethodHandle$Holder.newInvokeSpecial(java.lang.Object, java.lang.Object, long)'> (0x000000008fca7498) 
thrown [s\open\src\hotspot\share\interpreter\linkResolver.cpp, line 759]
Event: 24.048 Thread 0x0000019268ac44b0 Exception <a 'java/lang/NoSuchMethodError'{0x000000008fcab008}: 'java.lang.Object java.lang.invoke.Invokers$Holder.linkToTargetMethod(java.lang.Object, long, java.lang.Object)'> (0x000000008fcab008) 
thrown [s\open\src\hotspot\share\interpreter\linkResolver.cpp, line 759]
Event: 24.259 Thread 0x0000019201ad65e0 Exception <a 'java/lang/NoSuchMethodError'{0x000000008fa259c8}: 'java.lang.Object java.lang.invoke.DirectMethodHandle$Holder.invokeStaticInit(java.lang.Object, java.lang.Object, int, int, int, int)'> (0x000000008fa259c8) 
thrown [s\open\src\hotspot\share\interpreter\linkResolver.cpp, line 759]
Event: 25.091 Thread 0x0000019201ad65e0 Exception <a 'java/lang/NoSuchMethodError'{0x000000008ef875e8}: 'void java.lang.invoke.DirectMethodHandle$Holder.invokeStatic(java.lang.Object, long)'> (0x000000008ef875e8) 
thrown [s\open\src\hotspot\share\interpreter\linkResolver.cpp, line 759]
Event: 25.092 Thread 0x0000019201ad65e0 Exception <a 'java/lang/NoSuchMethodError'{0x000000008ef8cc38}: 'java.lang.Object java.lang.invoke.DirectMethodHandle$Holder.newInvokeSpecial(java.lang.Object, long)'> (0x000000008ef8cc38) 
thrown [s\open\src\hotspot\share\interpreter\linkResolver.cpp, line 759]
Event: 53.689 Thread 0x0000019268ac58f0 Exception <a 'java/lang/OutOfMemoryError'{0x00000000fffa5470}> (0x00000000fffa5470) 
thrown [s\open\src\hotspot\share\prims\jni.cpp, line 535]

VM Operations (20 events):
Event: 24.857 Executing VM operation: HandshakeAllThreads
Event: 24.857 Executing VM operation: HandshakeAllThreads done
Event: 24.859 Executing VM operation: HandshakeAllThreads
Event: 24.859 Executing VM operation: HandshakeAllThreads done
Event: 25.100 Executing VM operation: HandshakeAllThreads
Event: 25.100 Executing VM operation: HandshakeAllThreads done
Event: 25.100 Executing VM operation: Cleanup
Event: 25.100 Executing VM operation: Cleanup done
Event: 25.108 Executing VM operation: HandshakeAllThreads
Event: 25.108 Executing VM operation: HandshakeAllThreads done
Event: 25.275 Executing VM operation: G1CollectForAllocation
Event: 25.305 Executing VM operation: G1CollectForAllocation done
Event: 26.306 Executing VM operation: Cleanup
Event: 26.306 Executing VM operation: Cleanup done
Event: 28.317 Executing VM operation: Cleanup
Event: 28.317 Executing VM operation: Cleanup done
Event: 29.322 Executing VM operation: Cleanup
Event: 29.322 Executing VM operation: Cleanup done
Event: 52.510 Executing VM operation: Cleanup
Event: 52.510 Executing VM operation: Cleanup done

Events (20 events):
Event: 25.093 loading class java/lang/Process$PipeInputStream done
Event: 25.100 loading class jdk/internal/event/ProcessStartEvent
Event: 25.100 loading class jdk/internal/event/ProcessStartEvent done
Event: 25.101 loading class java/nio/channels/ClosedChannelException
Event: 25.101 loading class java/nio/channels/ClosedChannelException done
Event: 25.108 loading class java/nio/channels/NonReadableChannelException
Event: 25.109 loading class java/nio/channels/NonReadableChannelException done
Event: 25.111 loading class java/nio/channels/NonWritableChannelException
Event: 25.111 loading class java/nio/channels/NonWritableChannelException done
Event: 25.200 Thread 0x0000019268ac6310 Thread added: 0x0000019268ac6310
Event: 25.201 Thread 0x0000019268ac3070 Thread added: 0x0000019268ac3070
Event: 25.218 Thread 0x0000019268ac58f0 Thread added: 0x0000019268ac58f0
Event: 25.307 loading class java/util/Scanner
Event: 25.308 loading class java/util/Scanner done
Event: 25.311 loading class java/util/Scanner$PatternLRUCache
Event: 25.311 loading class java/util/Scanner$PatternLRUCache done
Event: 53.692 loading class java/lang/Throwable$WrappedPrintStream
Event: 53.692 loading class java/lang/Throwable$PrintStreamOrWriter
Event: 53.692 loading class java/lang/Throwable$PrintStreamOrWriter done
Event: 53.692 loading class java/lang/Throwable$WrappedPrintStream done


Dynamic libraries:
0x00007ff6801f0000 - 0x00007ff680200000 	C:\Program Files\Java\jdk-17\bin\java.exe
0x00007ffce60d0000 - 0x00007ffce62e7000 	C:\Windows\SYSTEM32\ntdll.dll
0x00007ffce4ea0000 - 0x00007ffce4f64000 	C:\Windows\System32\KERNEL32.DLL
0x00007ffce3640000 - 0x00007ffce39fa000 	C:\Windows\System32\KERNELBASE.dll
0x00007ffce3a80000 - 0x00007ffce3b91000 	C:\Windows\System32\ucrtbase.dll
0x00007ffcb6db0000 - 0x00007ffcb6dc9000 	C:\Program Files\Java\jdk-17\bin\jli.dll
0x00007ffce56e0000 - 0x00007ffce5792000 	C:\Windows\System32\ADVAPI32.dll
0x00007ffce5fe0000 - 0x00007ffce6087000 	C:\Windows\System32\msvcrt.dll
0x00007ffcb6dd0000 - 0x00007ffcb6deb000 	C:\Program Files\Java\jdk-17\bin\VCRUNTIME140.dll
0x00007ffce3ff0000 - 0x00007ffce4097000 	C:\Windows\System32\sechost.dll
0x00007ffce3cf0000 - 0x00007ffce3d18000 	C:\Windows\System32\bcrypt.dll
0x00007ffce49d0000 - 0x00007ffce4ae4000 	C:\Windows\System32\RPCRT4.dll
0x00007ffce4f70000 - 0x00007ffce511e000 	C:\Windows\System32\USER32.dll
0x00007ffce3ba0000 - 0x00007ffce3bc6000 	C:\Windows\System32\win32u.dll
0x00007ffce3eb0000 - 0x00007ffce3ed9000 	C:\Windows\System32\GDI32.dll
0x00007ffce3bd0000 - 0x00007ffce3ceb000 	C:\Windows\System32\gdi32full.dll
0x00007ffce3d20000 - 0x00007ffce3dba000 	C:\Windows\System32\msvcp_win.dll
0x00007ffcd24f0000 - 0x00007ffcd2782000 	C:\Windows\WinSxS\amd64_microsoft.windows.common-controls_6595b64144ccf1df_6.0.22621.4541_none_2710d1c57384c085\COMCTL32.dll
0x00007ffcd53d0000 - 0x00007ffcd53da000 	C:\Windows\SYSTEM32\VERSION.dll
0x00007ffce4b70000 - 0x00007ffce4ba1000 	C:\Windows\System32\IMM32.DLL
0x00007ffcd2420000 - 0x00007ffcd242c000 	C:\Program Files\Java\jdk-17\bin\vcruntime140_1.dll
0x00007ffc7bcb0000 - 0x00007ffc7bd3e000 	C:\Program Files\Java\jdk-17\bin\msvcp140.dll
0x00007ffc3d2c0000 - 0x00007ffc3dea0000 	C:\Program Files\Java\jdk-17\bin\server\jvm.dll
0x00007ffce3ef0000 - 0x00007ffce3ef8000 	C:\Windows\System32\PSAPI.DLL
0x00007ffcc6880000 - 0x00007ffcc6889000 	C:\Windows\SYSTEM32\WSOCK32.dll
0x00007ffce4af0000 - 0x00007ffce4b61000 	C:\Windows\System32\WS2_32.dll
0x00007ffcda5b0000 - 0x00007ffcda5e4000 	C:\Windows\SYSTEM32\WINMM.dll
0x00007ffce2390000 - 0x00007ffce23a8000 	C:\Windows\SYSTEM32\kernel.appcore.dll
0x00007ffcb6da0000 - 0x00007ffcb6daa000 	C:\Program Files\Java\jdk-17\bin\jimage.dll
0x00007ffce0bf0000 - 0x00007ffce0e22000 	C:\Windows\SYSTEM32\DBGHELP.DLL
0x00007ffce5180000 - 0x00007ffce5511000 	C:\Windows\System32\combase.dll
0x00007ffce3dd0000 - 0x00007ffce3ea7000 	C:\Windows\System32\OLEAUT32.dll
0x00007ffcd1f20000 - 0x00007ffcd1f52000 	C:\Windows\SYSTEM32\dbgcore.DLL
0x00007ffce3390000 - 0x00007ffce340b000 	C:\Windows\System32\bcryptPrimitives.dll
0x00007ffc80d70000 - 0x00007ffc80d95000 	C:\Program Files\Java\jdk-17\bin\java.dll
0x00007ffc7b6e0000 - 0x00007ffc7b7b7000 	C:\Program Files\Java\jdk-17\bin\jsvml.dll
0x00007ffce4150000 - 0x00007ffce49c9000 	C:\Windows\System32\SHELL32.dll
0x00007ffce1280000 - 0x00007ffce1b89000 	C:\Windows\SYSTEM32\windows.storage.dll
0x00007ffce1140000 - 0x00007ffce127f000 	C:\Windows\SYSTEM32\wintypes.dll
0x00007ffce4c20000 - 0x00007ffce4d1a000 	C:\Windows\System32\SHCORE.dll
0x00007ffce5120000 - 0x00007ffce517e000 	C:\Windows\System32\shlwapi.dll
0x00007ffce32c0000 - 0x00007ffce32eb000 	C:\Windows\SYSTEM32\profapi.dll
0x00007ffc80d50000 - 0x00007ffc80d69000 	C:\Program Files\Java\jdk-17\bin\net.dll
0x00007ffcd9c80000 - 0x00007ffcd9db6000 	C:\Windows\SYSTEM32\WINHTTP.dll
0x00007ffce2810000 - 0x00007ffce2879000 	C:\Windows\system32\mswsock.dll
0x00007ffc7db00000 - 0x00007ffc7db16000 	C:\Program Files\Java\jdk-17\bin\nio.dll
0x00007ffc7d1e0000 - 0x00007ffc7d1f8000 	C:\Program Files\Java\jdk-17\bin\zip.dll
0x0000000069ac0000 - 0x0000000069ae4000 	C:\Apache-maven\apache-maven-3.8.8\lib\jansi-native\Windows\x86_64\jansi.dll
0x00007ffc81430000 - 0x00007ffc81440000 	C:\Program Files\Java\jdk-17\bin\verify.dll
0x00007ffce2a40000 - 0x00007ffce2a5b000 	C:\Windows\SYSTEM32\CRYPTSP.dll
0x00007ffce22f0000 - 0x00007ffce2325000 	C:\Windows\system32\rsaenh.dll
0x00007ffce28d0000 - 0x00007ffce28f8000 	C:\Windows\SYSTEM32\USERENV.dll
0x00007ffce2a30000 - 0x00007ffce2a3c000 	C:\Windows\SYSTEM32\CRYPTBASE.dll
0x00007ffce1e30000 - 0x00007ffce1e5d000 	C:\Windows\SYSTEM32\IPHLPAPI.DLL
0x00007ffce3f00000 - 0x00007ffce3f09000 	C:\Windows\System32\NSI.dll
0x00007ffcd9c60000 - 0x00007ffcd9c79000 	C:\Windows\SYSTEM32\dhcpcsvc6.DLL
0x00007ffcd9c40000 - 0x00007ffcd9c5f000 	C:\Windows\SYSTEM32\dhcpcsvc.DLL
0x00007ffce1eb0000 - 0x00007ffce1fb2000 	C:\Windows\SYSTEM32\DNSAPI.dll

dbghelp: loaded successfully - version: 4.0.5 - missing functions: none
symbol engine: initialized successfully - sym options: 0x614 - pdb path: .;C:\Program Files\Java\jdk-17\bin;C:\Windows\SYSTEM32;C:\Windows\WinSxS\amd64_microsoft.windows.common-controls_6595b64144ccf1df_6.0.22621.4541_none_2710d1c57384c085;C:\Program Files\Java\jdk-17\bin\server;C:\Apache-maven\apache-maven-3.8.8\lib\jansi-native\Windows\x86_64

VM Arguments:
jvm_args: -Dclassworlds.conf=C:\Apache-maven\apache-maven-3.8.8\bin\m2.conf -Dmaven.home=C:\Apache-maven\apache-maven-3.8.8 -Dlibrary.jansi.path=C:\Apache-maven\apache-maven-3.8.8\lib\jansi-native -Dmaven.multiModuleProjectDirectory=D:\examen devops\gestion_emploi_du_temps\gestion_emploi_du_temps 
java_command: org.codehaus.plexus.classworlds.launcher.Launcher clean install
java_class_path (initial): C:\Apache-maven\apache-maven-3.8.8\boot\plexus-classworlds-2.6.0.jar
Launcher Type: SUN_STANDARD

[Global flags]
     intx CICompilerCount                          = 2                                         {product} {ergonomic}
     uint ConcGCThreads                            = 1                                         {product} {ergonomic}
     uint G1ConcRefinementThreads                  = 2                                         {product} {ergonomic}
   size_t G1HeapRegionSize                         = 1048576                                   {product} {ergonomic}
    uintx GCDrainStackTargetSize                   = 64                                        {product} {ergonomic}
   size_t InitialHeapSize                          = 130023424                                 {product} {ergonomic}
   size_t MarkStackSize                            = 4194304                                   {product} {ergonomic}
   size_t MaxHeapSize                              = 2055208960                                {product} {ergonomic}
   size_t MaxNewSize                               = 1233125376                                {product} {ergonomic}
   size_t MinHeapDeltaBytes                        = 1048576                                   {product} {ergonomic}
   size_t MinHeapSize                              = 8388608                                   {product} {ergonomic}
    uintx NonNMethodCodeHeapSize                   = 5826188                                {pd product} {ergonomic}
    uintx NonProfiledCodeHeapSize                  = 122916026                              {pd product} {ergonomic}
    uintx ProfiledCodeHeapSize                     = 122916026                              {pd product} {ergonomic}
    uintx ReservedCodeCacheSize                    = 251658240                              {pd product} {ergonomic}
     bool SegmentedCodeCache                       = true                                      {product} {ergonomic}
   size_t SoftMaxHeapSize                          = 2055208960                             {manageable} {ergonomic}
     bool UseCompressedClassPointers               = true                           {product lp64_product} {ergonomic}
     bool UseCompressedOops                        = true                           {product lp64_product} {ergonomic}
     bool UseG1GC                                  = true                                      {product} {ergonomic}
     bool UseLargePagesIndividualAllocation        = false                                  {pd product} {ergonomic}

Logging:
Log output configuration:
 #0: stdout all=warning uptime,level,tags
 #1: stderr all=off uptime,level,tags

Environment Variables:
PATH=C:\ORACLEC19\BASEC19\bin;C:\app\AHMADOU\product\23ai\dbhomeFree\bin;C:\ORACLE19CC\BASE19CC\bin;C:\oracle19C\BASE1\bin;C:\Oracle\BASE\bin;C:\Program Files\Common Files\Oracle\Java\javapath;C:\Windows\system32;C:\Windows;C:\Windows\System32\Wbem;C:\Windows\System32\WindowsPowerShell\v1.0\;C:\Windows\System32\OpenSSH\;%JAVAHOME%\bin;C:\Users\AHMADOU\Downloads\apache-maven-3.9.9\bin;C:\Users\AHMADOU\Downloads\apache-maven-3.9.9\bin;C:\Program Files\Docker\Docker\resources\bin;C:\Users\AHMADOU\AppData\Local\Flutter\flutter\bin;C:\Users\AHMADOU\AppData\Roaming\nvm;C:\Program Files\nodejs;C:\Users\AHMADOU\AppData\Roaming\nvm;C:\composer;C:\Program Files\nodejs\;C:\Users\AHMADOU\AppData\Local\Programs\Python\Python313\python.exe;C:\Program Files\dotnet\;C:\Program Files\Git\cmd;C:\php;C:\ANDROIDEM\cmdline-tools\bin;C:\ANDROIDEM\platform-tools;C:\Apache-maven\apache-maven-3.8.8\bin;C:\Program Files\MySQL\MySQL Shell 8.0\bin\;C:\Users\AHMADOU\AppData\Local\Programs\Python\Launcher\;C:\Users\AHMADOU\AppData\Local\Microsoft\WindowsApps;C:\Users\AHMADOU\AppData\Local\Programs\Microsoft VS Code\bin;C:\wamp64\bin\mysql\mysql8.3.0\bin;C:\Program Files\JetBrains\IntelliJ IDEA 2024.3\bin;;C:\Users\AHMADOU\AppData\Roaming\Composer\vendor\bin;C:\Users\AHMADOU\AppData\Local\Flutter\flutter\bin;C:\Users\AHMADOU\AppData\Roaming\nvm;C:\Program Files\nodejs;C:\Users\AHMADOU\AppData\Roaming\npm;C:\Program Files\PostgreSQL\17\bin;C:\Users\AHMADOU\.dotnet\tools;C:\Program Files\MySQL\MySQL Server 8.0\bin;C:\php;C:\ANDROIDEM\cmdline-tools\bin;C:\ANDROIDEM\platform-tools;
USERNAME=AHMADOU
OS=Windows_NT
PROCESSOR_IDENTIFIER=Intel64 Family 6 Model 122 Stepping 8, GenuineIntel



---------------  S Y S T E M  ---------------

OS:
 Windows 11 , 64 bit Build 22621 (10.0.22621.4391)
OS uptime: 0 days 8:33 hours
Hyper-V role detected

CPU: total 2 (initial active 2) (2 cores per cpu, 1 threads per core) family 6 model 122 stepping 8 microcode 0x20, cx8, cmov, fxsr, mmx, 3dnowpref, sse, sse2, sse3, ssse3, sse4.1, sse4.2, popcnt, tsc, tscinvbit, aes, erms, clmul, sha, clflush, clflushopt, hv

Memory: 4k page, system-wide physical 7832M (360M free)
TotalPageFile size 17924M (AvailPageFile size 4M)
current process WorkingSet (physical memory assigned to process): 272M, peak: 290M
current process commit charge ("private bytes"): 346M, peak: 366M

vm_info: Java HotSpot(TM) 64-Bit Server VM (17.0.12+8-LTS-286) for windows-amd64 JRE (17.0.12+8-LTS-286), built on Jun  5 2024 06:46:59 by "mach5one" with MS VC++ 17.6 (VS2022)

END.
