#
# There is insufficient memory for the Java Runtime Environment to continue.
# Native memory allocation (mmap) failed to map 2031616 bytes for G1 virtual space
# Possible reasons:
#   The system is out of physical RAM or swap space
#   The process is running with CompressedOops enabled, and the Java Heap may be blocking the growth of the native heap
# Possible solutions:
#   Reduce memory load on the system
#   Increase physical memory or swap space
#   Check if swap backing store is full
#   Decrease Java heap size (-Xmx/-Xms)
#   Decrease number of Java threads
#   Decrease Java thread stack sizes (-Xss)
#   Set larger code cache with -XX:ReservedCodeCacheSize=
#   JVM is running with Unscaled Compressed Oops mode in which the Java heap is
#     placed in the first 4GB address space. The Java Heap base address is the
#     maximum limit for the native heap growth. Please use -XX:HeapBaseMinAddress
#     to set the Java Heap base and to place the Java Heap above 4GB virtual address.
# This output file may be truncated or incomplete.
#
#  Out of Memory Error (os_windows.cpp:3548), pid=14436, tid=17960
#
# JRE version:  (17.0.12+8) (build )
# Java VM: Java HotSpot(TM) 64-Bit Server VM (17.0.12+8-LTS-286, mixed mode, sharing, tiered, compressed oops, compressed class ptrs, g1 gc, windows-amd64)
# No core dump will be written. Minidumps are not enabled by default on client versions of Windows
#

---------------  S U M M A R Y ------------

Command Line: -Dclassworlds.conf=C:\Apache-maven\apache-maven-3.8.8\bin\m2.conf -Dmaven.home=C:\Apache-maven\apache-maven-3.8.8 -Dlibrary.jansi.path=C:\Apache-maven\apache-maven-3.8.8\lib\jansi-native -Dmaven.multiModuleProjectDirectory=D:\examen devops\Gestion-etablissements\BACK-END\gestion_emploi_du_temps\gestion_emploi_du_temps org.codehaus.plexus.classworlds.launcher.Launcher spring-boot:run

Host: Intel(R) Celeron(R) N4020 CPU @ 1.10GHz, 2 cores, 7G,  Windows 11 , 64 bit Build 22621 (10.0.22621.4391)
Time: Thu Mar  6 02:18:17 2025 Greenwich elapsed time: 0.360598 seconds (0d 0h 0m 0s)

---------------  T H R E A D  ---------------

Current thread (0x000001e0df176a80):  JavaThread "Unknown thread" [_thread_in_vm, id=17960, stack(0x0000004bcf000000,0x0000004bcf100000)]

Stack: [0x0000004bcf000000,0x0000004bcf100000]
Native frames: (J=compiled Java code, j=interpreted, Vv=VM code, C=native code)
V  [jvm.dll+0x67a04a]
V  [jvm.dll+0x7da4ed]
V  [jvm.dll+0x7dbe33]
V  [jvm.dll+0x7dc4a3]
V  [jvm.dll+0x24508f]
V  [jvm.dll+0x677089]
V  [jvm.dll+0x66bd32]
V  [jvm.dll+0x301fa6]
V  [jvm.dll+0x309546]
V  [jvm.dll+0x359d58]
V  [jvm.dll+0x359f5f]
V  [jvm.dll+0x2d9078]
V  [jvm.dll+0x2d9fe4]
V  [jvm.dll+0x7aca21]
V  [jvm.dll+0x367591]
V  [jvm.dll+0x78b999]
V  [jvm.dll+0x3ec83f]
V  [jvm.dll+0x3ee471]
C  [jli.dll+0x5297]
C  [ucrtbase.dll+0x29333]
C  [KERNEL32.DLL+0x1259d]
C  [ntdll.dll+0x5af38]


---------------  P R O C E S S  ---------------

Threads class SMR info:
_java_thread_list=0x00007ffaf70d7a18, length=0, elements={
}

Java Threads: ( => current thread )

Other Threads:
  0x000001e0df1c9fa0 GCTaskThread "GC Thread#0" [stack: 0x0000004bcf200000,0x0000004bcf300000] [id=4724]
  0x000001e0df1db800 ConcurrentGCThread "G1 Main Marker" [stack: 0x0000004bcf300000,0x0000004bcf400000] [id=12376]
  0x000001e0df1dc210 ConcurrentGCThread "G1 Conc#0" [stack: 0x0000004bcf400000,0x0000004bcf500000] [id=17008]

[error occurred during error reporting (printing all threads), id 0xc0000005, EXCEPTION_ACCESS_VIOLATION (0xc0000005) at pc=0x00007ffaf6909b67]

VM state: not at safepoint (not fully initialized)

VM Mutex/Monitor currently owned by a thread:  ([mutex/lock_event])
[0x000001e0df173310] Heap_lock - owner thread: 0x000001e0df176a80

Heap address: 0x0000000085800000, size: 1960 MB, Compressed Oops mode: 32-bit

CDS archive(s) mapped at: [0x0000000000000000-0x0000000000000000-0x0000000000000000), size 0, SharedBaseAddress: 0x0000000800000000, ArchiveRelocationMode: 1.
Narrow klass base: 0x0000000000000000, Narrow klass shift: 0, Narrow klass range: 0x0

GC Precious Log:
<Empty>

Heap:
 garbage-first heap   total 0K, used 0K [0x0000000085800000, 0x0000000100000000)
  region size 1024K, 0 young (0K), 0 survivors (0K)

[error occurred during error reporting (printing heap information), id 0xc0000005, EXCEPTION_ACCESS_VIOLATION (0xc0000005) at pc=0x00007ffaf6cf3859]

GC Heap History (0 events):
No events

Deoptimization events (0 events):
No events

Classes unloaded (0 events):
No events

Classes redefined (0 events):
No events

Internal exceptions (0 events):
No events

VM Operations (0 events):
No events

Events (1 events):
Event: 0.043 Loaded shared library C:\Program Files\Java\jdk-17\bin\java.dll


Dynamic libraries:
0x00007ff6448f0000 - 0x00007ff644900000 	C:\Program Files\Java\jdk-17\bin\java.exe
0x00007ffb9c670000 - 0x00007ffb9c887000 	C:\Windows\SYSTEM32\ntdll.dll
0x00007ffb9bb30000 - 0x00007ffb9bbf4000 	C:\Windows\System32\KERNEL32.DLL
0x00007ffb99d10000 - 0x00007ffb9a0ca000 	C:\Windows\System32\KERNELBASE.dll
0x00007ffb9a240000 - 0x00007ffb9a351000 	C:\Windows\System32\ucrtbase.dll
0x00007ffb83840000 - 0x00007ffb83859000 	C:\Program Files\Java\jdk-17\bin\jli.dll
0x00007ffb9a700000 - 0x00007ffb9a7b2000 	C:\Windows\System32\ADVAPI32.dll
0x00007ffb9c0f0000 - 0x00007ffb9c197000 	C:\Windows\System32\msvcrt.dll
0x00007ffb9c040000 - 0x00007ffb9c0e7000 	C:\Windows\System32\sechost.dll
0x00007ffb99cb0000 - 0x00007ffb99cd8000 	C:\Windows\System32\bcrypt.dll
0x00007ffb9b0d0000 - 0x00007ffb9b1e4000 	C:\Windows\System32\RPCRT4.dll
0x00007ffb9c460000 - 0x00007ffb9c60e000 	C:\Windows\System32\USER32.dll
0x00007ffb99ce0000 - 0x00007ffb99d06000 	C:\Windows\System32\win32u.dll
0x00007ffb9b200000 - 0x00007ffb9b229000 	C:\Windows\System32\GDI32.dll
0x00007ffb99b90000 - 0x00007ffb99cab000 	C:\Windows\System32\gdi32full.dll
0x00007ffb99af0000 - 0x00007ffb99b8a000 	C:\Windows\System32\msvcp_win.dll
0x00007ffb91830000 - 0x00007ffb9184b000 	C:\Program Files\Java\jdk-17\bin\VCRUNTIME140.dll
0x00007ffb86af0000 - 0x00007ffb86d82000 	C:\Windows\WinSxS\amd64_microsoft.windows.common-controls_6595b64144ccf1df_6.0.22621.4541_none_2710d1c57384c085\COMCTL32.dll
0x00007ffb8fe40000 - 0x00007ffb8fe4a000 	C:\Windows\SYSTEM32\VERSION.dll
0x00007ffb9bc60000 - 0x00007ffb9bc91000 	C:\Windows\System32\IMM32.DLL
0x00007ffb83830000 - 0x00007ffb8383c000 	C:\Program Files\Java\jdk-17\bin\vcruntime140_1.dll
0x00007ffb696a0000 - 0x00007ffb6972e000 	C:\Program Files\Java\jdk-17\bin\msvcp140.dll
0x00007ffaf6620000 - 0x00007ffaf7200000 	C:\Program Files\Java\jdk-17\bin\server\jvm.dll
0x00007ffb9b1f0000 - 0x00007ffb9b1f8000 	C:\Windows\System32\PSAPI.DLL
0x00007ffb76e00000 - 0x00007ffb76e09000 	C:\Windows\SYSTEM32\WSOCK32.dll
0x00007ffb9a7c0000 - 0x00007ffb9a831000 	C:\Windows\System32\WS2_32.dll
0x00007ffb91920000 - 0x00007ffb91954000 	C:\Windows\SYSTEM32\WINMM.dll
0x00007ffb988e0000 - 0x00007ffb988f8000 	C:\Windows\SYSTEM32\kernel.appcore.dll
0x00007ffb7adb0000 - 0x00007ffb7adba000 	C:\Program Files\Java\jdk-17\bin\jimage.dll
0x00007ffb97300000 - 0x00007ffb97532000 	C:\Windows\SYSTEM32\DBGHELP.DLL
0x00007ffb9a360000 - 0x00007ffb9a6f1000 	C:\Windows\System32\combase.dll
0x00007ffb9b7b0000 - 0x00007ffb9b887000 	C:\Windows\System32\OLEAUT32.dll
0x00007ffb79dd0000 - 0x00007ffb79e02000 	C:\Windows\SYSTEM32\dbgcore.DLL
0x00007ffb99930000 - 0x00007ffb999ab000 	C:\Windows\System32\bcryptPrimitives.dll
0x00007ffb7ad80000 - 0x00007ffb7ada5000 	C:\Program Files\Java\jdk-17\bin\java.dll

dbghelp: loaded successfully - version: 4.0.5 - missing functions: none
symbol engine: initialized successfully - sym options: 0x614 - pdb path: .;C:\Program Files\Java\jdk-17\bin;C:\Windows\SYSTEM32;C:\Windows\WinSxS\amd64_microsoft.windows.common-controls_6595b64144ccf1df_6.0.22621.4541_none_2710d1c57384c085;C:\Program Files\Java\jdk-17\bin\server

VM Arguments:
jvm_args: -Dclassworlds.conf=C:\Apache-maven\apache-maven-3.8.8\bin\m2.conf -Dmaven.home=C:\Apache-maven\apache-maven-3.8.8 -Dlibrary.jansi.path=C:\Apache-maven\apache-maven-3.8.8\lib\jansi-native -Dmaven.multiModuleProjectDirectory=D:\examen devops\Gestion-etablissements\BACK-END\gestion_emploi_du_temps\gestion_emploi_du_temps 
java_command: org.codehaus.plexus.classworlds.launcher.Launcher spring-boot:run
java_class_path (initial): C:\Apache-maven\apache-maven-3.8.8\boot\plexus-classworlds-2.6.0.jar
Launcher Type: SUN_STANDARD

[Global flags]
     intx CICompilerCount                          = 2                                         {product} {ergonomic}
     uint ConcGCThreads                            = 1                                         {product} {ergonomic}
     uint G1ConcRefinementThreads                  = 2                                         {product} {ergonomic}
   size_t G1HeapRegionSize                         = 1048576                                   {product} {ergonomic}
    uintx GCDrainStackTargetSize                   = 64                                        {product} {ergonomic}
   size_t InitialHeapSize                          = 130023424                                 {product} {ergonomic}
   size_t MarkStackSize                            = 4194304                                   {product} {ergonomic}
   size_t MaxHeapSize                              = 2055208960                                {product} {ergonomic}
   size_t MinHeapDeltaBytes                        = 1048576                                   {product} {ergonomic}
   size_t MinHeapSize                              = 8388608                                   {product} {ergonomic}
    uintx NonNMethodCodeHeapSize                   = 5826188                                {pd product} {ergonomic}
    uintx NonProfiledCodeHeapSize                  = 122916026                              {pd product} {ergonomic}
    uintx ProfiledCodeHeapSize                     = 122916026                              {pd product} {ergonomic}
    uintx ReservedCodeCacheSize                    = 251658240                              {pd product} {ergonomic}
     bool SegmentedCodeCache                       = true                                      {product} {ergonomic}
   size_t SoftMaxHeapSize                          = 2055208960                             {manageable} {ergonomic}
     bool UseCompressedClassPointers               = true                           {product lp64_product} {ergonomic}
     bool UseCompressedOops                        = true                           {product lp64_product} {ergonomic}
     bool UseG1GC                                  = true                                      {product} {ergonomic}
     bool UseLargePagesIndividualAllocation        = false                                  {pd product} {ergonomic}

Logging:
Log output configuration:
 #0: stdout all=warning uptime,level,tags
 #1: stderr all=off uptime,level,tags

Environment Variables:
PATH=C:\ORACLEC19\BASEC19\bin;C:\app\AHMADOU\product\23ai\dbhomeFree\bin;C:\ORACLE19CC\BASE19CC\bin;C:\oracle19C\BASE1\bin;C:\Oracle\BASE\bin;C:\Program Files\Common Files\Oracle\Java\javapath;C:\Windows\system32;C:\Windows;C:\Windows\System32\Wbem;C:\Windows\System32\WindowsPowerShell\v1.0\;C:\Windows\System32\OpenSSH\;C:\Program Files\Java\jdk-17\bin;C:\Users\AHMADOU\Downloads\apache-maven-3.9.9\bin;C:\Users\AHMADOU\Downloads\apache-maven-3.9.9\bin;C:\Program Files\Docker\Docker\resources\bin;C:\Users\AHMADOU\AppData\Local\Flutter\flutter\bin;C:\Users\AHMADOU\AppData\Roaming\nvm;C:\Program Files\nodejs;C:\Users\AHMADOU\AppData\Roaming\nvm;C:\composer;C:\Program Files\nodejs\;C:\Users\AHMADOU\AppData\Local\Programs\Python\Python313\python.exe;C:\Program Files\dotnet\;C:\Program Files\Git\cmd;C:\php;C:\ANDROIDEM\cmdline-tools\bin;C:\ANDROIDEM\platform-tools;C:\Apache-maven\apache-maven-3.8.8\bin;%JAVA_HOME%\bin;D:\kubernetes\kubectl.exe;C:\terraform;C:\Program Files\MySQL\MySQL Shell 8.0\bin\;C:\Users\AHMADOU\AppData\Local\Programs\Python\Launcher\;C:\Users\AHMADOU\AppData\Local\Microsoft\WindowsApps;C:\Users\AHMADOU\AppData\Local\Programs\Microsoft VS Code\bin;C:\wamp64\bin\mysql\mysql8.3.0\bin;C:\Program Files\JetBrains\IntelliJ IDEA 2024.3\bin;;C:\Users\AHMADOU\AppData\Roaming\Composer\vendor\bin;C:\Users\AHMADOU\AppData\Local\Flutter\flutter\bin;C:\Users\AHMADOU\AppData\Roaming\nvm;C:\Program Files\nodejs;C:\Users\AHMADOU\AppData\Roaming\npm;C:\Program Files\PostgreSQL\17\bin;C:\Users\AHMADOU\.dotnet\tools;C:\Program Files\MySQL\MySQL Server 8.0\bin;C:\php;C:\ANDROIDEM\cmdline-tools\bin;C:\ANDROIDEM\platform-tools;
USERNAME=AHMADOU
OS=Windows_NT
PROCESSOR_IDENTIFIER=Intel64 Family 6 Model 122 Stepping 8, GenuineIntel



---------------  S Y S T E M  ---------------

OS:
 Windows 11 , 64 bit Build 22621 (10.0.22621.4391)
OS uptime: 0 days 7:25 hours
Hyper-V role detected

CPU: total 2 (initial active 2) (2 cores per cpu, 1 threads per core) family 6 model 122 stepping 8 microcode 0x20, cx8, cmov, fxsr, mmx, 3dnowpref, sse, sse2, sse3, ssse3, sse4.1, sse4.2, popcnt, tsc, tscinvbit, aes, erms, clmul, sha, clflush, clflushopt, hv

Memory: 4k page, system-wide physical 7832M (563M free)
TotalPageFile size 15641M (AvailPageFile size 5M)
current process WorkingSet (physical memory assigned to process): 11M, peak: 11M
current process commit charge ("private bytes"): 174M, peak: 175M

vm_info: Java HotSpot(TM) 64-Bit Server VM (17.0.12+8-LTS-286) for windows-amd64 JRE (17.0.12+8-LTS-286), built on Jun  5 2024 06:46:59 by "mach5one" with MS VC++ 17.6 (VS2022)

END.
