#
# There is insufficient memory for the Java Runtime Environment to continue.
# Native memory allocation (malloc) failed to allocate 1126256 bytes for Chunk::new
# Possible reasons:
#   The system is out of physical RAM or swap space
#   The process is running with CompressedOops enabled, and the Java Heap may be blocking the growth of the native heap
# Possible solutions:
#   Reduce memory load on the system
#   Increase physical memory or swap space
#   Check if swap backing store is full
#   Decrease Java heap size (-Xmx/-Xms)
#   Decrease number of Java threads
#   Decrease Java thread stack sizes (-Xss)
#   Set larger code cache with -XX:ReservedCodeCacheSize=
#   JVM is running with Unscaled Compressed Oops mode in which the Java heap is
#     placed in the first 4GB address space. The Java Heap base address is the
#     maximum limit for the native heap growth. Please use -XX:HeapBaseMinAddress
#     to set the Java Heap base and to place the Java Heap above 4GB virtual address.
# This output file may be truncated or incomplete.
#
#  Out of Memory Error (arena.cpp:189), pid=10872, tid=18872
#
# JRE version: Java(TM) SE Runtime Environment (17.0.12+8) (build 17.0.12+8-LTS-286)
# Java VM: Java HotSpot(TM) 64-Bit Server VM (17.0.12+8-LTS-286, mixed mode, sharing, tiered, compressed oops, compressed class ptrs, g1 gc, windows-amd64)
# No core dump will be written. Minidumps are not enabled by default on client versions of Windows
#

---------------  S U M M A R Y ------------

Command Line: C:\Users\AHMADOU\AppData\Local\Temp\surefire6676101449495600204\surefirebooter-20250305035207758_3.jar C:\Users\AHMADOU\AppData\Local\Temp\surefire6676101449495600204 2025-03-05T03-52-06_304-jvmRun1 surefire-20250305035207758_1tmp surefire_0-20250305035207758_2tmp

Host: Intel(R) Celeron(R) N4020 CPU @ 1.10GHz, 2 cores, 7G,  Windows 11 , 64 bit Build 22621 (10.0.22621.4391)
Time: Wed Mar  5 03:53:29 2025 Greenwich elapsed time: 76.536856 seconds (0d 0h 1m 16s)

---------------  T H R E A D  ---------------

Current thread (0x00000195df172df0):  JavaThread "C2 CompilerThread0" daemon [_thread_in_native, id=18872, stack(0x0000006ea0400000,0x0000006ea0500000)]


Current CompileTask:
C2:  76537 5429   !   4       org.springframework.util.ReflectionUtils::doWithMethods (189 bytes)

Stack: [0x0000006ea0400000,0x0000006ea0500000]
Native frames: (J=compiled Java code, j=interpreted, Vv=VM code, C=native code)
V  [jvm.dll+0x67a04a]
V  [jvm.dll+0x7da4ed]
V  [jvm.dll+0x7dbe33]
V  [jvm.dll+0x7dc4a3]
V  [jvm.dll+0x24508f]
V  [jvm.dll+0xab773]
V  [jvm.dll+0xabd3c]
V  [jvm.dll+0x361b9f]
V  [jvm.dll+0x1ba45a]
V  [jvm.dll+0x216997]
V  [jvm.dll+0x215c6f]
V  [jvm.dll+0x1a2960]
V  [jvm.dll+0x22610b]
V  [jvm.dll+0x2242ab]
V  [jvm.dll+0x79075c]
V  [jvm.dll+0x78abea]
V  [jvm.dll+0x678f35]
C  [ucrtbase.dll+0x29333]
C  [KERNEL32.DLL+0x1259d]
C  [ntdll.dll+0x5af38]


---------------  P R O C E S S  ---------------

Threads class SMR info:
_java_thread_list=0x0000019626220460, length=17, elements={
0x00000195c1e61550, 0x00000195df157c20, 0x00000195df15a8b0, 0x00000195df170310,
0x00000195df170cd0, 0x00000195df171690, 0x00000195df172050, 0x00000195df172df0,
0x00000195df174f60, 0x00000195df1f0f10, 0x00000195df2b1d30, 0x00000195df2ba690,
0x00000195df9fbfd0, 0x00000195df912e50, 0x00000196258033e0, 0x0000019625804310,
0x0000019625802ed0
}

Java Threads: ( => current thread )
  0x00000195c1e61550 JavaThread "main" [_thread_in_vm, id=13220, stack(0x0000006e9f600000,0x0000006e9f700000)]
  0x00000195df157c20 JavaThread "Reference Handler" daemon [_thread_blocked, id=20208, stack(0x0000006e9fe00000,0x0000006e9ff00000)]
  0x00000195df15a8b0 JavaThread "Finalizer" daemon [_thread_blocked, id=8316, stack(0x0000006e9ff00000,0x0000006ea0000000)]
  0x00000195df170310 JavaThread "Signal Dispatcher" daemon [_thread_blocked, id=6064, stack(0x0000006ea0000000,0x0000006ea0100000)]
  0x00000195df170cd0 JavaThread "Attach Listener" daemon [_thread_blocked, id=1964, stack(0x0000006ea0100000,0x0000006ea0200000)]
  0x00000195df171690 JavaThread "Service Thread" daemon [_thread_blocked, id=13280, stack(0x0000006ea0200000,0x0000006ea0300000)]
  0x00000195df172050 JavaThread "Monitor Deflation Thread" daemon [_thread_blocked, id=20304, stack(0x0000006ea0300000,0x0000006ea0400000)]
=>0x00000195df172df0 JavaThread "C2 CompilerThread0" daemon [_thread_in_native, id=18872, stack(0x0000006ea0400000,0x0000006ea0500000)]
  0x00000195df174f60 JavaThread "C1 CompilerThread0" daemon [_thread_blocked, id=11940, stack(0x0000006ea0500000,0x0000006ea0600000)]
  0x00000195df1f0f10 JavaThread "Sweeper thread" daemon [_thread_blocked, id=15904, stack(0x0000006ea0600000,0x0000006ea0700000)]
  0x00000195df2b1d30 JavaThread "Notification Thread" daemon [_thread_blocked, id=16836, stack(0x0000006ea0700000,0x0000006ea0800000)]
  0x00000195df2ba690 JavaThread "Common-Cleaner" daemon [_thread_blocked, id=19440, stack(0x0000006ea0900000,0x0000006ea0a00000)]
  0x00000195df9fbfd0 JavaThread "surefire-forkedjvm-stream-flusher" daemon [_thread_blocked, id=18492, stack(0x0000006ea0b00000,0x0000006ea0c00000)]
  0x00000195df912e50 JavaThread "surefire-forkedjvm-command-thread" daemon [_thread_in_native, id=1448, stack(0x0000006ea0c00000,0x0000006ea0d00000)]
  0x00000196258033e0 JavaThread "PostgreSQL-JDBC-Cleaner" daemon [_thread_blocked, id=20072, stack(0x0000006ea1100000,0x0000006ea1200000)]
  0x0000019625804310 JavaThread "HikariPool-1 housekeeper" daemon [_thread_blocked, id=14836, stack(0x0000006ea1200000,0x0000006ea1300000)]
  0x0000019625802ed0 JavaThread "HikariPool-1 connection adder" daemon [_thread_blocked, id=13612, stack(0x0000006ea1300000,0x0000006ea1400000)]

Other Threads:
  0x00000195df152870 VMThread "VM Thread" [stack: 0x0000006e9fd00000,0x0000006e9fe00000] [id=12800]
  0x00000195df2b6230 WatcherThread [stack: 0x0000006ea0800000,0x0000006ea0900000] [id=10148]
  0x00000195c1eb9e90 GCTaskThread "GC Thread#0" [stack: 0x0000006e9f800000,0x0000006e9f900000] [id=20404]
  0x00000195df506ef0 GCTaskThread "GC Thread#1" [stack: 0x0000006ea0a00000,0x0000006ea0b00000] [id=6484]
  0x00000195c1ecb2f0 ConcurrentGCThread "G1 Main Marker" [stack: 0x0000006e9f900000,0x0000006e9fa00000] [id=9492]
  0x00000195c1ecbd00 ConcurrentGCThread "G1 Conc#0" [stack: 0x0000006e9fa00000,0x0000006e9fb00000] [id=7508]
  0x00000195c1f28b70 ConcurrentGCThread "G1 Refine#0" [stack: 0x0000006e9fb00000,0x0000006e9fc00000] [id=14872]
  0x00000195df3fe3c0 ConcurrentGCThread "G1 Refine#1" [stack: 0x0000006ea0f00000,0x0000006ea1000000] [id=6156]
  0x00000195c1f295a0 ConcurrentGCThread "G1 Service" [stack: 0x0000006e9fc00000,0x0000006e9fd00000] [id=18156]

Threads with active compile tasks:
C2 CompilerThread0    76602 5429   !   4       org.springframework.util.ReflectionUtils::doWithMethods (189 bytes)

VM state: not at safepoint (normal execution)

VM Mutex/Monitor currently owned by a thread: None

Heap address: 0x0000000085800000, size: 1960 MB, Compressed Oops mode: 32-bit

CDS archive(s) mapped at: [0x00000195e0000000-0x00000195e0bd0000-0x00000195e0bd0000), size 12386304, SharedBaseAddress: 0x00000195e0000000, ArchiveRelocationMode: 1.
Compressed class space mapped at: 0x00000195e1000000-0x0000019621000000, reserved size: 1073741824
Narrow klass base: 0x00000195e0000000, Narrow klass shift: 0, Narrow klass range: 0x100000000

GC Precious Log:
 CPUs: 2 total, 2 available
 Memory: 7832M
 Large Page Support: Disabled
 NUMA Support: Disabled
 Compressed Oops: Enabled (32-bit)
 Heap Region Size: 1M
 Heap Min Capacity: 8M
 Heap Initial Capacity: 124M
 Heap Max Capacity: 1960M
 Pre-touch: Disabled
 Parallel Workers: 2
 Concurrent Workers: 1
 Concurrent Refinement Workers: 2
 Periodic GC: Disabled

Heap:
 garbage-first heap   total 68608K, used 43005K [0x0000000085800000, 0x0000000100000000)
  region size 1024K, 12 young (12288K), 2 survivors (2048K)
 Metaspace       used 60814K, committed 61376K, reserved 1114112K
  class space    used 8456K, committed 8704K, reserved 1048576K

Heap Regions: E=young(eden), S=young(survivor), O=old, HS=humongous(starts), HC=humongous(continues), CS=collection set, F=free, OA=open archive, CA=closed archive, TAMS=top-at-mark-start (previous, next)
|   0|0x0000000085800000, 0x0000000085900000, 0x0000000085900000|100%|HS|  |TAMS 0x0000000085900000, 0x0000000085800000| Complete 
|   1|0x0000000085900000, 0x0000000085a00000, 0x0000000085a00000|100%|HS|  |TAMS 0x0000000085a00000, 0x0000000085900000| Complete 
|   2|0x0000000085a00000, 0x0000000085b00000, 0x0000000085b00000|100%| O|  |TAMS 0x0000000085b00000, 0x0000000085a00000| Untracked 
|   3|0x0000000085b00000, 0x0000000085c00000, 0x0000000085c00000|100%| O|  |TAMS 0x0000000085c00000, 0x0000000085b00000| Untracked 
|   4|0x0000000085c00000, 0x0000000085d00000, 0x0000000085d00000|100%|HS|  |TAMS 0x0000000085d00000, 0x0000000085c00000| Complete 
|   5|0x0000000085d00000, 0x0000000085e00000, 0x0000000085e00000|100%| O|  |TAMS 0x0000000085e00000, 0x0000000085d00000| Untracked 
|   6|0x0000000085e00000, 0x0000000085f00000, 0x0000000085f00000|100%| O|  |TAMS 0x0000000085f00000, 0x0000000085e00000| Untracked 
|   7|0x0000000085f00000, 0x0000000086000000, 0x0000000086000000|100%| O|  |TAMS 0x0000000086000000, 0x0000000085f00000| Untracked 
|   8|0x0000000086000000, 0x0000000086100000, 0x0000000086100000|100%| O|  |TAMS 0x0000000086100000, 0x0000000086000000| Untracked 
|   9|0x0000000086100000, 0x0000000086200000, 0x0000000086200000|100%| O|  |TAMS 0x0000000086200000, 0x0000000086100000| Untracked 
|  10|0x0000000086200000, 0x0000000086300000, 0x0000000086300000|100%| O|  |TAMS 0x0000000086300000, 0x0000000086200000| Untracked 
|  11|0x0000000086300000, 0x0000000086400000, 0x0000000086400000|100%| O|  |TAMS 0x0000000086400000, 0x0000000086300000| Untracked 
|  12|0x0000000086400000, 0x0000000086500000, 0x0000000086500000|100%| O|  |TAMS 0x0000000086500000, 0x0000000086400000| Untracked 
|  13|0x0000000086500000, 0x0000000086600000, 0x0000000086600000|100%| O|  |TAMS 0x0000000086600000, 0x0000000086500000| Untracked 
|  14|0x0000000086600000, 0x0000000086700000, 0x0000000086700000|100%| O|  |TAMS 0x0000000086700000, 0x0000000086600000| Untracked 
|  15|0x0000000086700000, 0x0000000086800000, 0x0000000086800000|100%| O|  |TAMS 0x0000000086800000, 0x0000000086700000| Untracked 
|  16|0x0000000086800000, 0x0000000086900000, 0x0000000086900000|100%| O|  |TAMS 0x0000000086900000, 0x0000000086800000| Untracked 
|  17|0x0000000086900000, 0x0000000086a00000, 0x0000000086a00000|100%| O|  |TAMS 0x0000000086a00000, 0x0000000086900000| Untracked 
|  18|0x0000000086a00000, 0x0000000086b00000, 0x0000000086b00000|100%| O|  |TAMS 0x0000000086b00000, 0x0000000086a00000| Untracked 
|  19|0x0000000086b00000, 0x0000000086c00000, 0x0000000086c00000|100%| O|  |TAMS 0x0000000086c00000, 0x0000000086b00000| Untracked 
|  20|0x0000000086c00000, 0x0000000086d00000, 0x0000000086d00000|100%| O|  |TAMS 0x0000000086d00000, 0x0000000086c00000| Untracked 
|  21|0x0000000086d00000, 0x0000000086e00000, 0x0000000086e00000|100%| O|  |TAMS 0x0000000086e00000, 0x0000000086d00000| Untracked 
|  22|0x0000000086e00000, 0x0000000086f00000, 0x0000000086f00000|100%| O|  |TAMS 0x0000000086f00000, 0x0000000086e00000| Untracked 
|  23|0x0000000086f00000, 0x0000000087000000, 0x0000000087000000|100%| O|  |TAMS 0x0000000087000000, 0x0000000086f00000| Untracked 
|  24|0x0000000087000000, 0x0000000087100000, 0x0000000087100000|100%| O|  |TAMS 0x0000000087100000, 0x0000000087000000| Untracked 
|  25|0x0000000087100000, 0x0000000087200000, 0x0000000087200000|100%| O|  |TAMS 0x0000000087200000, 0x0000000087100000| Untracked 
|  26|0x0000000087200000, 0x0000000087300000, 0x0000000087300000|100%| O|  |TAMS 0x0000000087300000, 0x0000000087200000| Untracked 
|  27|0x0000000087300000, 0x0000000087400000, 0x0000000087400000|100%| O|  |TAMS 0x0000000087400000, 0x0000000087300000| Untracked 
|  28|0x0000000087400000, 0x0000000087500000, 0x0000000087500000|100%| O|  |TAMS 0x0000000087500000, 0x0000000087400000| Untracked 
|  29|0x0000000087500000, 0x0000000087600000, 0x0000000087600000|100%| O|  |TAMS 0x0000000087600000, 0x0000000087500000| Untracked 
|  30|0x0000000087600000, 0x0000000087700000, 0x0000000087700000|100%| O|  |TAMS 0x0000000087626800, 0x0000000087600000| Untracked 
|  31|0x0000000087700000, 0x0000000087758200, 0x0000000087800000| 34%| O|  |TAMS 0x0000000087700000, 0x0000000087700000| Untracked 
|  32|0x0000000087800000, 0x0000000087800000, 0x0000000087900000|  0%| F|  |TAMS 0x0000000087800000, 0x0000000087800000| Untracked 
|  33|0x0000000087900000, 0x0000000087900000, 0x0000000087a00000|  0%| F|  |TAMS 0x0000000087900000, 0x0000000087900000| Untracked 
|  34|0x0000000087a00000, 0x0000000087a00000, 0x0000000087b00000|  0%| F|  |TAMS 0x0000000087a00000, 0x0000000087a00000| Untracked 
|  35|0x0000000087b00000, 0x0000000087b00000, 0x0000000087c00000|  0%| F|  |TAMS 0x0000000087b00000, 0x0000000087b00000| Untracked 
|  36|0x0000000087c00000, 0x0000000087c00000, 0x0000000087d00000|  0%| F|  |TAMS 0x0000000087c00000, 0x0000000087c00000| Untracked 
|  37|0x0000000087d00000, 0x0000000087d00000, 0x0000000087e00000|  0%| F|  |TAMS 0x0000000087d00000, 0x0000000087d00000| Untracked 
|  38|0x0000000087e00000, 0x0000000087e00000, 0x0000000087f00000|  0%| F|  |TAMS 0x0000000087e00000, 0x0000000087e00000| Untracked 
|  39|0x0000000087f00000, 0x0000000087f00000, 0x0000000088000000|  0%| F|  |TAMS 0x0000000087f00000, 0x0000000087f00000| Untracked 
|  40|0x0000000088000000, 0x0000000088000000, 0x0000000088100000|  0%| F|  |TAMS 0x0000000088000000, 0x0000000088000000| Untracked 
|  41|0x0000000088100000, 0x0000000088100000, 0x0000000088200000|  0%| F|  |TAMS 0x0000000088100000, 0x0000000088100000| Untracked 
|  42|0x0000000088200000, 0x0000000088200000, 0x0000000088300000|  0%| F|  |TAMS 0x0000000088200000, 0x0000000088200000| Untracked 
|  43|0x0000000088300000, 0x0000000088300000, 0x0000000088400000|  0%| F|  |TAMS 0x0000000088300000, 0x0000000088300000| Untracked 
|  44|0x0000000088400000, 0x0000000088400000, 0x0000000088500000|  0%| F|  |TAMS 0x0000000088400000, 0x0000000088400000| Untracked 
|  45|0x0000000088500000, 0x0000000088500000, 0x0000000088600000|  0%| F|  |TAMS 0x0000000088500000, 0x0000000088500000| Untracked 
|  46|0x0000000088600000, 0x0000000088600000, 0x0000000088700000|  0%| F|  |TAMS 0x0000000088600000, 0x0000000088600000| Untracked 
|  47|0x0000000088700000, 0x0000000088700000, 0x0000000088800000|  0%| F|  |TAMS 0x0000000088700000, 0x0000000088700000| Untracked 
|  48|0x0000000088800000, 0x0000000088800000, 0x0000000088900000|  0%| F|  |TAMS 0x0000000088800000, 0x0000000088800000| Untracked 
|  49|0x0000000088900000, 0x0000000088900000, 0x0000000088a00000|  0%| F|  |TAMS 0x0000000088900000, 0x0000000088900000| Untracked 
|  50|0x0000000088a00000, 0x0000000088a00000, 0x0000000088b00000|  0%| F|  |TAMS 0x0000000088a00000, 0x0000000088a00000| Untracked 
|  51|0x0000000088b00000, 0x0000000088b00000, 0x0000000088c00000|  0%| F|  |TAMS 0x0000000088b00000, 0x0000000088b00000| Untracked 
|  52|0x0000000088c00000, 0x0000000088ca7310, 0x0000000088d00000| 65%| S|CS|TAMS 0x0000000088c00000, 0x0000000088c00000| Complete 
|  53|0x0000000088d00000, 0x0000000088e00000, 0x0000000088e00000|100%| S|CS|TAMS 0x0000000088d00000, 0x0000000088d00000| Complete 
|  54|0x0000000088e00000, 0x0000000088e00000, 0x0000000088f00000|  0%| F|  |TAMS 0x0000000088e00000, 0x0000000088e00000| Untracked 
|  55|0x0000000088f00000, 0x0000000088f00000, 0x0000000089000000|  0%| F|  |TAMS 0x0000000088f00000, 0x0000000088f00000| Untracked 
|  56|0x0000000089000000, 0x0000000089000000, 0x0000000089100000|  0%| F|  |TAMS 0x0000000089000000, 0x0000000089000000| Untracked 
|  57|0x0000000089100000, 0x00000000891da8c0, 0x0000000089200000| 85%| E|  |TAMS 0x0000000089100000, 0x0000000089100000| Complete 
|  58|0x0000000089200000, 0x0000000089300000, 0x0000000089300000|100%| E|CS|TAMS 0x0000000089200000, 0x0000000089200000| Complete 
|  59|0x0000000089300000, 0x0000000089400000, 0x0000000089400000|100%| E|CS|TAMS 0x0000000089300000, 0x0000000089300000| Complete 
|  60|0x0000000089400000, 0x0000000089500000, 0x0000000089500000|100%| E|CS|TAMS 0x0000000089400000, 0x0000000089400000| Complete 
|  61|0x0000000089500000, 0x0000000089600000, 0x0000000089600000|100%| E|CS|TAMS 0x0000000089500000, 0x0000000089500000| Complete 
|  62|0x0000000089600000, 0x0000000089700000, 0x0000000089700000|100%| E|CS|TAMS 0x0000000089600000, 0x0000000089600000| Complete 
|  63|0x0000000089700000, 0x0000000089800000, 0x0000000089800000|100%| E|CS|TAMS 0x0000000089700000, 0x0000000089700000| Complete 
|  64|0x0000000089800000, 0x0000000089900000, 0x0000000089900000|100%| E|CS|TAMS 0x0000000089800000, 0x0000000089800000| Complete 
|  65|0x0000000089900000, 0x0000000089a00000, 0x0000000089a00000|100%| E|CS|TAMS 0x0000000089900000, 0x0000000089900000| Complete 
| 122|0x000000008d200000, 0x000000008d300000, 0x000000008d300000|100%| E|CS|TAMS 0x000000008d200000, 0x000000008d200000| Complete 

Card table byte_map: [0x00000195d8b00000,0x00000195d8ee0000] _byte_map_base: 0x00000195d86d4000

Marking Bits (Prev, Next): (CMBitMap*) 0x00000195c1eba4f0, (CMBitMap*) 0x00000195c1eba4b0
 Prev Bits: [0x00000195db160000, 0x00000195dd000000)
 Next Bits: [0x00000195d92c0000, 0x00000195db160000)

Polling page: 0x00000195c1630000

Metaspace:

Usage:
  Non-class:     51.13 MB used.
      Class:      8.26 MB used.
       Both:     59.39 MB used.

Virtual space:
  Non-class space:       64.00 MB reserved,      51.44 MB ( 80%) committed,  1 nodes.
      Class space:        1.00 GB reserved,       8.50 MB ( <1%) committed,  1 nodes.
             Both:        1.06 GB reserved,      59.94 MB (  6%) committed. 

Chunk freelists:
   Non-Class:  11.98 MB
       Class:  7.38 MB
        Both:  19.36 MB

MaxMetaspaceSize: unlimited
CompressedClassSpaceSize: 1.00 GB
Initial GC threshold: 21.00 MB
Current GC threshold: 98.06 MB
CDS: on
MetaspaceReclaimPolicy: balanced
 - commit_granule_bytes: 65536.
 - commit_granule_words: 8192.
 - virtual_space_node_default_size: 8388608.
 - enlarge_chunks_in_place: 1.
 - new_chunks_are_fully_committed: 0.
 - uncommit_free_chunks: 1.
 - use_allocation_guard: 0.
 - handle_deallocations: 1.


Internal statistics:

num_allocs_failed_limit: 11.
num_arena_births: 704.
num_arena_deaths: 0.
num_vsnodes_births: 2.
num_vsnodes_deaths: 0.
num_space_committed: 959.
num_space_uncommitted: 0.
num_chunks_returned_to_freelist: 11.
num_chunks_taken_from_freelist: 2949.
num_chunk_merges: 11.
num_chunk_splits: 2113.
num_chunks_enlarged: 1646.
num_inconsistent_stats: 0.

CodeHeap 'non-profiled nmethods': size=120064Kb used=3291Kb max_used=3291Kb free=116772Kb
 bounds [0x00000195d11e0000, 0x00000195d1520000, 0x00000195d8720000]
CodeHeap 'profiled nmethods': size=120000Kb used=10000Kb max_used=10000Kb free=109999Kb
 bounds [0x00000195c9720000, 0x00000195ca0f0000, 0x00000195d0c50000]
CodeHeap 'non-nmethods': size=5696Kb used=1307Kb max_used=1328Kb free=4388Kb
 bounds [0x00000195d0c50000, 0x00000195d0ec0000, 0x00000195d11e0000]
 total_blobs=5394 nmethods=4758 adapters=548
 compilation: enabled
              stopped_count=0, restarted_count=0
 full_count=0

Compilation events (20 events):
Event: 76.271 Thread 0x00000195df174f60 5481       3       org.aspectj.weaver.JoinPointSignature::hasAnnotation (11 bytes)
Event: 76.271 Thread 0x00000195df174f60 nmethod 5481 0x00000195ca0de410 code [0x00000195ca0de5c0, 0x00000195ca0de788]
Event: 76.271 Thread 0x00000195df174f60 5482       3       org.aspectj.weaver.reflect.ReflectionBasedResolvedMemberImpl::hasAnnotation (28 bytes)
Event: 76.271 Thread 0x00000195df174f60 nmethod 5482 0x00000195ca0de890 code [0x00000195ca0dea60, 0x00000195ca0deee8]
Event: 76.271 Thread 0x00000195df174f60 5483       3       org.aspectj.weaver.ReferenceType::isAnnotationWithRuntimeRetention (10 bytes)
Event: 76.271 Thread 0x00000195df174f60 nmethod 5483 0x00000195ca0df010 code [0x00000195ca0df1c0, 0x00000195ca0df458]
Event: 76.272 Thread 0x00000195df174f60 5484       3       org.aspectj.weaver.reflect.Java15ReflectionBasedReferenceTypeDelegate::isAnnotationWithRuntimeRetention (58 bytes)
Event: 76.272 Thread 0x00000195df174f60 nmethod 5484 0x00000195ca0df510 code [0x00000195ca0df7a0, 0x00000195ca0e05a8]
Event: 76.273 Thread 0x00000195df174f60 5485       3       org.aspectj.weaver.reflect.ReflectionBasedResolvedMemberImpl::unpackAnnotations (49 bytes)
Event: 76.273 Thread 0x00000195df174f60 nmethod 5485 0x00000195ca0e0990 code [0x00000195ca0e0b40, 0x00000195ca0e0e28]
Event: 76.274 Thread 0x00000195df174f60 5488       3       org.aspectj.weaver.patterns.SignaturePattern::matchesExactly (179 bytes)
Event: 76.275 Thread 0x00000195df174f60 nmethod 5488 0x00000195ca0e0f90 code [0x00000195ca0e1280, 0x00000195ca0e2468]
Event: 76.276 Thread 0x00000195df174f60 5489       3       java.util.regex.Matcher::groupCount (10 bytes)
Event: 76.276 Thread 0x00000195df174f60 nmethod 5489 0x00000195ca0e2910 code [0x00000195ca0e2aa0, 0x00000195ca0e2bb8]
Event: 76.278 Thread 0x00000195df174f60 5490       3       java.util.regex.Pattern::Single (7 bytes)
Event: 76.279 Thread 0x00000195df174f60 nmethod 5490 0x00000195ca0e2c90 code [0x00000195ca0e2e80, 0x00000195ca0e3368]
Event: 76.279 Thread 0x00000195df174f60 5491   !   3       java.util.regex.Pattern::matcher (44 bytes)
Event: 76.282 Thread 0x00000195df174f60 nmethod 5491 0x00000195ca0e3590 code [0x00000195ca0e3740, 0x00000195ca0e3ab8]
Event: 76.285 Thread 0x00000195df174f60 5492       3       sun.reflect.generics.reflectiveObjects.ParameterizedTypeImpl::make (11 bytes)
Event: 76.286 Thread 0x00000195df174f60 nmethod 5492 0x00000195ca0e3c10 code [0x00000195ca0e3de0, 0x00000195ca0e41d8]

GC Heap History (20 events):
Event: 28.686 GC heap before
{Heap before GC invocations=7 (full 0):
 garbage-first heap   total 68608K, used 58588K [0x0000000085800000, 0x0000000100000000)
  region size 1024K, 40 young (40960K), 1 survivors (1024K)
 Metaspace       used 26104K, committed 26432K, reserved 1114112K
  class space    used 3293K, committed 3456K, reserved 1048576K
}
Event: 28.701 GC heap after
{Heap after GC invocations=8 (full 0):
 garbage-first heap   total 68608K, used 22748K [0x0000000085800000, 0x0000000100000000)
  region size 1024K, 4 young (4096K), 4 survivors (4096K)
 Metaspace       used 26104K, committed 26432K, reserved 1114112K
  class space    used 3293K, committed 3456K, reserved 1048576K
}
Event: 28.766 GC heap before
{Heap before GC invocations=8 (full 0):
 garbage-first heap   total 68608K, used 23772K [0x0000000085800000, 0x0000000100000000)
  region size 1024K, 5 young (5120K), 4 survivors (4096K)
 Metaspace       used 26120K, committed 26432K, reserved 1114112K
  class space    used 3294K, committed 3456K, reserved 1048576K
}
Event: 28.778 GC heap after
{Heap after GC invocations=9 (full 0):
 garbage-first heap   total 68608K, used 23327K [0x0000000085800000, 0x0000000100000000)
  region size 1024K, 1 young (1024K), 1 survivors (1024K)
 Metaspace       used 26120K, committed 26432K, reserved 1114112K
  class space    used 3294K, committed 3456K, reserved 1048576K
}
Event: 33.840 GC heap before
{Heap before GC invocations=9 (full 0):
 garbage-first heap   total 68608K, used 50975K [0x0000000085800000, 0x0000000100000000)
  region size 1024K, 28 young (28672K), 1 survivors (1024K)
 Metaspace       used 28440K, committed 28864K, reserved 1114112K
  class space    used 3626K, committed 3840K, reserved 1048576K
}
Event: 33.849 GC heap after
{Heap after GC invocations=10 (full 0):
 garbage-first heap   total 68608K, used 24814K [0x0000000085800000, 0x0000000100000000)
  region size 1024K, 3 young (3072K), 3 survivors (3072K)
 Metaspace       used 28440K, committed 28864K, reserved 1114112K
  class space    used 3626K, committed 3840K, reserved 1048576K
}
Event: 49.646 GC heap before
{Heap before GC invocations=10 (full 0):
 garbage-first heap   total 68608K, used 52462K [0x0000000085800000, 0x0000000100000000)
  region size 1024K, 30 young (30720K), 3 survivors (3072K)
 Metaspace       used 31903K, committed 32256K, reserved 1114112K
  class space    used 4232K, committed 4416K, reserved 1048576K
}
Event: 49.658 GC heap after
{Heap after GC invocations=11 (full 0):
 garbage-first heap   total 68608K, used 26623K [0x0000000085800000, 0x0000000100000000)
  region size 1024K, 4 young (4096K), 4 survivors (4096K)
 Metaspace       used 31903K, committed 32256K, reserved 1114112K
  class space    used 4232K, committed 4416K, reserved 1048576K
}
Event: 56.703 GC heap before
{Heap before GC invocations=11 (full 0):
 garbage-first heap   total 68608K, used 45055K [0x0000000085800000, 0x0000000100000000)
  region size 1024K, 24 young (24576K), 4 survivors (4096K)
 Metaspace       used 35571K, committed 35968K, reserved 1114112K
  class space    used 4695K, committed 4928K, reserved 1048576K
}
Event: 56.724 GC heap after
{Heap after GC invocations=12 (full 0):
 garbage-first heap   total 68608K, used 28063K [0x0000000085800000, 0x0000000100000000)
  region size 1024K, 4 young (4096K), 4 survivors (4096K)
 Metaspace       used 35571K, committed 35968K, reserved 1114112K
  class space    used 4695K, committed 4928K, reserved 1048576K
}
Event: 61.239 GC heap before
{Heap before GC invocations=13 (full 0):
 garbage-first heap   total 68608K, used 52639K [0x0000000085800000, 0x0000000100000000)
  region size 1024K, 29 young (29696K), 4 survivors (4096K)
 Metaspace       used 39456K, committed 39936K, reserved 1114112K
  class space    used 5231K, committed 5440K, reserved 1048576K
}
Event: 61.255 GC heap after
{Heap after GC invocations=14 (full 0):
 garbage-first heap   total 68608K, used 29552K [0x0000000085800000, 0x0000000100000000)
  region size 1024K, 4 young (4096K), 4 survivors (4096K)
 Metaspace       used 39456K, committed 39936K, reserved 1114112K
  class space    used 5231K, committed 5440K, reserved 1048576K
}
Event: 64.131 GC heap before
{Heap before GC invocations=14 (full 0):
 garbage-first heap   total 68608K, used 53104K [0x0000000085800000, 0x0000000100000000)
  region size 1024K, 28 young (28672K), 4 survivors (4096K)
 Metaspace       used 45141K, committed 45568K, reserved 1114112K
  class space    used 6139K, committed 6336K, reserved 1048576K
}
Event: 64.147 GC heap after
{Heap after GC invocations=15 (full 0):
 garbage-first heap   total 68608K, used 30665K [0x0000000085800000, 0x0000000100000000)
  region size 1024K, 3 young (3072K), 3 survivors (3072K)
 Metaspace       used 45141K, committed 45568K, reserved 1114112K
  class space    used 6139K, committed 6336K, reserved 1048576K
}
Event: 67.616 GC heap before
{Heap before GC invocations=15 (full 0):
 garbage-first heap   total 68608K, used 55241K [0x0000000085800000, 0x0000000100000000)
  region size 1024K, 27 young (27648K), 3 survivors (3072K)
 Metaspace       used 50662K, committed 51136K, reserved 1114112K
  class space    used 6839K, committed 7104K, reserved 1048576K
}
Event: 67.629 GC heap after
{Heap after GC invocations=16 (full 0):
 garbage-first heap   total 68608K, used 32188K [0x0000000085800000, 0x0000000100000000)
  region size 1024K, 3 young (3072K), 3 survivors (3072K)
 Metaspace       used 50662K, committed 51136K, reserved 1114112K
  class space    used 6839K, committed 7104K, reserved 1048576K
}
Event: 72.060 GC heap before
{Heap before GC invocations=16 (full 0):
 garbage-first heap   total 68608K, used 54716K [0x0000000085800000, 0x0000000100000000)
  region size 1024K, 26 young (26624K), 3 survivors (3072K)
 Metaspace       used 56810K, committed 57280K, reserved 1114112K
  class space    used 7839K, committed 8064K, reserved 1048576K
}
Event: 72.073 GC heap after
{Heap after GC invocations=17 (full 0):
 garbage-first heap   total 68608K, used 33398K [0x0000000085800000, 0x0000000100000000)
  region size 1024K, 3 young (3072K), 3 survivors (3072K)
 Metaspace       used 56810K, committed 57280K, reserved 1114112K
  class space    used 7839K, committed 8064K, reserved 1048576K
}
Event: 74.062 GC heap before
{Heap before GC invocations=17 (full 0):
 garbage-first heap   total 68608K, used 44662K [0x0000000085800000, 0x0000000100000000)
  region size 1024K, 16 young (16384K), 3 survivors (3072K)
 Metaspace       used 59623K, committed 60160K, reserved 1114112K
  class space    used 8285K, committed 8576K, reserved 1048576K
}
Event: 74.075 GC heap after
{Heap after GC invocations=18 (full 0):
 garbage-first heap   total 68608K, used 33789K [0x0000000085800000, 0x0000000100000000)
  region size 1024K, 2 young (2048K), 2 survivors (2048K)
 Metaspace       used 59623K, committed 60160K, reserved 1114112K
  class space    used 8285K, committed 8576K, reserved 1048576K
}

Deoptimization events (20 events):
Event: 72.362 Thread 0x00000195c1e61550 Uncommon trap: trap_request=0xffffff45 fr.pc=0x00000195d1397df0 relative=0x0000000000000770
Event: 72.362 Thread 0x00000195c1e61550 Uncommon trap: reason=unstable_if action=reinterpret pc=0x00000195d1397df0 method=jdk.internal.org.objectweb.asm.Frame.getAbstractTypeFromDescriptor(Ljdk/internal/org/objectweb/asm/SymbolTable;Ljava/lang/String;I)I @ 189 c2
Event: 72.362 Thread 0x00000195c1e61550 DEOPT PACKING pc=0x00000195d1397df0 sp=0x0000006e9f6f8c60
Event: 72.362 Thread 0x00000195c1e61550 DEOPT UNPACKING pc=0x00000195d0ca239d sp=0x0000006e9f6f8c20 mode 2
Event: 75.135 Thread 0x00000195c1e61550 Uncommon trap: trap_request=0xffffffde fr.pc=0x00000195d13a5c3c relative=0x000000000000173c
Event: 75.135 Thread 0x00000195c1e61550 Uncommon trap: reason=class_check action=maybe_recompile pc=0x00000195d13a5c3c method=java.io.BufferedInputStream.read([BII)I @ 101 c2
Event: 75.135 Thread 0x00000195c1e61550 DEOPT PACKING pc=0x00000195d13a5c3c sp=0x0000006e9f6fab30
Event: 75.135 Thread 0x00000195c1e61550 DEOPT UNPACKING pc=0x00000195d0ca239d sp=0x0000006e9f6fa9f0 mode 2
Event: 75.637 Thread 0x00000195c1e61550 Uncommon trap: trap_request=0xffffff45 fr.pc=0x00000195d13a5650 relative=0x0000000000001150
Event: 75.637 Thread 0x00000195c1e61550 Uncommon trap: reason=unstable_if action=reinterpret pc=0x00000195d13a5650 method=java.io.DataInputStream.readUTF(Ljava/io/DataInput;)Ljava/lang/String; @ 112 c2
Event: 75.637 Thread 0x00000195c1e61550 DEOPT PACKING pc=0x00000195d13a5650 sp=0x0000006e9f6f9240
Event: 75.637 Thread 0x00000195c1e61550 DEOPT UNPACKING pc=0x00000195d0ca239d sp=0x0000006e9f6f9220 mode 2
Event: 75.659 Thread 0x00000195c1e61550 Uncommon trap: trap_request=0xffffff45 fr.pc=0x00000195d1411924 relative=0x00000000000038e4
Event: 75.659 Thread 0x00000195c1e61550 Uncommon trap: reason=unstable_if action=reinterpret pc=0x00000195d1411924 method=org.springframework.core.ResolvableType.resolveClass()Ljava/lang/Class; @ 38 c2
Event: 75.659 Thread 0x00000195c1e61550 DEOPT PACKING pc=0x00000195d1411924 sp=0x0000006e9f6f92d0
Event: 75.659 Thread 0x00000195c1e61550 DEOPT UNPACKING pc=0x00000195d0ca239d sp=0x0000006e9f6f91f8 mode 2
Event: 76.289 Thread 0x00000195c1e61550 Uncommon trap: trap_request=0xffffff45 fr.pc=0x00000195d12eb1d8 relative=0x00000000000001b8
Event: 76.289 Thread 0x00000195c1e61550 Uncommon trap: reason=unstable_if action=reinterpret pc=0x00000195d12eb1d8 method=java.util.ArrayDeque.addLast(Ljava/lang/Object;)V @ 42 c2
Event: 76.289 Thread 0x00000195c1e61550 DEOPT PACKING pc=0x00000195d12eb1d8 sp=0x0000006e9f6f9ca0
Event: 76.289 Thread 0x00000195c1e61550 DEOPT UNPACKING pc=0x00000195d0ca239d sp=0x0000006e9f6f9bf8 mode 2

Classes unloaded (0 events):
No events

Classes redefined (0 events):
No events

Internal exceptions (20 events):
Event: 66.376 Thread 0x00000195c1e61550 Exception <a 'java/lang/NoSuchMethodError'{0x0000000088d71720}: 'java.lang.Object java.lang.invoke.Invokers$Holder.linkToTargetMethod(java.lang.Object, java.lang.Object, int, java.lang.Object)'> (0x0000000088d71720) 
thrown [s\open\src\hotspot\share\interpreter\linkResolver.cpp, line 759]
Event: 67.997 Thread 0x00000195c1e61550 Exception <a 'java/lang/IncompatibleClassChangeError'{0x00000000898eda58}: Found class java.lang.Object, but interface was expected> (0x00000000898eda58) 
thrown [s\open\src\hotspot\share\interpreter\linkResolver.cpp, line 826]
Event: 68.142 Thread 0x00000195c1e61550 Exception <a 'java/lang/NoSuchMethodError'{0x00000000897d5b60}: 'java.lang.Object java.lang.invoke.DirectMethodHandle$Holder.invokeStatic(java.lang.Object, java.lang.Object, int, java.lang.Object)'> (0x00000000897d5b60) 
thrown [s\open\src\hotspot\share\interpreter\linkResolver.cpp, line 759]
Event: 68.143 Thread 0x00000195c1e61550 Exception <a 'java/lang/NoSuchMethodError'{0x00000000897d9df0}: 'java.lang.Object java.lang.invoke.DirectMethodHandle$Holder.invokeStaticInit(java.lang.Object, java.lang.Object, int, java.lang.Object)'> (0x00000000897d9df0) 
thrown [s\open\src\hotspot\share\interpreter\linkResolver.cpp, line 759]
Event: 72.837 Thread 0x00000195c1e61550 Exception <a 'java/lang/NoSuchMethodError'{0x000000008953b388}: 'void java.lang.invoke.DirectMethodHandle$Holder.invokeStatic(java.lang.Object, java.lang.Object, java.lang.Object, int, java.lang.Object)'> (0x000000008953b388) 
thrown [s\open\src\hotspot\share\interpreter\linkResolver.cpp, line 759]
Event: 72.843 Thread 0x00000195c1e61550 Exception <a 'java/lang/NoSuchMethodError'{0x0000000089549e78}: 'void java.lang.invoke.DirectMethodHandle$Holder.invokeInterface(java.lang.Object, java.lang.Object, int, java.lang.Object)'> (0x0000000089549e78) 
thrown [s\open\src\hotspot\share\interpreter\linkResolver.cpp, line 759]
Event: 72.852 Thread 0x00000195c1e61550 Exception <a 'java/lang/NoSuchMethodError'{0x0000000089575ef8}: 'java.lang.Object java.lang.invoke.DirectMethodHandle$Holder.newInvokeSpecial(java.lang.Object, java.lang.Object, int, java.lang.Object)'> (0x0000000089575ef8) 
thrown [s\open\src\hotspot\share\interpreter\linkResolver.cpp, line 759]
Event: 72.853 Thread 0x00000195c1e61550 Exception <a 'java/lang/NoSuchMethodError'{0x000000008957a2b8}: 'java.lang.Object java.lang.invoke.Invokers$Holder.linkToTargetMethod(java.lang.Object, int, java.lang.Object, java.lang.Object)'> (0x000000008957a2b8) 
thrown [s\open\src\hotspot\share\interpreter\linkResolver.cpp, line 759]
Event: 73.058 Thread 0x00000195c1e61550 Exception <a 'java/lang/NoSuchMethodError'{0x0000000089473408}: 'void java.lang.invoke.DirectMethodHandle$Holder.invokeSpecial(java.lang.Object, java.lang.Object, java.lang.Object, java.lang.Object, java.lang.Object, java.lang.Object, java.lang.Object, java.lang.Object)'> (0x0000000089473408) 
thrown [s\open\src\hotspot\share\interpreter\linkResolver.cpp, line 759]
Event: 73.074 Thread 0x00000195c1e61550 Exception <a 'java/lang/NoSuchMethodError'{0x00000000894b70a0}: 'void java.lang.invoke.DirectMethodHandle$Holder.invokeSpecial(java.lang.Object, java.lang.Object, int, java.lang.Object)'> (0x00000000894b70a0) 
thrown [s\open\src\hotspot\share\interpreter\linkResolver.cpp, line 759]
Event: 73.074 Thread 0x00000195c1e61550 Exception <a 'java/lang/NoSuchMethodError'{0x00000000894be628}: 'java.lang.Object java.lang.invoke.DirectMethodHandle$Holder.newInvokeSpecial(java.lang.Object, java.lang.Object, int)'> (0x00000000894be628) 
thrown [s\open\src\hotspot\share\interpreter\linkResolver.cpp, line 759]
Event: 73.192 Thread 0x00000195c1e61550 Exception <a 'java/lang/NoSuchMethodError'{0x00000000892428a0}: 'int java.lang.invoke.DirectMethodHandle$Holder.invokeStatic(java.lang.Object, int, java.lang.Object)'> (0x00000000892428a0) 
thrown [s\open\src\hotspot\share\interpreter\linkResolver.cpp, line 759]
Event: 73.233 Thread 0x00000195c1e61550 Exception <a 'java/lang/NoSuchMethodError'{0x0000000089266470}: 'java.lang.Object java.lang.invoke.DirectMethodHandle$Holder.newInvokeSpecial(java.lang.Object, java.lang.Object, java.lang.Object, java.lang.Object, java.lang.Object, int, java.lang.Object)'> (0x0000000089266470) 
thrown [s\open\src\hotspot\share\interpreter\linkResolver.cpp, line 759]
Event: 73.299 Thread 0x00000195c1e61550 Exception <a 'java/lang/NoSuchMethodError'{0x00000000892a1e30}: 'java.lang.Object java.lang.invoke.DirectMethodHandle$Holder.newInvokeSpecial(java.lang.Object, java.lang.Object, java.lang.Object, java.lang.Object, java.lang.Object, java.lang.Object, java.lang.Object, java.lang.Object, java.lang.Object, java.lang.Object, java.lang.Object, java.lang.Object)'> (0x00000000892a1e30) 
thrown [s\open\src\hotspot\share\interpreter\linkResolver.cpp, line 759]
Event: 73.303 Thread 0x00000195c1e61550 Exception <a 'java/lang/NoSuchMethodError'{0x00000000892a70c0}: 'java.lang.Object java.lang.invoke.DirectMethodHandle$Holder.invokeSpecial(java.lang.Object, java.lang.Object, java.lang.Object, java.lang.Object, java.lang.Object, java.lang.Object, java.lang.Object, java.lang.Object, java.lang.Object, java.lang.Object, java.lang.Object, java.lang.Object, java.lang.Object)'> (0x00000000892a70c0) 
thrown [s\open\src\hotspot\share\interpreter\linkResolver.cpp, line 759]
Event: 73.303 Thread 0x00000195c1e61550 Exception <a 'java/lang/NoSuchMethodError'{0x00000000892abf88}: 'java.lang.Object java.lang.invoke.Invokers$Holder.linkToTargetMethod(java.lang.Object, java.lang.Object, java.lang.Object, java.lang.Object, java.lang.Object, java.lang.Object, java.lang.Object, java.lang.Object, java.lang.Object, java.lang.Object, java.lang.Object, java.lang.Object)'> (0x00000000892abf88) 
thrown [s\open\src\hotspot\share\interpreter\linkResolver.cpp, line 759]
Event: 73.758 Thread 0x00000195c1e61550 Exception <a 'java/lang/IncompatibleClassChangeError'{0x00000000890a1398}: Found class java.lang.Object, but interface was expected> (0x00000000890a1398) 
thrown [s\open\src\hotspot\share\interpreter\linkResolver.cpp, line 826]
Event: 73.904 Thread 0x00000195c1e61550 Exception <a 'java/lang/NoSuchMethodError'{0x0000000088f3b018}: 'java.lang.Object java.lang.invoke.DirectMethodHandle$Holder.newInvokeSpecial(java.lang.Object, java.lang.Object, java.lang.Object, java.lang.Object, java.lang.Object, java.lang.Object, java.lang.Object, int)'> (0x0000000088f3b018) 
thrown [s\open\src\hotspot\share\interpreter\linkResolver.cpp, line 759]
Event: 73.908 Thread 0x00000195c1e61550 Exception <a 'java/lang/NoSuchMethodError'{0x0000000088f407c0}: 'java.lang.Object java.lang.invoke.DirectMethodHandle$Holder.invokeSpecial(java.lang.Object, java.lang.Object, java.lang.Object, java.lang.Object, java.lang.Object, java.lang.Object, java.lang.Object, java.lang.Object, int)'> (0x0000000088f407c0) 
thrown [s\open\src\hotspot\share\interpreter\linkResolver.cpp, line 759]
Event: 73.909 Thread 0x00000195c1e61550 Exception <a 'java/lang/NoSuchMethodError'{0x0000000088f45a38}: 'java.lang.Object java.lang.invoke.Invokers$Holder.linkToTargetMethod(java.lang.Object, java.lang.Object, java.lang.Object, java.lang.Object, java.lang.Object, java.lang.Object, int, java.lang.Object)'> (0x0000000088f45a38) 
thrown [s\open\src\hotspot\share\interpreter\linkResolver.cpp, line 759]

VM Operations (20 events):
Event: 70.757 Executing VM operation: HandshakeAllThreads
Event: 70.757 Executing VM operation: HandshakeAllThreads done
Event: 70.758 Executing VM operation: HandshakeAllThreads
Event: 70.758 Executing VM operation: HandshakeAllThreads done
Event: 70.944 Executing VM operation: HandshakeAllThreads
Event: 70.944 Executing VM operation: HandshakeAllThreads done
Event: 71.939 Executing VM operation: Cleanup
Event: 71.956 Executing VM operation: Cleanup done
Event: 72.060 Executing VM operation: G1CollectForAllocation
Event: 72.073 Executing VM operation: G1CollectForAllocation done
Event: 74.062 Executing VM operation: CollectForMetadataAllocation
Event: 74.096 Executing VM operation: CollectForMetadataAllocation done
Event: 74.172 Executing VM operation: G1Concurrent
Event: 74.189 Executing VM operation: G1Concurrent done
Event: 74.223 Executing VM operation: G1Concurrent
Event: 74.233 Executing VM operation: G1Concurrent done
Event: 75.267 Executing VM operation: HandshakeAllThreads
Event: 75.267 Executing VM operation: HandshakeAllThreads done
Event: 75.267 Executing VM operation: Cleanup
Event: 75.267 Executing VM operation: Cleanup done

Events (20 events):
Event: 70.759 Thread 0x00000195df1f0f10 flushing nmethod 0x00000195d138cc10
Event: 70.759 Thread 0x00000195df1f0f10 flushing nmethod 0x00000195d1471f90
Event: 70.761 Thread 0x00000195df1f0f10 flushing nmethod 0x00000195c98ef010
Event: 70.761 Thread 0x00000195df1f0f10 flushing nmethod 0x00000195c98f0690
Event: 70.765 Thread 0x00000195df1f0f10 flushing nmethod 0x00000195c9d38910
Event: 70.766 Thread 0x00000195df1f0f10 flushing nmethod 0x00000195c9da3d10
Event: 71.994 loading class java/lang/reflect/AnnotatedArrayType
Event: 71.994 loading class java/lang/reflect/AnnotatedArrayType done
Event: 72.760 loading class jdk/internal/reflect/UnsafeObjectFieldAccessorImpl
Event: 72.761 loading class jdk/internal/reflect/UnsafeObjectFieldAccessorImpl done
Event: 75.041 loading class java/util/stream/ReduceOps$5
Event: 75.042 loading class java/util/stream/ReduceOps$5 done
Event: 75.042 loading class java/util/stream/ReduceOps$CountingSink$OfRef
Event: 75.042 loading class java/util/stream/ReduceOps$CountingSink$OfRef done
Event: 75.109 loading class javax/naming/Reference
Event: 75.109 loading class javax/naming/Reference done
Event: 75.655 loading class java/lang/SafeVarargs
Event: 75.655 loading class java/lang/SafeVarargs done
Event: 75.657 loading class sun/reflect/generics/reflectiveObjects/GenericArrayTypeImpl
Event: 75.658 loading class sun/reflect/generics/reflectiveObjects/GenericArrayTypeImpl done


Dynamic libraries:
0x00007ff6801f0000 - 0x00007ff680200000 	C:\Program Files\Java\jdk-17\bin\java.exe
0x00007ffce60d0000 - 0x00007ffce62e7000 	C:\Windows\SYSTEM32\ntdll.dll
0x00007ffce4ea0000 - 0x00007ffce4f64000 	C:\Windows\System32\KERNEL32.DLL
0x00007ffce3640000 - 0x00007ffce39fa000 	C:\Windows\System32\KERNELBASE.dll
0x00007ffce3a80000 - 0x00007ffce3b91000 	C:\Windows\System32\ucrtbase.dll
0x00007ffcb6db0000 - 0x00007ffcb6dc9000 	C:\Program Files\Java\jdk-17\bin\jli.dll
0x00007ffce56e0000 - 0x00007ffce5792000 	C:\Windows\System32\ADVAPI32.dll
0x00007ffce5fe0000 - 0x00007ffce6087000 	C:\Windows\System32\msvcrt.dll
0x00007ffce3ff0000 - 0x00007ffce4097000 	C:\Windows\System32\sechost.dll
0x00007ffce3cf0000 - 0x00007ffce3d18000 	C:\Windows\System32\bcrypt.dll
0x00007ffce49d0000 - 0x00007ffce4ae4000 	C:\Windows\System32\RPCRT4.dll
0x00007ffce4f70000 - 0x00007ffce511e000 	C:\Windows\System32\USER32.dll
0x00007ffce3ba0000 - 0x00007ffce3bc6000 	C:\Windows\System32\win32u.dll
0x00007ffce3eb0000 - 0x00007ffce3ed9000 	C:\Windows\System32\GDI32.dll
0x00007ffce3bd0000 - 0x00007ffce3ceb000 	C:\Windows\System32\gdi32full.dll
0x00007ffce3d20000 - 0x00007ffce3dba000 	C:\Windows\System32\msvcp_win.dll
0x00007ffcb6dd0000 - 0x00007ffcb6deb000 	C:\Program Files\Java\jdk-17\bin\VCRUNTIME140.dll
0x00007ffcd24f0000 - 0x00007ffcd2782000 	C:\Windows\WinSxS\amd64_microsoft.windows.common-controls_6595b64144ccf1df_6.0.22621.4541_none_2710d1c57384c085\COMCTL32.dll
0x00007ffcd53d0000 - 0x00007ffcd53da000 	C:\Windows\SYSTEM32\VERSION.dll
0x00007ffce4b70000 - 0x00007ffce4ba1000 	C:\Windows\System32\IMM32.DLL
0x00007ffcd2420000 - 0x00007ffcd242c000 	C:\Program Files\Java\jdk-17\bin\vcruntime140_1.dll
0x00007ffc7bcb0000 - 0x00007ffc7bd3e000 	C:\Program Files\Java\jdk-17\bin\msvcp140.dll
0x00007ffc3d2c0000 - 0x00007ffc3dea0000 	C:\Program Files\Java\jdk-17\bin\server\jvm.dll
0x00007ffce3ef0000 - 0x00007ffce3ef8000 	C:\Windows\System32\PSAPI.DLL
0x00007ffcc6880000 - 0x00007ffcc6889000 	C:\Windows\SYSTEM32\WSOCK32.dll
0x00007ffce4af0000 - 0x00007ffce4b61000 	C:\Windows\System32\WS2_32.dll
0x00007ffcda5b0000 - 0x00007ffcda5e4000 	C:\Windows\SYSTEM32\WINMM.dll
0x00007ffce2390000 - 0x00007ffce23a8000 	C:\Windows\SYSTEM32\kernel.appcore.dll
0x00007ffcb6da0000 - 0x00007ffcb6daa000 	C:\Program Files\Java\jdk-17\bin\jimage.dll
0x00007ffce0bf0000 - 0x00007ffce0e22000 	C:\Windows\SYSTEM32\DBGHELP.DLL
0x00007ffce5180000 - 0x00007ffce5511000 	C:\Windows\System32\combase.dll
0x00007ffce3dd0000 - 0x00007ffce3ea7000 	C:\Windows\System32\OLEAUT32.dll
0x00007ffcd1f20000 - 0x00007ffcd1f52000 	C:\Windows\SYSTEM32\dbgcore.DLL
0x00007ffce3390000 - 0x00007ffce340b000 	C:\Windows\System32\bcryptPrimitives.dll
0x00007ffc80d70000 - 0x00007ffc80d95000 	C:\Program Files\Java\jdk-17\bin\java.dll
0x00007ffc7b6e0000 - 0x00007ffc7b7b7000 	C:\Program Files\Java\jdk-17\bin\jsvml.dll
0x00007ffce4150000 - 0x00007ffce49c9000 	C:\Windows\System32\SHELL32.dll
0x00007ffce1280000 - 0x00007ffce1b89000 	C:\Windows\SYSTEM32\windows.storage.dll
0x00007ffce1140000 - 0x00007ffce127f000 	C:\Windows\SYSTEM32\wintypes.dll
0x00007ffce4c20000 - 0x00007ffce4d1a000 	C:\Windows\System32\SHCORE.dll
0x00007ffce5120000 - 0x00007ffce517e000 	C:\Windows\System32\shlwapi.dll
0x00007ffce32c0000 - 0x00007ffce32eb000 	C:\Windows\SYSTEM32\profapi.dll
0x00007ffc80d50000 - 0x00007ffc80d69000 	C:\Program Files\Java\jdk-17\bin\net.dll
0x00007ffcd9c80000 - 0x00007ffcd9db6000 	C:\Windows\SYSTEM32\WINHTTP.dll
0x00007ffce2810000 - 0x00007ffce2879000 	C:\Windows\system32\mswsock.dll
0x00007ffc7db00000 - 0x00007ffc7db16000 	C:\Program Files\Java\jdk-17\bin\nio.dll
0x00007ffc7d1e0000 - 0x00007ffc7d1f8000 	C:\Program Files\Java\jdk-17\bin\zip.dll
0x00007ffc81060000 - 0x00007ffc8106a000 	C:\Program Files\Java\jdk-17\bin\management.dll
0x00007ffc80dd0000 - 0x00007ffc80ddb000 	C:\Program Files\Java\jdk-17\bin\management_ext.dll
0x00007ffce1e30000 - 0x00007ffce1e5d000 	C:\Windows\SYSTEM32\IPHLPAPI.DLL
0x00007ffce3f00000 - 0x00007ffce3f09000 	C:\Windows\System32\NSI.dll
0x00007ffcd9c60000 - 0x00007ffcd9c79000 	C:\Windows\SYSTEM32\dhcpcsvc6.DLL
0x00007ffcd9c40000 - 0x00007ffcd9c5f000 	C:\Windows\SYSTEM32\dhcpcsvc.DLL
0x00007ffce1eb0000 - 0x00007ffce1fb2000 	C:\Windows\SYSTEM32\DNSAPI.dll
0x00007ffcd01e0000 - 0x00007ffcd01ea000 	C:\Windows\System32\rasadhlp.dll
0x00007ffcd4ed0000 - 0x00007ffcd4f53000 	C:\Windows\System32\fwpuclnt.dll
0x00007ffc7d1d0000 - 0x00007ffc7d1de000 	C:\Program Files\Java\jdk-17\bin\sunmscapi.dll
0x00007ffce34d0000 - 0x00007ffce3636000 	C:\Windows\System32\CRYPT32.dll
0x00007ffce2c60000 - 0x00007ffce2c8d000 	C:\Windows\SYSTEM32\ncrypt.dll
0x00007ffce2c20000 - 0x00007ffce2c57000 	C:\Windows\SYSTEM32\NTASN1.dll
0x00007ffce2a40000 - 0x00007ffce2a5b000 	C:\Windows\SYSTEM32\CRYPTSP.dll
0x00007ffce22f0000 - 0x00007ffce2325000 	C:\Windows\system32\rsaenh.dll
0x00007ffce28d0000 - 0x00007ffce28f8000 	C:\Windows\SYSTEM32\USERENV.dll
0x00007ffce2a30000 - 0x00007ffce2a3c000 	C:\Windows\SYSTEM32\CRYPTBASE.dll
0x00007ffc81430000 - 0x00007ffc81440000 	C:\Program Files\Java\jdk-17\bin\verify.dll

dbghelp: loaded successfully - version: 4.0.5 - missing functions: none
symbol engine: initialized successfully - sym options: 0x614 - pdb path: .;C:\Program Files\Java\jdk-17\bin;C:\Windows\SYSTEM32;C:\Windows\WinSxS\amd64_microsoft.windows.common-controls_6595b64144ccf1df_6.0.22621.4541_none_2710d1c57384c085;C:\Program Files\Java\jdk-17\bin\server

VM Arguments:
java_command: C:\Users\AHMADOU\AppData\Local\Temp\surefire6676101449495600204\surefirebooter-20250305035207758_3.jar C:\Users\AHMADOU\AppData\Local\Temp\surefire6676101449495600204 2025-03-05T03-52-06_304-jvmRun1 surefire-20250305035207758_1tmp surefire_0-20250305035207758_2tmp
java_class_path (initial): C:\Users\AHMADOU\AppData\Local\Temp\surefire6676101449495600204\surefirebooter-20250305035207758_3.jar
Launcher Type: SUN_STANDARD

[Global flags]
     intx CICompilerCount                          = 2                                         {product} {ergonomic}
     uint ConcGCThreads                            = 1                                         {product} {ergonomic}
     uint G1ConcRefinementThreads                  = 2                                         {product} {ergonomic}
   size_t G1HeapRegionSize                         = 1048576                                   {product} {ergonomic}
    uintx GCDrainStackTargetSize                   = 64                                        {product} {ergonomic}
   size_t InitialHeapSize                          = 130023424                                 {product} {ergonomic}
   size_t MarkStackSize                            = 4194304                                   {product} {ergonomic}
   size_t MaxHeapSize                              = 2055208960                                {product} {ergonomic}
   size_t MaxNewSize                               = 1233125376                                {product} {ergonomic}
   size_t MinHeapDeltaBytes                        = 1048576                                   {product} {ergonomic}
   size_t MinHeapSize                              = 8388608                                   {product} {ergonomic}
    uintx NonNMethodCodeHeapSize                   = 5826188                                {pd product} {ergonomic}
    uintx NonProfiledCodeHeapSize                  = 122916026                              {pd product} {ergonomic}
    uintx ProfiledCodeHeapSize                     = 122916026                              {pd product} {ergonomic}
    uintx ReservedCodeCacheSize                    = 251658240                              {pd product} {ergonomic}
     bool SegmentedCodeCache                       = true                                      {product} {ergonomic}
   size_t SoftMaxHeapSize                          = 2055208960                             {manageable} {ergonomic}
     bool UseCompressedClassPointers               = true                           {product lp64_product} {ergonomic}
     bool UseCompressedOops                        = true                           {product lp64_product} {ergonomic}
     bool UseG1GC                                  = true                                      {product} {ergonomic}
     bool UseLargePagesIndividualAllocation        = false                                  {pd product} {ergonomic}

Logging:
Log output configuration:
 #0: stdout all=warning uptime,level,tags
 #1: stderr all=off uptime,level,tags

Environment Variables:
PATH=C:\ORACLEC19\BASEC19\bin;C:\app\AHMADOU\product\23ai\dbhomeFree\bin;C:\ORACLE19CC\BASE19CC\bin;C:\oracle19C\BASE1\bin;C:\Oracle\BASE\bin;C:\Program Files\Common Files\Oracle\Java\javapath;C:\Windows\system32;C:\Windows;C:\Windows\System32\Wbem;C:\Windows\System32\WindowsPowerShell\v1.0\;C:\Windows\System32\OpenSSH\;%JAVAHOME%\bin;C:\Users\AHMADOU\Downloads\apache-maven-3.9.9\bin;C:\Users\AHMADOU\Downloads\apache-maven-3.9.9\bin;C:\Program Files\Docker\Docker\resources\bin;C:\Users\AHMADOU\AppData\Local\Flutter\flutter\bin;C:\Users\AHMADOU\AppData\Roaming\nvm;C:\Program Files\nodejs;C:\Users\AHMADOU\AppData\Roaming\nvm;C:\composer;C:\Program Files\nodejs\;C:\Users\AHMADOU\AppData\Local\Programs\Python\Python313\python.exe;C:\Program Files\dotnet\;C:\Program Files\Git\cmd;C:\php;C:\ANDROIDEM\cmdline-tools\bin;C:\ANDROIDEM\platform-tools;C:\Apache-maven\apache-maven-3.8.8\bin;C:\Program Files\MySQL\MySQL Shell 8.0\bin\;C:\Users\AHMADOU\AppData\Local\Programs\Python\Launcher\;C:\Users\AHMADOU\AppData\Local\Microsoft\WindowsApps;C:\Users\AHMADOU\AppData\Local\Programs\Microsoft VS Code\bin;C:\wamp64\bin\mysql\mysql8.3.0\bin;C:\Program Files\JetBrains\IntelliJ IDEA 2024.3\bin;;C:\Users\AHMADOU\AppData\Roaming\Composer\vendor\bin;C:\Users\AHMADOU\AppData\Local\Flutter\flutter\bin;C:\Users\AHMADOU\AppData\Roaming\nvm;C:\Program Files\nodejs;C:\Users\AHMADOU\AppData\Roaming\npm;C:\Program Files\PostgreSQL\17\bin;C:\Users\AHMADOU\.dotnet\tools;C:\Program Files\MySQL\MySQL Server 8.0\bin;C:\php;C:\ANDROIDEM\cmdline-tools\bin;C:\ANDROIDEM\platform-tools;
USERNAME=AHMADOU
OS=Windows_NT
PROCESSOR_IDENTIFIER=Intel64 Family 6 Model 122 Stepping 8, GenuineIntel



---------------  S Y S T E M  ---------------

OS:
 Windows 11 , 64 bit Build 22621 (10.0.22621.4391)
OS uptime: 0 days 8:28 hours
Hyper-V role detected

CPU: total 2 (initial active 2) (2 cores per cpu, 1 threads per core) family 6 model 122 stepping 8 microcode 0x20, cx8, cmov, fxsr, mmx, 3dnowpref, sse, sse2, sse3, ssse3, sse4.1, sse4.2, popcnt, tsc, tscinvbit, aes, erms, clmul, sha, clflush, clflushopt, hv

Memory: 4k page, system-wide physical 7832M (349M free)
TotalPageFile size 17924M (AvailPageFile size 3M)
current process WorkingSet (physical memory assigned to process): 233M, peak: 235M
current process commit charge ("private bytes"): 260M, peak: 262M

vm_info: Java HotSpot(TM) 64-Bit Server VM (17.0.12+8-LTS-286) for windows-amd64 JRE (17.0.12+8-LTS-286), built on Jun  5 2024 06:46:59 by "mach5one" with MS VC++ 17.6 (VS2022)

END.
