#
# There is insufficient memory for the Java Runtime Environment to continue.
# Native memory allocation (mmap) failed to map 65536 bytes for Failed to commit metaspace.
# Possible reasons:
#   The system is out of physical RAM or swap space
#   The process is running with CompressedOops enabled, and the Java Heap may be blocking the growth of the native heap
# Possible solutions:
#   Reduce memory load on the system
#   Increase physical memory or swap space
#   Check if swap backing store is full
#   Decrease Java heap size (-Xmx/-Xms)
#   Decrease number of Java threads
#   Decrease Java thread stack sizes (-Xss)
#   Set larger code cache with -XX:ReservedCodeCacheSize=
#   JVM is running with Unscaled Compressed Oops mode in which the Java heap is
#     placed in the first 4GB address space. The Java Heap base address is the
#     maximum limit for the native heap growth. Please use -XX:HeapBaseMinAddress
#     to set the Java Heap base and to place the Java Heap above 4GB virtual address.
# This output file may be truncated or incomplete.
#
#  Out of Memory Error (virtualSpaceNode.cpp:110), pid=2416, tid=16408
#
# JRE version: Java(TM) SE Runtime Environment (17.0.12+8) (build 17.0.12+8-LTS-286)
# Java VM: Java HotSpot(TM) 64-Bit Server VM (17.0.12+8-LTS-286, mixed mode, tiered, compressed oops, compressed class ptrs, g1 gc, windows-amd64)
# No core dump will be written. Minidumps are not enabled by default on client versions of Windows
#

---------------  S U M M A R Y ------------

Command Line: -Dclassworlds.conf=C:\Apache-maven\apache-maven-3.8.8\bin\m2.conf -Dmaven.home=C:\Apache-maven\apache-maven-3.8.8 -Dlibrary.jansi.path=C:\Apache-maven\apache-maven-3.8.8\lib\jansi-native -Dmaven.multiModuleProjectDirectory=D:\examen devops\Gestion-etablissements\BACK-END\gestion_emploi_du_temps\gestion_emploi_du_temps org.codehaus.plexus.classworlds.launcher.Launcher spring-boot:run

Host: Intel(R) Celeron(R) N4020 CPU @ 1.10GHz, 2 cores, 7G,  Windows 11 , 64 bit Build 22621 (10.0.22621.4391)
Time: Thu Mar  6 02:16:26 2025 Greenwich elapsed time: 0.824268 seconds (0d 0h 0m 0s)

---------------  T H R E A D  ---------------

Current thread (0x0000025af2eb42d0):  JavaThread "main" [_thread_in_vm, id=16408, stack(0x000000c39f200000,0x000000c39f300000)]

Stack: [0x000000c39f200000,0x000000c39f300000]
Native frames: (J=compiled Java code, j=interpreted, Vv=VM code, C=native code)
V  [jvm.dll+0x67a04a]
V  [jvm.dll+0x7da4ed]
V  [jvm.dll+0x7dbe33]
V  [jvm.dll+0x7dc4a3]
V  [jvm.dll+0x24508f]
V  [jvm.dll+0x7d60bb]
V  [jvm.dll+0x6206c6]
V  [jvm.dll+0x62072a]
V  [jvm.dll+0x622f4d]
V  [jvm.dll+0x621086]
V  [jvm.dll+0x2429bc]
V  [jvm.dll+0x6d0a9d]
V  [jvm.dll+0x6d146f]
V  [jvm.dll+0x36e355]
V  [jvm.dll+0x36d404]
V  [jvm.dll+0x36d3a8]
V  [jvm.dll+0x561be5]
V  [jvm.dll+0x560b6c]
V  [jvm.dll+0x380f73]
V  [jvm.dll+0x3805df]
C  0x0000025a8754a05d

Java frames: (J=compiled Java code, j=interpreted, Vv=VM code)
j  java.lang.Throwable.getOurStackTrace()[Ljava/lang/StackTraceElement;+30 java.base@17.0.12
j  java.lang.Throwable.printStackTrace(Ljava/lang/Throwable$PrintStreamOrWriter;)V+32 java.base@17.0.12
j  java.lang.Throwable.printStackTrace(Ljava/io/PrintStream;)V+9 java.base@17.0.12
j  java.lang.ThreadGroup.uncaughtException(Ljava/lang/Thread;Ljava/lang/Throwable;)V+82 java.base@17.0.12
j  java.lang.ThreadGroup.uncaughtException(Ljava/lang/Thread;Ljava/lang/Throwable;)V+13 java.base@17.0.12
j  java.lang.Thread.dispatchUncaughtException(Ljava/lang/Throwable;)V+6 java.base@17.0.12
v  ~StubRoutines::call_stub

---------------  P R O C E S S  ---------------

Threads class SMR info:
_java_thread_list=0x0000025a952a9230, length=12, elements={
0x0000025af2eb42d0, 0x0000025aff07c140, 0x0000025aff02b130, 0x0000025aff04be30,
0x0000025aff04e800, 0x0000025aff04f1c0, 0x0000025aff04fb80, 0x0000025aff050920,
0x0000025aff08ea90, 0x0000025a951d9f40, 0x0000025a952c4c90, 0x0000025a952e72b0
}

Java Threads: ( => current thread )
=>0x0000025af2eb42d0 JavaThread "main" [_thread_in_vm, id=16408, stack(0x000000c39f200000,0x000000c39f300000)]
  0x0000025aff07c140 JavaThread "Reference Handler" daemon [_thread_blocked, id=8368, stack(0x000000c39f900000,0x000000c39fa00000)]
  0x0000025aff02b130 JavaThread "Finalizer" daemon [_thread_blocked, id=15120, stack(0x000000c39fa00000,0x000000c39fb00000)]
  0x0000025aff04be30 JavaThread "Signal Dispatcher" daemon [_thread_blocked, id=3504, stack(0x000000c39fb00000,0x000000c39fc00000)]
  0x0000025aff04e800 JavaThread "Attach Listener" daemon [_thread_blocked, id=9156, stack(0x000000c39fc00000,0x000000c39fd00000)]
  0x0000025aff04f1c0 JavaThread "Service Thread" daemon [_thread_blocked, id=16892, stack(0x000000c39fd00000,0x000000c39fe00000)]
  0x0000025aff04fb80 JavaThread "Monitor Deflation Thread" daemon [_thread_blocked, id=17296, stack(0x000000c39fe00000,0x000000c39ff00000)]
  0x0000025aff050920 JavaThread "C2 CompilerThread0" daemon [_thread_blocked, id=16268, stack(0x000000c39ff00000,0x000000c3a0000000)]
  0x0000025aff08ea90 JavaThread "C1 CompilerThread0" daemon [_thread_blocked, id=4604, stack(0x000000c3a0000000,0x000000c3a0100000)]
  0x0000025a951d9f40 JavaThread "Sweeper thread" daemon [_thread_blocked, id=13620, stack(0x000000c3a0100000,0x000000c3a0200000)]
  0x0000025a952c4c90 JavaThread "Notification Thread" daemon [_thread_blocked, id=664, stack(0x000000c3a0200000,0x000000c3a0300000)]
  0x0000025a952e72b0 JavaThread "Common-Cleaner" daemon [_thread_blocked, id=17284, stack(0x000000c3a0400000,0x000000c3a0500000)]

Other Threads:
  0x0000025afeff2040 VMThread "VM Thread" [stack: 0x000000c39f800000,0x000000c39f900000] [id=16100]
  0x0000025a952e3010 WatcherThread [stack: 0x000000c3a0300000,0x000000c3a0400000] [id=15944]
  0x0000025af2f0bc00 GCTaskThread "GC Thread#0" [stack: 0x000000c39f300000,0x000000c39f400000] [id=13020]
  0x0000025af2f1d060 ConcurrentGCThread "G1 Main Marker" [stack: 0x000000c39f400000,0x000000c39f500000] [id=1740]
  0x0000025af2f1da70 ConcurrentGCThread "G1 Conc#0" [stack: 0x000000c39f500000,0x000000c39f600000] [id=16884]
  0x0000025af2f7a800 ConcurrentGCThread "G1 Refine#0" [stack: 0x000000c39f600000,0x000000c39f700000] [id=11652]
  0x0000025af2f7b230 ConcurrentGCThread "G1 Service" [stack: 0x000000c39f700000,0x000000c39f800000] [id=13628]

Threads with active compile tasks:

VM state: not at safepoint (normal execution)

VM Mutex/Monitor currently owned by a thread:  ([mutex/lock_event])
[0x0000025af2eadd30] Metaspace_lock - owner thread: 0x0000025af2eb42d0

OutOfMemory and StackOverflow Exception counts:
OutOfMemoryError java_heap_errors=1

Heap address: 0x0000000085800000, size: 1960 MB, Compressed Oops mode: 32-bit

CDS archive(s) not mapped
Compressed class space mapped at: 0x0000000100000000-0x0000000140000000, reserved size: 1073741824
Narrow klass base: 0x0000000000000000, Narrow klass shift: 3, Narrow klass range: 0x140000000

GC Precious Log:
 CPUs: 2 total, 2 available
 Memory: 7832M
 Large Page Support: Disabled
 NUMA Support: Disabled
 Compressed Oops: Enabled (32-bit)
 Heap Region Size: 1M
 Heap Min Capacity: 8M
 Heap Initial Capacity: 124M
 Heap Max Capacity: 1960M
 Pre-touch: Disabled
 Parallel Workers: 2
 Concurrent Workers: 1
 Concurrent Refinement Workers: 2
 Periodic GC: Disabled

Heap:
 garbage-first heap   total 126976K, used 1024K [0x0000000085800000, 0x0000000100000000)
  region size 1024K, 2 young (2048K), 0 survivors (0K)
 Metaspace       used 4964K, committed 5056K, reserved 1114112K
  class space    used 423K, committed 512K, reserved 1048576K

Heap Regions: E=young(eden), S=young(survivor), O=old, HS=humongous(starts), HC=humongous(continues), CS=collection set, F=free, OA=open archive, CA=closed archive, TAMS=top-at-mark-start (previous, next)
|   0|0x0000000085800000, 0x0000000085800000, 0x0000000085900000|  0%| F|  |TAMS 0x0000000085800000, 0x0000000085800000| Untracked 
|   1|0x0000000085900000, 0x0000000085900000, 0x0000000085a00000|  0%| F|  |TAMS 0x0000000085900000, 0x0000000085900000| Untracked 
|   2|0x0000000085a00000, 0x0000000085a00000, 0x0000000085b00000|  0%| F|  |TAMS 0x0000000085a00000, 0x0000000085a00000| Untracked 
|   3|0x0000000085b00000, 0x0000000085b00000, 0x0000000085c00000|  0%| F|  |TAMS 0x0000000085b00000, 0x0000000085b00000| Untracked 
|   4|0x0000000085c00000, 0x0000000085c00000, 0x0000000085d00000|  0%| F|  |TAMS 0x0000000085c00000, 0x0000000085c00000| Untracked 
|   5|0x0000000085d00000, 0x0000000085d00000, 0x0000000085e00000|  0%| F|  |TAMS 0x0000000085d00000, 0x0000000085d00000| Untracked 
|   6|0x0000000085e00000, 0x0000000085e00000, 0x0000000085f00000|  0%| F|  |TAMS 0x0000000085e00000, 0x0000000085e00000| Untracked 
|   7|0x0000000085f00000, 0x0000000085f00000, 0x0000000086000000|  0%| F|  |TAMS 0x0000000085f00000, 0x0000000085f00000| Untracked 
|   8|0x0000000086000000, 0x0000000086000000, 0x0000000086100000|  0%| F|  |TAMS 0x0000000086000000, 0x0000000086000000| Untracked 
|   9|0x0000000086100000, 0x0000000086100000, 0x0000000086200000|  0%| F|  |TAMS 0x0000000086100000, 0x0000000086100000| Untracked 
|  10|0x0000000086200000, 0x0000000086200000, 0x0000000086300000|  0%| F|  |TAMS 0x0000000086200000, 0x0000000086200000| Untracked 
|  11|0x0000000086300000, 0x0000000086300000, 0x0000000086400000|  0%| F|  |TAMS 0x0000000086300000, 0x0000000086300000| Untracked 
|  12|0x0000000086400000, 0x0000000086400000, 0x0000000086500000|  0%| F|  |TAMS 0x0000000086400000, 0x0000000086400000| Untracked 
|  13|0x0000000086500000, 0x0000000086500000, 0x0000000086600000|  0%| F|  |TAMS 0x0000000086500000, 0x0000000086500000| Untracked 
|  14|0x0000000086600000, 0x0000000086600000, 0x0000000086700000|  0%| F|  |TAMS 0x0000000086600000, 0x0000000086600000| Untracked 
|  15|0x0000000086700000, 0x0000000086700000, 0x0000000086800000|  0%| F|  |TAMS 0x0000000086700000, 0x0000000086700000| Untracked 
|  16|0x0000000086800000, 0x0000000086800000, 0x0000000086900000|  0%| F|  |TAMS 0x0000000086800000, 0x0000000086800000| Untracked 
|  17|0x0000000086900000, 0x0000000086900000, 0x0000000086a00000|  0%| F|  |TAMS 0x0000000086900000, 0x0000000086900000| Untracked 
|  18|0x0000000086a00000, 0x0000000086a00000, 0x0000000086b00000|  0%| F|  |TAMS 0x0000000086a00000, 0x0000000086a00000| Untracked 
|  19|0x0000000086b00000, 0x0000000086b00000, 0x0000000086c00000|  0%| F|  |TAMS 0x0000000086b00000, 0x0000000086b00000| Untracked 
|  20|0x0000000086c00000, 0x0000000086c00000, 0x0000000086d00000|  0%| F|  |TAMS 0x0000000086c00000, 0x0000000086c00000| Untracked 
|  21|0x0000000086d00000, 0x0000000086d00000, 0x0000000086e00000|  0%| F|  |TAMS 0x0000000086d00000, 0x0000000086d00000| Untracked 
|  22|0x0000000086e00000, 0x0000000086e00000, 0x0000000086f00000|  0%| F|  |TAMS 0x0000000086e00000, 0x0000000086e00000| Untracked 
|  23|0x0000000086f00000, 0x0000000086f00000, 0x0000000087000000|  0%| F|  |TAMS 0x0000000086f00000, 0x0000000086f00000| Untracked 
|  24|0x0000000087000000, 0x0000000087000000, 0x0000000087100000|  0%| F|  |TAMS 0x0000000087000000, 0x0000000087000000| Untracked 
|  25|0x0000000087100000, 0x0000000087100000, 0x0000000087200000|  0%| F|  |TAMS 0x0000000087100000, 0x0000000087100000| Untracked 
|  26|0x0000000087200000, 0x0000000087200000, 0x0000000087300000|  0%| F|  |TAMS 0x0000000087200000, 0x0000000087200000| Untracked 
|  27|0x0000000087300000, 0x0000000087300000, 0x0000000087400000|  0%| F|  |TAMS 0x0000000087300000, 0x0000000087300000| Untracked 
|  28|0x0000000087400000, 0x0000000087400000, 0x0000000087500000|  0%| F|  |TAMS 0x0000000087400000, 0x0000000087400000| Untracked 
|  29|0x0000000087500000, 0x0000000087500000, 0x0000000087600000|  0%| F|  |TAMS 0x0000000087500000, 0x0000000087500000| Untracked 
|  30|0x0000000087600000, 0x0000000087600000, 0x0000000087700000|  0%| F|  |TAMS 0x0000000087600000, 0x0000000087600000| Untracked 
|  31|0x0000000087700000, 0x0000000087700000, 0x0000000087800000|  0%| F|  |TAMS 0x0000000087700000, 0x0000000087700000| Untracked 
|  32|0x0000000087800000, 0x0000000087800000, 0x0000000087900000|  0%| F|  |TAMS 0x0000000087800000, 0x0000000087800000| Untracked 
|  33|0x0000000087900000, 0x0000000087900000, 0x0000000087a00000|  0%| F|  |TAMS 0x0000000087900000, 0x0000000087900000| Untracked 
|  34|0x0000000087a00000, 0x0000000087a00000, 0x0000000087b00000|  0%| F|  |TAMS 0x0000000087a00000, 0x0000000087a00000| Untracked 
|  35|0x0000000087b00000, 0x0000000087b00000, 0x0000000087c00000|  0%| F|  |TAMS 0x0000000087b00000, 0x0000000087b00000| Untracked 
|  36|0x0000000087c00000, 0x0000000087c00000, 0x0000000087d00000|  0%| F|  |TAMS 0x0000000087c00000, 0x0000000087c00000| Untracked 
|  37|0x0000000087d00000, 0x0000000087d00000, 0x0000000087e00000|  0%| F|  |TAMS 0x0000000087d00000, 0x0000000087d00000| Untracked 
|  38|0x0000000087e00000, 0x0000000087e00000, 0x0000000087f00000|  0%| F|  |TAMS 0x0000000087e00000, 0x0000000087e00000| Untracked 
|  39|0x0000000087f00000, 0x0000000087f00000, 0x0000000088000000|  0%| F|  |TAMS 0x0000000087f00000, 0x0000000087f00000| Untracked 
|  40|0x0000000088000000, 0x0000000088000000, 0x0000000088100000|  0%| F|  |TAMS 0x0000000088000000, 0x0000000088000000| Untracked 
|  41|0x0000000088100000, 0x0000000088100000, 0x0000000088200000|  0%| F|  |TAMS 0x0000000088100000, 0x0000000088100000| Untracked 
|  42|0x0000000088200000, 0x0000000088200000, 0x0000000088300000|  0%| F|  |TAMS 0x0000000088200000, 0x0000000088200000| Untracked 
|  43|0x0000000088300000, 0x0000000088300000, 0x0000000088400000|  0%| F|  |TAMS 0x0000000088300000, 0x0000000088300000| Untracked 
|  44|0x0000000088400000, 0x0000000088400000, 0x0000000088500000|  0%| F|  |TAMS 0x0000000088400000, 0x0000000088400000| Untracked 
|  45|0x0000000088500000, 0x0000000088500000, 0x0000000088600000|  0%| F|  |TAMS 0x0000000088500000, 0x0000000088500000| Untracked 
|  46|0x0000000088600000, 0x0000000088600000, 0x0000000088700000|  0%| F|  |TAMS 0x0000000088600000, 0x0000000088600000| Untracked 
|  47|0x0000000088700000, 0x0000000088700000, 0x0000000088800000|  0%| F|  |TAMS 0x0000000088700000, 0x0000000088700000| Untracked 
|  48|0x0000000088800000, 0x0000000088800000, 0x0000000088900000|  0%| F|  |TAMS 0x0000000088800000, 0x0000000088800000| Untracked 
|  49|0x0000000088900000, 0x0000000088900000, 0x0000000088a00000|  0%| F|  |TAMS 0x0000000088900000, 0x0000000088900000| Untracked 
|  50|0x0000000088a00000, 0x0000000088a00000, 0x0000000088b00000|  0%| F|  |TAMS 0x0000000088a00000, 0x0000000088a00000| Untracked 
|  51|0x0000000088b00000, 0x0000000088b00000, 0x0000000088c00000|  0%| F|  |TAMS 0x0000000088b00000, 0x0000000088b00000| Untracked 
|  52|0x0000000088c00000, 0x0000000088c00000, 0x0000000088d00000|  0%| F|  |TAMS 0x0000000088c00000, 0x0000000088c00000| Untracked 
|  53|0x0000000088d00000, 0x0000000088d00000, 0x0000000088e00000|  0%| F|  |TAMS 0x0000000088d00000, 0x0000000088d00000| Untracked 
|  54|0x0000000088e00000, 0x0000000088e00000, 0x0000000088f00000|  0%| F|  |TAMS 0x0000000088e00000, 0x0000000088e00000| Untracked 
|  55|0x0000000088f00000, 0x0000000088f00000, 0x0000000089000000|  0%| F|  |TAMS 0x0000000088f00000, 0x0000000088f00000| Untracked 
|  56|0x0000000089000000, 0x0000000089000000, 0x0000000089100000|  0%| F|  |TAMS 0x0000000089000000, 0x0000000089000000| Untracked 
|  57|0x0000000089100000, 0x0000000089100000, 0x0000000089200000|  0%| F|  |TAMS 0x0000000089100000, 0x0000000089100000| Untracked 
|  58|0x0000000089200000, 0x0000000089200000, 0x0000000089300000|  0%| F|  |TAMS 0x0000000089200000, 0x0000000089200000| Untracked 
|  59|0x0000000089300000, 0x0000000089300000, 0x0000000089400000|  0%| F|  |TAMS 0x0000000089300000, 0x0000000089300000| Untracked 
|  60|0x0000000089400000, 0x0000000089400000, 0x0000000089500000|  0%| F|  |TAMS 0x0000000089400000, 0x0000000089400000| Untracked 
|  61|0x0000000089500000, 0x0000000089500000, 0x0000000089600000|  0%| F|  |TAMS 0x0000000089500000, 0x0000000089500000| Untracked 
|  62|0x0000000089600000, 0x0000000089600000, 0x0000000089700000|  0%| F|  |TAMS 0x0000000089600000, 0x0000000089600000| Untracked 
|  63|0x0000000089700000, 0x0000000089700000, 0x0000000089800000|  0%| F|  |TAMS 0x0000000089700000, 0x0000000089700000| Untracked 
|  64|0x0000000089800000, 0x0000000089800000, 0x0000000089900000|  0%| F|  |TAMS 0x0000000089800000, 0x0000000089800000| Untracked 
|  65|0x0000000089900000, 0x0000000089900000, 0x0000000089a00000|  0%| F|  |TAMS 0x0000000089900000, 0x0000000089900000| Untracked 
|  66|0x0000000089a00000, 0x0000000089a00000, 0x0000000089b00000|  0%| F|  |TAMS 0x0000000089a00000, 0x0000000089a00000| Untracked 
|  67|0x0000000089b00000, 0x0000000089b00000, 0x0000000089c00000|  0%| F|  |TAMS 0x0000000089b00000, 0x0000000089b00000| Untracked 
|  68|0x0000000089c00000, 0x0000000089c00000, 0x0000000089d00000|  0%| F|  |TAMS 0x0000000089c00000, 0x0000000089c00000| Untracked 
|  69|0x0000000089d00000, 0x0000000089d00000, 0x0000000089e00000|  0%| F|  |TAMS 0x0000000089d00000, 0x0000000089d00000| Untracked 
|  70|0x0000000089e00000, 0x0000000089e00000, 0x0000000089f00000|  0%| F|  |TAMS 0x0000000089e00000, 0x0000000089e00000| Untracked 
|  71|0x0000000089f00000, 0x0000000089f00000, 0x000000008a000000|  0%| F|  |TAMS 0x0000000089f00000, 0x0000000089f00000| Untracked 
|  72|0x000000008a000000, 0x000000008a000000, 0x000000008a100000|  0%| F|  |TAMS 0x000000008a000000, 0x000000008a000000| Untracked 
|  73|0x000000008a100000, 0x000000008a100000, 0x000000008a200000|  0%| F|  |TAMS 0x000000008a100000, 0x000000008a100000| Untracked 
|  74|0x000000008a200000, 0x000000008a200000, 0x000000008a300000|  0%| F|  |TAMS 0x000000008a200000, 0x000000008a200000| Untracked 
|  75|0x000000008a300000, 0x000000008a300000, 0x000000008a400000|  0%| F|  |TAMS 0x000000008a300000, 0x000000008a300000| Untracked 
|  76|0x000000008a400000, 0x000000008a400000, 0x000000008a500000|  0%| F|  |TAMS 0x000000008a400000, 0x000000008a400000| Untracked 
|  77|0x000000008a500000, 0x000000008a500000, 0x000000008a600000|  0%| F|  |TAMS 0x000000008a500000, 0x000000008a500000| Untracked 
|  78|0x000000008a600000, 0x000000008a600000, 0x000000008a700000|  0%| F|  |TAMS 0x000000008a600000, 0x000000008a600000| Untracked 
|  79|0x000000008a700000, 0x000000008a700000, 0x000000008a800000|  0%| F|  |TAMS 0x000000008a700000, 0x000000008a700000| Untracked 
|  80|0x000000008a800000, 0x000000008a800000, 0x000000008a900000|  0%| F|  |TAMS 0x000000008a800000, 0x000000008a800000| Untracked 
|  81|0x000000008a900000, 0x000000008a900000, 0x000000008aa00000|  0%| F|  |TAMS 0x000000008a900000, 0x000000008a900000| Untracked 
|  82|0x000000008aa00000, 0x000000008aa00000, 0x000000008ab00000|  0%| F|  |TAMS 0x000000008aa00000, 0x000000008aa00000| Untracked 
|  83|0x000000008ab00000, 0x000000008ab00000, 0x000000008ac00000|  0%| F|  |TAMS 0x000000008ab00000, 0x000000008ab00000| Untracked 
|  84|0x000000008ac00000, 0x000000008ac00000, 0x000000008ad00000|  0%| F|  |TAMS 0x000000008ac00000, 0x000000008ac00000| Untracked 
|  85|0x000000008ad00000, 0x000000008ad00000, 0x000000008ae00000|  0%| F|  |TAMS 0x000000008ad00000, 0x000000008ad00000| Untracked 
|  86|0x000000008ae00000, 0x000000008ae00000, 0x000000008af00000|  0%| F|  |TAMS 0x000000008ae00000, 0x000000008ae00000| Untracked 
|  87|0x000000008af00000, 0x000000008af00000, 0x000000008b000000|  0%| F|  |TAMS 0x000000008af00000, 0x000000008af00000| Untracked 
|  88|0x000000008b000000, 0x000000008b000000, 0x000000008b100000|  0%| F|  |TAMS 0x000000008b000000, 0x000000008b000000| Untracked 
|  89|0x000000008b100000, 0x000000008b100000, 0x000000008b200000|  0%| F|  |TAMS 0x000000008b100000, 0x000000008b100000| Untracked 
|  90|0x000000008b200000, 0x000000008b200000, 0x000000008b300000|  0%| F|  |TAMS 0x000000008b200000, 0x000000008b200000| Untracked 
|  91|0x000000008b300000, 0x000000008b300000, 0x000000008b400000|  0%| F|  |TAMS 0x000000008b300000, 0x000000008b300000| Untracked 
|  92|0x000000008b400000, 0x000000008b400000, 0x000000008b500000|  0%| F|  |TAMS 0x000000008b400000, 0x000000008b400000| Untracked 
|  93|0x000000008b500000, 0x000000008b500000, 0x000000008b600000|  0%| F|  |TAMS 0x000000008b500000, 0x000000008b500000| Untracked 
|  94|0x000000008b600000, 0x000000008b600000, 0x000000008b700000|  0%| F|  |TAMS 0x000000008b600000, 0x000000008b600000| Untracked 
|  95|0x000000008b700000, 0x000000008b700000, 0x000000008b800000|  0%| F|  |TAMS 0x000000008b700000, 0x000000008b700000| Untracked 
|  96|0x000000008b800000, 0x000000008b800000, 0x000000008b900000|  0%| F|  |TAMS 0x000000008b800000, 0x000000008b800000| Untracked 
|  97|0x000000008b900000, 0x000000008b900000, 0x000000008ba00000|  0%| F|  |TAMS 0x000000008b900000, 0x000000008b900000| Untracked 
|  98|0x000000008ba00000, 0x000000008ba00000, 0x000000008bb00000|  0%| F|  |TAMS 0x000000008ba00000, 0x000000008ba00000| Untracked 
|  99|0x000000008bb00000, 0x000000008bb00000, 0x000000008bc00000|  0%| F|  |TAMS 0x000000008bb00000, 0x000000008bb00000| Untracked 
| 100|0x000000008bc00000, 0x000000008bc00000, 0x000000008bd00000|  0%| F|  |TAMS 0x000000008bc00000, 0x000000008bc00000| Untracked 
| 101|0x000000008bd00000, 0x000000008bd00000, 0x000000008be00000|  0%| F|  |TAMS 0x000000008bd00000, 0x000000008bd00000| Untracked 
| 102|0x000000008be00000, 0x000000008be00000, 0x000000008bf00000|  0%| F|  |TAMS 0x000000008be00000, 0x000000008be00000| Untracked 
| 103|0x000000008bf00000, 0x000000008bf00000, 0x000000008c000000|  0%| F|  |TAMS 0x000000008bf00000, 0x000000008bf00000| Untracked 
| 104|0x000000008c000000, 0x000000008c000000, 0x000000008c100000|  0%| F|  |TAMS 0x000000008c000000, 0x000000008c000000| Untracked 
| 105|0x000000008c100000, 0x000000008c100000, 0x000000008c200000|  0%| F|  |TAMS 0x000000008c100000, 0x000000008c100000| Untracked 
| 106|0x000000008c200000, 0x000000008c200000, 0x000000008c300000|  0%| F|  |TAMS 0x000000008c200000, 0x000000008c200000| Untracked 
| 107|0x000000008c300000, 0x000000008c300000, 0x000000008c400000|  0%| F|  |TAMS 0x000000008c300000, 0x000000008c300000| Untracked 
| 108|0x000000008c400000, 0x000000008c400000, 0x000000008c500000|  0%| F|  |TAMS 0x000000008c400000, 0x000000008c400000| Untracked 
| 109|0x000000008c500000, 0x000000008c500000, 0x000000008c600000|  0%| F|  |TAMS 0x000000008c500000, 0x000000008c500000| Untracked 
| 110|0x000000008c600000, 0x000000008c600000, 0x000000008c700000|  0%| F|  |TAMS 0x000000008c600000, 0x000000008c600000| Untracked 
| 111|0x000000008c700000, 0x000000008c700000, 0x000000008c800000|  0%| F|  |TAMS 0x000000008c700000, 0x000000008c700000| Untracked 
| 112|0x000000008c800000, 0x000000008c800000, 0x000000008c900000|  0%| F|  |TAMS 0x000000008c800000, 0x000000008c800000| Untracked 
| 113|0x000000008c900000, 0x000000008c900000, 0x000000008ca00000|  0%| F|  |TAMS 0x000000008c900000, 0x000000008c900000| Untracked 
| 114|0x000000008ca00000, 0x000000008ca00000, 0x000000008cb00000|  0%| F|  |TAMS 0x000000008ca00000, 0x000000008ca00000| Untracked 
| 115|0x000000008cb00000, 0x000000008cb00000, 0x000000008cc00000|  0%| F|  |TAMS 0x000000008cb00000, 0x000000008cb00000| Untracked 
| 116|0x000000008cc00000, 0x000000008cc00000, 0x000000008cd00000|  0%| F|  |TAMS 0x000000008cc00000, 0x000000008cc00000| Untracked 
| 117|0x000000008cd00000, 0x000000008cd00000, 0x000000008ce00000|  0%| F|  |TAMS 0x000000008cd00000, 0x000000008cd00000| Untracked 
| 118|0x000000008ce00000, 0x000000008ce00000, 0x000000008cf00000|  0%| F|  |TAMS 0x000000008ce00000, 0x000000008ce00000| Untracked 
| 119|0x000000008cf00000, 0x000000008cf00000, 0x000000008d000000|  0%| F|  |TAMS 0x000000008cf00000, 0x000000008cf00000| Untracked 
| 120|0x000000008d000000, 0x000000008d000000, 0x000000008d100000|  0%| F|  |TAMS 0x000000008d000000, 0x000000008d000000| Untracked 
| 121|0x000000008d100000, 0x000000008d100000, 0x000000008d200000|  0%| F|  |TAMS 0x000000008d100000, 0x000000008d100000| Untracked 
| 122|0x000000008d200000, 0x000000008d23dfa0, 0x000000008d300000| 24%| E|  |TAMS 0x000000008d200000, 0x000000008d200000| Complete 
| 123|0x000000008d300000, 0x000000008d400000, 0x000000008d400000|100%| E|CS|TAMS 0x000000008d300000, 0x000000008d300000| Complete 

Card table byte_map: [0x0000025afa770000,0x0000025afab50000] _byte_map_base: 0x0000025afa344000

Marking Bits (Prev, Next): (CMBitMap*) 0x0000025af2f0c220, (CMBitMap*) 0x0000025af2f0c260
 Prev Bits: [0x0000025afaf30000, 0x0000025afcdd0000)
 Next Bits: [0x0000025afcdd0000, 0x0000025afec70000)

Polling page: 0x0000025af0df0000

Metaspace:

Usage:
  Non-class:      4.43 MB used.
      Class:    423.41 KB used.
       Both:      4.85 MB used.

Virtual space:
  Non-class space:       64.00 MB reserved,       4.44 MB (  7%) committed,  1 nodes.
      Class space:        1.00 GB reserved,     512.00 KB ( <1%) committed,  1 nodes.
             Both:        1.06 GB reserved,       4.94 MB ( <1%) committed. 

Chunk freelists:
   Non-Class:  10.94 MB
       Class:  15.55 MB
        Both:  26.48 MB

MaxMetaspaceSize: unlimited
CompressedClassSpaceSize: 1.00 GB
Initial GC threshold: 21.00 MB
Current GC threshold: 21.00 MB
CDS: off
MetaspaceReclaimPolicy: balanced
 - commit_granule_bytes: 65536.
 - commit_granule_words: 8192.
 - virtual_space_node_default_size: 8388608.
 - enlarge_chunks_in_place: 1.
 - new_chunks_are_fully_committed: 0.
 - uncommit_free_chunks: 1.
 - use_allocation_guard: 0.
 - handle_deallocations: 1.


Internal statistics:

num_allocs_failed_limit: 0.
num_arena_births: 4.
num_arena_deaths: 0.
num_vsnodes_births: 2.
num_vsnodes_deaths: 0.
num_space_committed: 79.
num_space_uncommitted: 0.
num_chunks_returned_to_freelist: 0.
num_chunks_taken_from_freelist: 14.
num_chunk_merges: 0.
num_chunk_splits: 7.
num_chunks_enlarged: 6.
num_inconsistent_stats: 0.

CodeHeap 'non-profiled nmethods': size=120064Kb used=23Kb max_used=23Kb free=120041Kb
 bounds [0x0000025a87ac0000, 0x0000025a87d30000, 0x0000025a8f000000]
CodeHeap 'profiled nmethods': size=120000Kb used=168Kb max_used=168Kb free=119831Kb
 bounds [0x0000025a80000000, 0x0000025a80270000, 0x0000025a87530000]
CodeHeap 'non-nmethods': size=5696Kb used=1055Kb max_used=1069Kb free=4640Kb
 bounds [0x0000025a87530000, 0x0000025a877a0000, 0x0000025a87ac0000]
 total_blobs=443 nmethods=122 adapters=235
 compilation: enabled
              stopped_count=0, restarted_count=0
 full_count=0

Compilation events (20 events):
Event: 0.505 Thread 0x0000025aff08ea90  113       3       jdk.internal.util.ArraysSupport::newLength (27 bytes)
Event: 0.505 Thread 0x0000025aff08ea90 nmethod 113 0x0000025a80027010 code [0x0000025a800271c0, 0x0000025a80027428]
Event: 0.505 Thread 0x0000025aff08ea90  114       1       java.io.File::getPath (5 bytes)
Event: 0.505 Thread 0x0000025aff08ea90 nmethod 114 0x0000025a87ac4f90 code [0x0000025a87ac5120, 0x0000025a87ac51f8]
Event: 0.507 Thread 0x0000025aff050920  115       4       java.net.URI::match (56 bytes)
Event: 0.508 Thread 0x0000025aff08ea90  116       3       java.lang.StringLatin1::replace (198 bytes)
Event: 0.508 Thread 0x0000025aff050920 nmethod 115 0x0000025a87ac5290 code [0x0000025a87ac5400, 0x0000025a87ac54f8]
Event: 0.509 Thread 0x0000025aff08ea90 nmethod 116 0x0000025a80027510 code [0x0000025a800277a0, 0x0000025a800284e8]
Event: 0.513 Thread 0x0000025aff08ea90  117       3       java.lang.AbstractStringBuilder::append (77 bytes)
Event: 0.514 Thread 0x0000025aff08ea90 nmethod 117 0x0000025a80028990 code [0x0000025a80028ba0, 0x0000025a80029228]
Event: 0.514 Thread 0x0000025aff050920  118       4       java.util.concurrent.ConcurrentHashMap::spread (10 bytes)
Event: 0.515 Thread 0x0000025aff050920 nmethod 118 0x0000025a87ac5610 code [0x0000025a87ac5780, 0x0000025a87ac57f8]
Event: 0.515 Thread 0x0000025aff08ea90  119       3       java.io.WinNTFileSystem::isSlash (18 bytes)
Event: 0.515 Thread 0x0000025aff08ea90 nmethod 119 0x0000025a80029490 code [0x0000025a80029620, 0x0000025a800297b8]
Event: 0.516 Thread 0x0000025aff08ea90  120       3       java.lang.CharacterDataLatin1::toLowerCase (39 bytes)
Event: 0.516 Thread 0x0000025aff08ea90 nmethod 120 0x0000025a80029890 code [0x0000025a80029a40, 0x0000025a80029c98]
Event: 0.516 Thread 0x0000025aff08ea90  121       1       java.util.zip.ZipCoder$UTF8ZipCoder::isUTF8 (2 bytes)
Event: 0.517 Thread 0x0000025aff08ea90 nmethod 121 0x0000025a87ac5910 code [0x0000025a87ac5aa0, 0x0000025a87ac5b78]
Event: 0.517 Thread 0x0000025aff08ea90  122       3       java.util.zip.ZipUtils::LG (22 bytes)
Event: 0.517 Thread 0x0000025aff08ea90 nmethod 122 0x0000025a80029d90 code [0x0000025a80029f40, 0x0000025a8002a1b8]

GC Heap History (0 events):
No events

Deoptimization events (0 events):
No events

Classes unloaded (0 events):
No events

Classes redefined (0 events):
No events

Internal exceptions (1 events):
Event: 0.517 Thread 0x0000025af2eb42d0 Exception <a 'java/lang/OutOfMemoryError'{0x000000008d232df8}> (0x000000008d232df8) 
thrown [s\open\src\hotspot\share\prims\jni.cpp, line 535]

VM Operations (2 events):
Event: 0.430 Executing VM operation: HandshakeAllThreads
Event: 0.431 Executing VM operation: HandshakeAllThreads done

Events (20 events):
Event: 0.511 loading class java/util/TreeMap$KeySet
Event: 0.511 loading class java/util/TreeMap$KeySet done
Event: 0.512 loading class java/util/TreeMap$KeyIterator
Event: 0.512 loading class java/util/TreeMap$PrivateEntryIterator
Event: 0.512 loading class java/util/TreeMap$PrivateEntryIterator done
Event: 0.512 loading class java/util/TreeMap$KeyIterator done
Event: 0.512 loading class java/net/URLClassLoader$1
Event: 0.512 loading class java/net/URLClassLoader$1 done
Event: 0.513 loading class jdk/internal/loader/URLClassPath$FileLoader
Event: 0.513 loading class jdk/internal/loader/URLClassPath$FileLoader done
Event: 0.517 loading class java/util/zip/DataFormatException
Event: 0.517 loading class java/util/zip/DataFormatException done
Event: 0.518 loading class java/security/PrivilegedActionException
Event: 0.518 loading class java/security/PrivilegedActionException done
Event: 0.518 loading class java/lang/SecurityException
Event: 0.519 loading class java/lang/SecurityException done
Event: 0.526 loading class java/lang/Throwable$WrappedPrintStream
Event: 0.527 loading class java/lang/Throwable$PrintStreamOrWriter
Event: 0.527 loading class java/lang/Throwable$PrintStreamOrWriter done
Event: 0.527 loading class java/lang/Throwable$WrappedPrintStream done


Dynamic libraries:
0x00007ff6448f0000 - 0x00007ff644900000 	C:\Program Files\Java\jdk-17\bin\java.exe
0x00007ffb9c670000 - 0x00007ffb9c887000 	C:\Windows\SYSTEM32\ntdll.dll
0x00007ffb9bb30000 - 0x00007ffb9bbf4000 	C:\Windows\System32\KERNEL32.DLL
0x00007ffb99d10000 - 0x00007ffb9a0ca000 	C:\Windows\System32\KERNELBASE.dll
0x00007ffb9a240000 - 0x00007ffb9a351000 	C:\Windows\System32\ucrtbase.dll
0x00007ffb83840000 - 0x00007ffb83859000 	C:\Program Files\Java\jdk-17\bin\jli.dll
0x00007ffb9a700000 - 0x00007ffb9a7b2000 	C:\Windows\System32\ADVAPI32.dll
0x00007ffb9c0f0000 - 0x00007ffb9c197000 	C:\Windows\System32\msvcrt.dll
0x00007ffb9c040000 - 0x00007ffb9c0e7000 	C:\Windows\System32\sechost.dll
0x00007ffb99cb0000 - 0x00007ffb99cd8000 	C:\Windows\System32\bcrypt.dll
0x00007ffb9b0d0000 - 0x00007ffb9b1e4000 	C:\Windows\System32\RPCRT4.dll
0x00007ffb9c460000 - 0x00007ffb9c60e000 	C:\Windows\System32\USER32.dll
0x00007ffb99ce0000 - 0x00007ffb99d06000 	C:\Windows\System32\win32u.dll
0x00007ffb9b200000 - 0x00007ffb9b229000 	C:\Windows\System32\GDI32.dll
0x00007ffb99b90000 - 0x00007ffb99cab000 	C:\Windows\System32\gdi32full.dll
0x00007ffb99af0000 - 0x00007ffb99b8a000 	C:\Windows\System32\msvcp_win.dll
0x00007ffb91830000 - 0x00007ffb9184b000 	C:\Program Files\Java\jdk-17\bin\VCRUNTIME140.dll
0x00007ffb86af0000 - 0x00007ffb86d82000 	C:\Windows\WinSxS\amd64_microsoft.windows.common-controls_6595b64144ccf1df_6.0.22621.4541_none_2710d1c57384c085\COMCTL32.dll
0x00007ffb8fe40000 - 0x00007ffb8fe4a000 	C:\Windows\SYSTEM32\VERSION.dll
0x00007ffb9bc60000 - 0x00007ffb9bc91000 	C:\Windows\System32\IMM32.DLL
0x00007ffb83830000 - 0x00007ffb8383c000 	C:\Program Files\Java\jdk-17\bin\vcruntime140_1.dll
0x00007ffb696a0000 - 0x00007ffb6972e000 	C:\Program Files\Java\jdk-17\bin\msvcp140.dll
0x00007ffaf6620000 - 0x00007ffaf7200000 	C:\Program Files\Java\jdk-17\bin\server\jvm.dll
0x00007ffb9b1f0000 - 0x00007ffb9b1f8000 	C:\Windows\System32\PSAPI.DLL
0x00007ffb76e00000 - 0x00007ffb76e09000 	C:\Windows\SYSTEM32\WSOCK32.dll
0x00007ffb9a7c0000 - 0x00007ffb9a831000 	C:\Windows\System32\WS2_32.dll
0x00007ffb91920000 - 0x00007ffb91954000 	C:\Windows\SYSTEM32\WINMM.dll
0x00007ffb988e0000 - 0x00007ffb988f8000 	C:\Windows\SYSTEM32\kernel.appcore.dll
0x00007ffb7adb0000 - 0x00007ffb7adba000 	C:\Program Files\Java\jdk-17\bin\jimage.dll
0x00007ffb97300000 - 0x00007ffb97532000 	C:\Windows\SYSTEM32\DBGHELP.DLL
0x00007ffb9a360000 - 0x00007ffb9a6f1000 	C:\Windows\System32\combase.dll
0x00007ffb9b7b0000 - 0x00007ffb9b887000 	C:\Windows\System32\OLEAUT32.dll
0x00007ffb79dd0000 - 0x00007ffb79e02000 	C:\Windows\SYSTEM32\dbgcore.DLL
0x00007ffb99930000 - 0x00007ffb999ab000 	C:\Windows\System32\bcryptPrimitives.dll
0x00007ffb7ad80000 - 0x00007ffb7ada5000 	C:\Program Files\Java\jdk-17\bin\java.dll
0x00007ffb695c0000 - 0x00007ffb69697000 	C:\Program Files\Java\jdk-17\bin\jsvml.dll
0x00007ffb9a840000 - 0x00007ffb9b0b9000 	C:\Windows\System32\SHELL32.dll
0x00007ffb97820000 - 0x00007ffb98129000 	C:\Windows\SYSTEM32\windows.storage.dll
0x00007ffb976e0000 - 0x00007ffb9781f000 	C:\Windows\SYSTEM32\wintypes.dll
0x00007ffb9c350000 - 0x00007ffb9c44a000 	C:\Windows\System32\SHCORE.dll
0x00007ffb9bad0000 - 0x00007ffb9bb2e000 	C:\Windows\System32\shlwapi.dll
0x00007ffb99860000 - 0x00007ffb9988b000 	C:\Windows\SYSTEM32\profapi.dll
0x00007ffb695a0000 - 0x00007ffb695b9000 	C:\Program Files\Java\jdk-17\bin\net.dll
0x00007ffb90100000 - 0x00007ffb90236000 	C:\Windows\SYSTEM32\WINHTTP.dll
0x00007ffb98dc0000 - 0x00007ffb98e29000 	C:\Windows\system32\mswsock.dll
0x00007ffb69580000 - 0x00007ffb69596000 	C:\Program Files\Java\jdk-17\bin\nio.dll
0x00007ffb69560000 - 0x00007ffb69578000 	C:\Program Files\Java\jdk-17\bin\zip.dll

dbghelp: loaded successfully - version: 4.0.5 - missing functions: none
symbol engine: initialized successfully - sym options: 0x614 - pdb path: .;C:\Program Files\Java\jdk-17\bin;C:\Windows\SYSTEM32;C:\Windows\WinSxS\amd64_microsoft.windows.common-controls_6595b64144ccf1df_6.0.22621.4541_none_2710d1c57384c085;C:\Program Files\Java\jdk-17\bin\server

VM Arguments:
jvm_args: -Dclassworlds.conf=C:\Apache-maven\apache-maven-3.8.8\bin\m2.conf -Dmaven.home=C:\Apache-maven\apache-maven-3.8.8 -Dlibrary.jansi.path=C:\Apache-maven\apache-maven-3.8.8\lib\jansi-native -Dmaven.multiModuleProjectDirectory=D:\examen devops\Gestion-etablissements\BACK-END\gestion_emploi_du_temps\gestion_emploi_du_temps 
java_command: org.codehaus.plexus.classworlds.launcher.Launcher spring-boot:run
java_class_path (initial): C:\Apache-maven\apache-maven-3.8.8\boot\plexus-classworlds-2.6.0.jar
Launcher Type: SUN_STANDARD

[Global flags]
     intx CICompilerCount                          = 2                                         {product} {ergonomic}
     uint ConcGCThreads                            = 1                                         {product} {ergonomic}
     uint G1ConcRefinementThreads                  = 2                                         {product} {ergonomic}
   size_t G1HeapRegionSize                         = 1048576                                   {product} {ergonomic}
    uintx GCDrainStackTargetSize                   = 64                                        {product} {ergonomic}
   size_t InitialHeapSize                          = 130023424                                 {product} {ergonomic}
   size_t MarkStackSize                            = 4194304                                   {product} {ergonomic}
   size_t MaxHeapSize                              = 2055208960                                {product} {ergonomic}
   size_t MaxNewSize                               = 1233125376                                {product} {ergonomic}
   size_t MinHeapDeltaBytes                        = 1048576                                   {product} {ergonomic}
   size_t MinHeapSize                              = 8388608                                   {product} {ergonomic}
    uintx NonNMethodCodeHeapSize                   = 5826188                                {pd product} {ergonomic}
    uintx NonProfiledCodeHeapSize                  = 122916026                              {pd product} {ergonomic}
    uintx ProfiledCodeHeapSize                     = 122916026                              {pd product} {ergonomic}
    uintx ReservedCodeCacheSize                    = 251658240                              {pd product} {ergonomic}
     bool SegmentedCodeCache                       = true                                      {product} {ergonomic}
   size_t SoftMaxHeapSize                          = 2055208960                             {manageable} {ergonomic}
     bool UseCompressedClassPointers               = true                           {product lp64_product} {ergonomic}
     bool UseCompressedOops                        = true                           {product lp64_product} {ergonomic}
     bool UseG1GC                                  = true                                      {product} {ergonomic}
     bool UseLargePagesIndividualAllocation        = false                                  {pd product} {ergonomic}

Logging:
Log output configuration:
 #0: stdout all=warning uptime,level,tags
 #1: stderr all=off uptime,level,tags

Environment Variables:
PATH=C:\ORACLEC19\BASEC19\bin;C:\app\AHMADOU\product\23ai\dbhomeFree\bin;C:\ORACLE19CC\BASE19CC\bin;C:\oracle19C\BASE1\bin;C:\Oracle\BASE\bin;C:\Program Files\Common Files\Oracle\Java\javapath;C:\Windows\system32;C:\Windows;C:\Windows\System32\Wbem;C:\Windows\System32\WindowsPowerShell\v1.0\;C:\Windows\System32\OpenSSH\;C:\Program Files\Java\jdk-17\bin;C:\Users\AHMADOU\Downloads\apache-maven-3.9.9\bin;C:\Users\AHMADOU\Downloads\apache-maven-3.9.9\bin;C:\Program Files\Docker\Docker\resources\bin;C:\Users\AHMADOU\AppData\Local\Flutter\flutter\bin;C:\Users\AHMADOU\AppData\Roaming\nvm;C:\Program Files\nodejs;C:\Users\AHMADOU\AppData\Roaming\nvm;C:\composer;C:\Program Files\nodejs\;C:\Users\AHMADOU\AppData\Local\Programs\Python\Python313\python.exe;C:\Program Files\dotnet\;C:\Program Files\Git\cmd;C:\php;C:\ANDROIDEM\cmdline-tools\bin;C:\ANDROIDEM\platform-tools;C:\Apache-maven\apache-maven-3.8.8\bin;%JAVA_HOME%\bin;D:\kubernetes\kubectl.exe;C:\terraform;C:\Program Files\MySQL\MySQL Shell 8.0\bin\;C:\Users\AHMADOU\AppData\Local\Programs\Python\Launcher\;C:\Users\AHMADOU\AppData\Local\Microsoft\WindowsApps;C:\Users\AHMADOU\AppData\Local\Programs\Microsoft VS Code\bin;C:\wamp64\bin\mysql\mysql8.3.0\bin;C:\Program Files\JetBrains\IntelliJ IDEA 2024.3\bin;;C:\Users\AHMADOU\AppData\Roaming\Composer\vendor\bin;C:\Users\AHMADOU\AppData\Local\Flutter\flutter\bin;C:\Users\AHMADOU\AppData\Roaming\nvm;C:\Program Files\nodejs;C:\Users\AHMADOU\AppData\Roaming\npm;C:\Program Files\PostgreSQL\17\bin;C:\Users\AHMADOU\.dotnet\tools;C:\Program Files\MySQL\MySQL Server 8.0\bin;C:\php;C:\ANDROIDEM\cmdline-tools\bin;C:\ANDROIDEM\platform-tools;
USERNAME=AHMADOU
OS=Windows_NT
PROCESSOR_IDENTIFIER=Intel64 Family 6 Model 122 Stepping 8, GenuineIntel



---------------  S Y S T E M  ---------------

OS:
 Windows 11 , 64 bit Build 22621 (10.0.22621.4391)
OS uptime: 0 days 7:23 hours
Hyper-V role detected

CPU: total 2 (initial active 2) (2 cores per cpu, 1 threads per core) family 6 model 122 stepping 8 microcode 0x20, cx8, cmov, fxsr, mmx, 3dnowpref, sse, sse2, sse3, ssse3, sse4.1, sse4.2, popcnt, tsc, tscinvbit, aes, erms, clmul, sha, clflush, clflushopt, hv

Memory: 4k page, system-wide physical 7832M (354M free)
TotalPageFile size 15641M (AvailPageFile size 3M)
current process WorkingSet (physical memory assigned to process): 29M, peak: 29M
current process commit charge ("private bytes"): 187M, peak: 189M

vm_info: Java HotSpot(TM) 64-Bit Server VM (17.0.12+8-LTS-286) for windows-amd64 JRE (17.0.12+8-LTS-286), built on Jun  5 2024 06:46:59 by "mach5one" with MS VC++ 17.6 (VS2022)

END.
