#
# There is insufficient memory for the Java Runtime Environment to continue.
# Native memory allocation (mmap) failed to map 45088768 bytes for G1 virtual space
# Possible reasons:
#   The system is out of physical RAM or swap space
#   The process is running with CompressedOops enabled, and the Java Heap may be blocking the growth of the native heap
# Possible solutions:
#   Reduce memory load on the system
#   Increase physical memory or swap space
#   Check if swap backing store is full
#   Decrease Java heap size (-Xmx/-Xms)
#   Decrease number of Java threads
#   Decrease Java thread stack sizes (-Xss)
#   Set larger code cache with -XX:ReservedCodeCacheSize=
#   JVM is running with Unscaled Compressed Oops mode in which the Java heap is
#     placed in the first 4GB address space. The Java Heap base address is the
#     maximum limit for the native heap growth. Please use -XX:HeapBaseMinAddress
#     to set the Java Heap base and to place the Java Heap above 4GB virtual address.
# This output file may be truncated or incomplete.
#
#  Out of Memory Error (os_windows.cpp:3548), pid=4804, tid=1248
#
# JRE version: Java(TM) SE Runtime Environment (17.0.12+8) (build 17.0.12+8-LTS-286)
# Java VM: Java HotSpot(TM) 64-Bit Server VM (17.0.12+8-LTS-286, mixed mode, emulated-client, sharing, tiered, compressed oops, compressed class ptrs, g1 gc, windows-amd64)
# No core dump will be written. Minidumps are not enabled by default on client versions of Windows
#

---------------  S U M M A R Y ------------

Command Line: -XX:TieredStopAtLevel=1 com.gestionemploidutemps.gestion_emploi_du_temps.GestionEmploiDuTempsApplication

Host: Intel(R) Celeron(R) N4020 CPU @ 1.10GHz, 2 cores, 7G,  Windows 11 , 64 bit Build 22621 (10.0.22621.4391)
Time: Wed Mar  5 15:38:03 2025 Greenwich elapsed time: 31.092168 seconds (0d 0h 0m 31s)

---------------  T H R E A D  ---------------

Current thread (0x0000019fd69c0010):  VMThread "VM Thread" [stack: 0x00000063d1a00000,0x00000063d1b00000] [id=1248]

Stack: [0x00000063d1a00000,0x00000063d1b00000]
Native frames: (J=compiled Java code, j=interpreted, Vv=VM code, C=native code)
V  [jvm.dll+0x67a04a]
V  [jvm.dll+0x7da4ed]
V  [jvm.dll+0x7dbe33]
V  [jvm.dll+0x7dc4a3]
V  [jvm.dll+0x24508f]
V  [jvm.dll+0x677089]
V  [jvm.dll+0x66bd32]
V  [jvm.dll+0x301fa6]
V  [jvm.dll+0x309546]
V  [jvm.dll+0x359d2e]
V  [jvm.dll+0x359f5f]
V  [jvm.dll+0x2d9078]
V  [jvm.dll+0x2d74ad]
V  [jvm.dll+0x2d6afc]
V  [jvm.dll+0x31a65b]
V  [jvm.dll+0x7e0d9b]
V  [jvm.dll+0x7e1ad4]
V  [jvm.dll+0x7e1fed]
V  [jvm.dll+0x7e23c4]
V  [jvm.dll+0x7e2490]
V  [jvm.dll+0x78abea]
V  [jvm.dll+0x678f35]
C  [ucrtbase.dll+0x29333]
C  [KERNEL32.DLL+0x1259d]
C  [ntdll.dll+0x5af38]

VM_Operation (0x00000063d29fd530): G1CollectForAllocation, mode: safepoint, requested by thread 0x0000019fdb51efa0


---------------  P R O C E S S  ---------------

Threads class SMR info:
_java_thread_list=0x0000019fdd5fce70, length=21, elements={
0x0000019fc39be090, 0x0000019fd69c53c0, 0x0000019fd69c8050, 0x0000019fd69ddf20,
0x0000019fd69de7f0, 0x0000019fd69df0c0, 0x0000019fd69df990, 0x0000019fd69e0310,
0x0000019fd69e1230, 0x0000019fd6c36f10, 0x0000019fd6c3d880, 0x0000019fdb51f930,
0x0000019fdb51efa0, 0x0000019fdb331070, 0x0000019fdb3f0010, 0x0000019fdcacb020,
0x0000019fd6a36fa0, 0x0000019fd6a374b0, 0x0000019fdd5bb570, 0x0000019fdc9ed530,
0x0000019fdd5bfc50
}

Java Threads: ( => current thread )
  0x0000019fc39be090 JavaThread "main" [_thread_blocked, id=15632, stack(0x00000063d1300000,0x00000063d1400000)]
  0x0000019fd69c53c0 JavaThread "Reference Handler" daemon [_thread_blocked, id=16560, stack(0x00000063d1b00000,0x00000063d1c00000)]
  0x0000019fd69c8050 JavaThread "Finalizer" daemon [_thread_blocked, id=18704, stack(0x00000063d1c00000,0x00000063d1d00000)]
  0x0000019fd69ddf20 JavaThread "Signal Dispatcher" daemon [_thread_blocked, id=16420, stack(0x00000063d1d00000,0x00000063d1e00000)]
  0x0000019fd69de7f0 JavaThread "Attach Listener" daemon [_thread_blocked, id=16956, stack(0x00000063d1e00000,0x00000063d1f00000)]
  0x0000019fd69df0c0 JavaThread "Service Thread" daemon [_thread_blocked, id=19304, stack(0x00000063d1f00000,0x00000063d2000000)]
  0x0000019fd69df990 JavaThread "Monitor Deflation Thread" daemon [_thread_blocked, id=11168, stack(0x00000063d2000000,0x00000063d2100000)]
  0x0000019fd69e0310 JavaThread "C1 CompilerThread0" daemon [_thread_blocked, id=17212, stack(0x00000063d2100000,0x00000063d2200000)]
  0x0000019fd69e1230 JavaThread "Sweeper thread" daemon [_thread_blocked, id=12688, stack(0x00000063d2200000,0x00000063d2300000)]
  0x0000019fd6c36f10 JavaThread "Notification Thread" daemon [_thread_blocked, id=17432, stack(0x00000063d2300000,0x00000063d2400000)]
  0x0000019fd6c3d880 JavaThread "Common-Cleaner" daemon [_thread_blocked, id=13232, stack(0x00000063d2500000,0x00000063d2600000)]
  0x0000019fdb51f930 JavaThread "Thread-0" [_thread_blocked, id=18208, stack(0x00000063d2800000,0x00000063d2900000)]
  0x0000019fdb51efa0 JavaThread "restartedMain" [_thread_blocked, id=13952, stack(0x00000063d2900000,0x00000063d2a00000)]
  0x0000019fdb331070 JavaThread "Catalina-utility-1" [_thread_blocked, id=11176, stack(0x00000063d2b00000,0x00000063d2c00000)]
  0x0000019fdb3f0010 JavaThread "Catalina-utility-2" [_thread_blocked, id=8808, stack(0x00000063d2c00000,0x00000063d2d00000)]
  0x0000019fdcacb020 JavaThread "container-0" [_thread_blocked, id=10852, stack(0x00000063d2d00000,0x00000063d2e00000)]
  0x0000019fd6a36fa0 JavaThread "PostgreSQL-JDBC-Cleaner" daemon [_thread_blocked, id=3776, stack(0x00000063d2f00000,0x00000063d3000000)]
  0x0000019fd6a374b0 JavaThread "HikariPool-1 housekeeper" daemon [_thread_blocked, id=18664, stack(0x00000063d3000000,0x00000063d3100000)]
  0x0000019fdd5bb570 JavaThread "spring.cloud.inetutils" daemon [_thread_blocked, id=16380, stack(0x00000063d2600000,0x00000063d2700000)]
  0x0000019fdc9ed530 JavaThread "C1 CompilerThread1" daemon [_thread_blocked, id=16368, stack(0x00000063d3100000,0x00000063d3200000)]
  0x0000019fdd5bfc50 JavaThread "File Watcher" daemon [_thread_blocked, id=14088, stack(0x00000063d3200000,0x00000063d3300000)]

Other Threads:
=>0x0000019fd69c0010 VMThread "VM Thread" [stack: 0x00000063d1a00000,0x00000063d1b00000] [id=1248]
  0x0000019fd6c39c10 WatcherThread [stack: 0x00000063d2400000,0x00000063d2500000] [id=14272]
  0x0000019fc5a063b0 GCTaskThread "GC Thread#0" [stack: 0x00000063d1500000,0x00000063d1600000] [id=16440]
  0x0000019fd6f65920 GCTaskThread "GC Thread#1" [stack: 0x00000063d2700000,0x00000063d2800000] [id=12084]
  0x0000019fc5a17890 ConcurrentGCThread "G1 Main Marker" [stack: 0x00000063d1600000,0x00000063d1700000] [id=17692]
  0x0000019fc5a182a0 ConcurrentGCThread "G1 Conc#0" [stack: 0x00000063d1700000,0x00000063d1800000] [id=14008]
  0x0000019fc5a55290 ConcurrentGCThread "G1 Refine#0" [stack: 0x00000063d1800000,0x00000063d1900000] [id=6536]
  0x0000019fdc691460 ConcurrentGCThread "G1 Refine#1" [stack: 0x00000063d2a00000,0x00000063d2b00000] [id=16332]
  0x0000019fc5a55cc0 ConcurrentGCThread "G1 Service" [stack: 0x00000063d1900000,0x00000063d1a00000] [id=11540]

Threads with active compile tasks:

VM state: at safepoint (normal execution)

VM Mutex/Monitor currently owned by a thread:  ([mutex/lock_event])
[0x0000019fc39baf80] Threads_lock - owner thread: 0x0000019fd69c0010
[0x0000019fc39bb9a0] Heap_lock - owner thread: 0x0000019fdb51efa0

Heap address: 0x0000000085800000, size: 1960 MB, Compressed Oops mode: 32-bit

CDS archive(s) mapped at: [0x0000019f80000000-0x0000019f80bd0000-0x0000019f80bd0000), size 12386304, SharedBaseAddress: 0x0000019f80000000, ArchiveRelocationMode: 1.
Compressed class space mapped at: 0x0000019f81000000-0x0000019fc1000000, reserved size: 1073741824
Narrow klass base: 0x0000019f80000000, Narrow klass shift: 0, Narrow klass range: 0x100000000

GC Precious Log:
 CPUs: 2 total, 2 available
 Memory: 7832M
 Large Page Support: Disabled
 NUMA Support: Disabled
 Compressed Oops: Enabled (32-bit)
 Heap Region Size: 1M
 Heap Min Capacity: 8M
 Heap Initial Capacity: 124M
 Heap Max Capacity: 1960M
 Pre-touch: Disabled
 Parallel Workers: 2
 Concurrent Workers: 1
 Concurrent Refinement Workers: 2
 Periodic GC: Disabled

Heap:
 garbage-first heap   total 91136K, used 43287K [0x0000000085800000, 0x0000000100000000)
  region size 1024K, 4 young (4096K), 4 survivors (4096K)
 Metaspace       used 64267K, committed 64832K, reserved 1114112K
  class space    used 9421K, committed 9664K, reserved 1048576K

Heap Regions: E=young(eden), S=young(survivor), O=old, HS=humongous(starts), HC=humongous(continues), CS=collection set, F=free, OA=open archive, CA=closed archive, TAMS=top-at-mark-start (previous, next)
|   0|0x0000000085800000, 0x0000000085900000, 0x0000000085900000|100%|HS|  |TAMS 0x0000000085900000, 0x0000000085800000| Complete 
|   1|0x0000000085900000, 0x0000000085a00000, 0x0000000085a00000|100%|HS|  |TAMS 0x0000000085a00000, 0x0000000085900000| Complete 
|   2|0x0000000085a00000, 0x0000000085b00000, 0x0000000085b00000|100%|HS|  |TAMS 0x0000000085b00000, 0x0000000085a00000| Complete 
|   3|0x0000000085b00000, 0x0000000085c00000, 0x0000000085c00000|100%| O|  |TAMS 0x0000000085c00000, 0x0000000085b00000| Untracked 
|   4|0x0000000085c00000, 0x0000000085d00000, 0x0000000085d00000|100%| O|  |TAMS 0x0000000085d00000, 0x0000000085c00000| Untracked 
|   5|0x0000000085d00000, 0x0000000085e00000, 0x0000000085e00000|100%| O|  |TAMS 0x0000000085e00000, 0x0000000085d00000| Untracked 
|   6|0x0000000085e00000, 0x0000000085f00000, 0x0000000085f00000|100%| O|  |TAMS 0x0000000085f00000, 0x0000000085e00000| Untracked 
|   7|0x0000000085f00000, 0x0000000086000000, 0x0000000086000000|100%| O|  |TAMS 0x0000000086000000, 0x0000000085f00000| Untracked 
|   8|0x0000000086000000, 0x0000000086100000, 0x0000000086100000|100%| O|  |TAMS 0x0000000086100000, 0x0000000086000000| Untracked 
|   9|0x0000000086100000, 0x0000000086200000, 0x0000000086200000|100%| O|  |TAMS 0x0000000086200000, 0x0000000086100000| Untracked 
|  10|0x0000000086200000, 0x0000000086300000, 0x0000000086300000|100%| O|  |TAMS 0x0000000086300000, 0x0000000086200000| Untracked 
|  11|0x0000000086300000, 0x0000000086400000, 0x0000000086400000|100%| O|  |TAMS 0x0000000086400000, 0x0000000086300000| Untracked 
|  12|0x0000000086400000, 0x0000000086500000, 0x0000000086500000|100%| O|  |TAMS 0x0000000086500000, 0x0000000086400000| Untracked 
|  13|0x0000000086500000, 0x0000000086600000, 0x0000000086600000|100%| O|  |TAMS 0x0000000086600000, 0x0000000086500000| Untracked 
|  14|0x0000000086600000, 0x0000000086700000, 0x0000000086700000|100%| O|  |TAMS 0x0000000086700000, 0x0000000086600000| Untracked 
|  15|0x0000000086700000, 0x0000000086800000, 0x0000000086800000|100%| O|  |TAMS 0x0000000086800000, 0x0000000086700000| Untracked 
|  16|0x0000000086800000, 0x0000000086900000, 0x0000000086900000|100%| O|  |TAMS 0x0000000086900000, 0x0000000086800000| Untracked 
|  17|0x0000000086900000, 0x0000000086a00000, 0x0000000086a00000|100%| O|  |TAMS 0x0000000086a00000, 0x0000000086900000| Untracked 
|  18|0x0000000086a00000, 0x0000000086aee400, 0x0000000086b00000| 93%| O|  |TAMS 0x0000000086aee400, 0x0000000086a00000| Untracked 
|  19|0x0000000086b00000, 0x0000000086c00000, 0x0000000086c00000|100%| O|  |TAMS 0x0000000086c00000, 0x0000000086b00000| Untracked 
|  20|0x0000000086c00000, 0x0000000086d00000, 0x0000000086d00000|100%| O|  |TAMS 0x0000000086c00000, 0x0000000086c00000| Untracked 
|  21|0x0000000086d00000, 0x0000000086e00000, 0x0000000086e00000|100%| O|  |TAMS 0x0000000086e00000, 0x0000000086d00000| Untracked 
|  22|0x0000000086e00000, 0x0000000086f00000, 0x0000000086f00000|100%| O|  |TAMS 0x0000000086f00000, 0x0000000086e00000| Untracked 
|  23|0x0000000086f00000, 0x0000000087000000, 0x0000000087000000|100%| O|  |TAMS 0x0000000087000000, 0x0000000086f00000| Untracked 
|  24|0x0000000087000000, 0x0000000087100000, 0x0000000087100000|100%| O|  |TAMS 0x0000000087100000, 0x0000000087000000| Untracked 
|  25|0x0000000087100000, 0x0000000087200000, 0x0000000087200000|100%| O|  |TAMS 0x0000000087200000, 0x0000000087100000| Untracked 
|  26|0x0000000087200000, 0x0000000087300000, 0x0000000087300000|100%| O|  |TAMS 0x0000000087300000, 0x0000000087200000| Untracked 
|  27|0x0000000087300000, 0x0000000087400000, 0x0000000087400000|100%| O|  |TAMS 0x0000000087400000, 0x0000000087300000| Untracked 
|  28|0x0000000087400000, 0x0000000087500000, 0x0000000087500000|100%| O|  |TAMS 0x0000000087500000, 0x0000000087400000| Untracked 
|  29|0x0000000087500000, 0x0000000087600000, 0x0000000087600000|100%| O|  |TAMS 0x0000000087600000, 0x0000000087500000| Untracked 
|  30|0x0000000087600000, 0x0000000087700000, 0x0000000087700000|100%| O|  |TAMS 0x0000000087700000, 0x0000000087600000| Untracked 
|  31|0x0000000087700000, 0x0000000087800000, 0x0000000087800000|100%| O|  |TAMS 0x0000000087800000, 0x0000000087700000| Untracked 
|  32|0x0000000087800000, 0x0000000087900000, 0x0000000087900000|100%| O|  |TAMS 0x0000000087900000, 0x0000000087800000| Untracked 
|  33|0x0000000087900000, 0x0000000087a00000, 0x0000000087a00000|100%| O|  |TAMS 0x000000008797c400, 0x0000000087900000| Untracked 
|  34|0x0000000087a00000, 0x0000000087b00000, 0x0000000087b00000|100%| O|  |TAMS 0x0000000087a00000, 0x0000000087a00000| Untracked 
|  35|0x0000000087b00000, 0x0000000087c00000, 0x0000000087c00000|100%| O|  |TAMS 0x0000000087b00000, 0x0000000087b00000| Untracked 
|  36|0x0000000087c00000, 0x0000000087d00000, 0x0000000087d00000|100%| O|  |TAMS 0x0000000087c00000, 0x0000000087c00000| Untracked 
|  37|0x0000000087d00000, 0x0000000087e00000, 0x0000000087e00000|100%| O|  |TAMS 0x0000000087d00000, 0x0000000087d00000| Untracked 
|  38|0x0000000087e00000, 0x0000000087e57a00, 0x0000000087f00000| 34%| O|  |TAMS 0x0000000087e00000, 0x0000000087e00000| Untracked 
|  39|0x0000000087f00000, 0x0000000087f00000, 0x0000000088000000|  0%| F|  |TAMS 0x0000000087f00000, 0x0000000087f00000| Untracked 
|  40|0x0000000088000000, 0x0000000088000000, 0x0000000088100000|  0%| F|  |TAMS 0x0000000088000000, 0x0000000088000000| Untracked 
|  41|0x0000000088100000, 0x0000000088100000, 0x0000000088200000|  0%| F|  |TAMS 0x0000000088100000, 0x0000000088100000| Untracked 
|  42|0x0000000088200000, 0x0000000088200000, 0x0000000088300000|  0%| F|  |TAMS 0x0000000088200000, 0x0000000088200000| Untracked 
|  43|0x0000000088300000, 0x0000000088300000, 0x0000000088400000|  0%| F|  |TAMS 0x0000000088300000, 0x0000000088300000| Untracked 
|  44|0x0000000088400000, 0x0000000088400000, 0x0000000088500000|  0%| F|  |TAMS 0x0000000088400000, 0x0000000088400000| Untracked 
|  45|0x0000000088500000, 0x0000000088500000, 0x0000000088600000|  0%| F|  |TAMS 0x0000000088500000, 0x0000000088500000| Untracked 
|  46|0x0000000088600000, 0x0000000088600000, 0x0000000088700000|  0%| F|  |TAMS 0x0000000088600000, 0x0000000088600000| Untracked 
|  47|0x0000000088700000, 0x0000000088800000, 0x0000000088800000|100%| S|CS|TAMS 0x0000000088700000, 0x0000000088700000| Complete 
|  48|0x0000000088800000, 0x0000000088900000, 0x0000000088900000|100%| S|CS|TAMS 0x0000000088800000, 0x0000000088800000| Complete 
|  49|0x0000000088900000, 0x0000000088a00000, 0x0000000088a00000|100%| S|CS|TAMS 0x0000000088900000, 0x0000000088900000| Complete 
|  50|0x0000000088a00000, 0x0000000088b00000, 0x0000000088b00000|100%| S|CS|TAMS 0x0000000088a00000, 0x0000000088a00000| Complete 
|  51|0x0000000088b00000, 0x0000000088b00000, 0x0000000088c00000|  0%| F|  |TAMS 0x0000000088b00000, 0x0000000088b00000| Untracked 
|  52|0x0000000088c00000, 0x0000000088c00000, 0x0000000088d00000|  0%| F|  |TAMS 0x0000000088c00000, 0x0000000088c00000| Untracked 
|  53|0x0000000088d00000, 0x0000000088d00000, 0x0000000088e00000|  0%| F|  |TAMS 0x0000000088d00000, 0x0000000088d00000| Untracked 
|  54|0x0000000088e00000, 0x0000000088e00000, 0x0000000088f00000|  0%| F|  |TAMS 0x0000000088e00000, 0x0000000088e00000| Untracked 
|  55|0x0000000088f00000, 0x0000000088f00000, 0x0000000089000000|  0%| F|  |TAMS 0x0000000088f00000, 0x0000000088f00000| Untracked 
|  56|0x0000000089000000, 0x0000000089000000, 0x0000000089100000|  0%| F|  |TAMS 0x0000000089000000, 0x0000000089000000| Untracked 
|  57|0x0000000089100000, 0x0000000089100000, 0x0000000089200000|  0%| F|  |TAMS 0x0000000089100000, 0x0000000089100000| Untracked 
|  58|0x0000000089200000, 0x0000000089200000, 0x0000000089300000|  0%| F|  |TAMS 0x0000000089200000, 0x0000000089200000| Untracked 
|  59|0x0000000089300000, 0x0000000089300000, 0x0000000089400000|  0%| F|  |TAMS 0x0000000089300000, 0x0000000089300000| Untracked 
|  60|0x0000000089400000, 0x0000000089400000, 0x0000000089500000|  0%| F|  |TAMS 0x0000000089400000, 0x0000000089400000| Untracked 
|  61|0x0000000089500000, 0x0000000089500000, 0x0000000089600000|  0%| F|  |TAMS 0x0000000089500000, 0x0000000089500000| Untracked 
|  62|0x0000000089600000, 0x0000000089600000, 0x0000000089700000|  0%| F|  |TAMS 0x0000000089600000, 0x0000000089600000| Untracked 
|  63|0x0000000089700000, 0x0000000089700000, 0x0000000089800000|  0%| F|  |TAMS 0x0000000089700000, 0x0000000089700000| Untracked 
|  64|0x0000000089800000, 0x0000000089800000, 0x0000000089900000|  0%| F|  |TAMS 0x0000000089800000, 0x0000000089800000| Untracked 
|  65|0x0000000089900000, 0x0000000089900000, 0x0000000089a00000|  0%| F|  |TAMS 0x0000000089900000, 0x0000000089900000| Untracked 
|  66|0x0000000089a00000, 0x0000000089a00000, 0x0000000089b00000|  0%| F|  |TAMS 0x0000000089a00000, 0x0000000089a00000| Untracked 
|  67|0x0000000089b00000, 0x0000000089b00000, 0x0000000089c00000|  0%| F|  |TAMS 0x0000000089b00000, 0x0000000089b00000| Untracked 
|  68|0x0000000089c00000, 0x0000000089c00000, 0x0000000089d00000|  0%| F|  |TAMS 0x0000000089c00000, 0x0000000089c00000| Untracked 
|  69|0x0000000089d00000, 0x0000000089d00000, 0x0000000089e00000|  0%| F|  |TAMS 0x0000000089d00000, 0x0000000089d00000| Untracked 
|  70|0x0000000089e00000, 0x0000000089e00000, 0x0000000089f00000|  0%| F|  |TAMS 0x0000000089e00000, 0x0000000089e00000| Untracked 
|  71|0x0000000089f00000, 0x0000000089f00000, 0x000000008a000000|  0%| F|  |TAMS 0x0000000089f00000, 0x0000000089f00000| Untracked 
|  72|0x000000008a000000, 0x000000008a000000, 0x000000008a100000|  0%| F|  |TAMS 0x000000008a000000, 0x000000008a000000| Untracked 
|  73|0x000000008a100000, 0x000000008a100000, 0x000000008a200000|  0%| F|  |TAMS 0x000000008a100000, 0x000000008a100000| Untracked 
|  74|0x000000008a200000, 0x000000008a200000, 0x000000008a300000|  0%| F|  |TAMS 0x000000008a200000, 0x000000008a200000| Untracked 
|  75|0x000000008a300000, 0x000000008a300000, 0x000000008a400000|  0%| F|  |TAMS 0x000000008a300000, 0x000000008a300000| Untracked 
|  76|0x000000008a400000, 0x000000008a400000, 0x000000008a500000|  0%| F|  |TAMS 0x000000008a400000, 0x000000008a400000| Untracked 
|  77|0x000000008a500000, 0x000000008a500000, 0x000000008a600000|  0%| F|  |TAMS 0x000000008a500000, 0x000000008a500000| Untracked 
|  78|0x000000008a600000, 0x000000008a600000, 0x000000008a700000|  0%| F|  |TAMS 0x000000008a600000, 0x000000008a600000| Untracked 
|  79|0x000000008a700000, 0x000000008a700000, 0x000000008a800000|  0%| F|  |TAMS 0x000000008a700000, 0x000000008a700000| Untracked 
|  80|0x000000008a800000, 0x000000008a800000, 0x000000008a900000|  0%| F|  |TAMS 0x000000008a800000, 0x000000008a800000| Untracked 
|  81|0x000000008a900000, 0x000000008a900000, 0x000000008aa00000|  0%| F|  |TAMS 0x000000008a900000, 0x000000008a900000| Untracked 
|  82|0x000000008aa00000, 0x000000008aa00000, 0x000000008ab00000|  0%| F|  |TAMS 0x000000008aa00000, 0x000000008aa00000| Untracked 
|  83|0x000000008ab00000, 0x000000008ab00000, 0x000000008ac00000|  0%| F|  |TAMS 0x000000008ab00000, 0x000000008ab00000| Untracked 
|  84|0x000000008ac00000, 0x000000008ac00000, 0x000000008ad00000|  0%| F|  |TAMS 0x000000008ac00000, 0x000000008ac00000| Untracked 
|  85|0x000000008ad00000, 0x000000008ad00000, 0x000000008ae00000|  0%| F|  |TAMS 0x000000008ad00000, 0x000000008ad00000| Untracked 
| 129|0x000000008d900000, 0x000000008d900000, 0x000000008da00000|  0%| F|  |TAMS 0x000000008d900000, 0x000000008d900000| Untracked 
| 130|0x000000008da00000, 0x000000008da00000, 0x000000008db00000|  0%| F|  |TAMS 0x000000008da00000, 0x000000008da00000| Untracked 
| 148|0x000000008ec00000, 0x000000008ec00000, 0x000000008ed00000|  0%| F|  |TAMS 0x000000008ec00000, 0x000000008ec00000| Untracked 

Card table byte_map: [0x0000019fd0250000,0x0000019fd0630000] _byte_map_base: 0x0000019fcfe24000

Marking Bits (Prev, Next): (CMBitMap*) 0x0000019fc5a07a20, (CMBitMap*) 0x0000019fc5a079e0
 Prev Bits: [0x0000019fd28b0000, 0x0000019fd4750000)
 Next Bits: [0x0000019fd0a10000, 0x0000019fd28b0000)

Polling page: 0x0000019fc5160000

Metaspace:

Usage:
  Non-class:     53.56 MB used.
      Class:      9.20 MB used.
       Both:     62.76 MB used.

Virtual space:
  Non-class space:       64.00 MB reserved,      53.88 MB ( 84%) committed,  1 nodes.
      Class space:        1.00 GB reserved,       9.44 MB ( <1%) committed,  1 nodes.
             Both:        1.06 GB reserved,      63.31 MB (  6%) committed. 

Chunk freelists:
   Non-Class:  9.31 MB
       Class:  6.44 MB
        Both:  15.75 MB

MaxMetaspaceSize: unlimited
CompressedClassSpaceSize: 1.00 GB
Initial GC threshold: 21.00 MB
Current GC threshold: 98.75 MB
CDS: on
MetaspaceReclaimPolicy: balanced
 - commit_granule_bytes: 65536.
 - commit_granule_words: 8192.
 - virtual_space_node_default_size: 8388608.
 - enlarge_chunks_in_place: 1.
 - new_chunks_are_fully_committed: 0.
 - uncommit_free_chunks: 1.
 - use_allocation_guard: 0.
 - handle_deallocations: 1.


Internal statistics:

num_allocs_failed_limit: 9.
num_arena_births: 812.
num_arena_deaths: 0.
num_vsnodes_births: 2.
num_vsnodes_deaths: 0.
num_space_committed: 1013.
num_space_uncommitted: 0.
num_chunks_returned_to_freelist: 9.
num_chunks_taken_from_freelist: 3252.
num_chunk_merges: 9.
num_chunk_splits: 2346.
num_chunks_enlarged: 1836.
num_inconsistent_stats: 0.

CodeCache: size=49152Kb used=11349Kb max_used=11349Kb free=37802Kb
 bounds [0x0000019fcd250000, 0x0000019fcdd70000, 0x0000019fd0250000]
 total_blobs=6545 nmethods=5913 adapters=558
 compilation: enabled
              stopped_count=0, restarted_count=0
 full_count=0

Compilation events (20 events):
Event: 30.947 Thread 0x0000019fdc9ed530 5904       1       org.springframework.core.convert.support.GenericConversionService$ConverterCacheKey::equals (51 bytes)
Event: 30.947 Thread 0x0000019fdc9ed530 nmethod 5904 0x0000019fcdd61710 code [0x0000019fcdd618c0, 0x0000019fcdd61ab8]
Event: 30.947 Thread 0x0000019fd69e0310 5905       1       org.springframework.beans.BeanWrapperImpl::setBeanInstance (35 bytes)
Event: 30.948 Thread 0x0000019fd69e0310 nmethod 5905 0x0000019fcdd61c10 code [0x0000019fcdd61de0, 0x0000019fcdd62198]
Event: 30.971 Thread 0x0000019fdc9ed530 5906       1       org.springframework.core.StandardReflectionParameterNameDiscoverer::getParameterNames (45 bytes)
Event: 30.971 Thread 0x0000019fdc9ed530 nmethod 5906 0x0000019fcdd62310 code [0x0000019fcdd624e0, 0x0000019fcdd62878]
Event: 30.971 Thread 0x0000019fd69e0310 5907       1       org.springframework.util.CollectionUtils::newLinkedHashMap (14 bytes)
Event: 30.972 Thread 0x0000019fd69e0310 nmethod 5907 0x0000019fcdd62a90 code [0x0000019fcdd62ca0, 0x0000019fcdd62e58]
Event: 30.987 Thread 0x0000019fdc9ed530 5908       1       sun.reflect.generics.parser.SignatureParser::parseFormalTypeParameter (16 bytes)
Event: 30.988 Thread 0x0000019fdc9ed530 nmethod 5908 0x0000019fcdd62f90 code [0x0000019fcdd63140, 0x0000019fcdd63388]
Event: 30.988 Thread 0x0000019fd69e0310 5909       1       sun.reflect.generics.parser.SignatureParser::parseBounds (112 bytes)
Event: 30.988 Thread 0x0000019fd69e0310 nmethod 5909 0x0000019fcdd63510 code [0x0000019fcdd63760, 0x0000019fcdd63e18]
Event: 30.988 Thread 0x0000019fdc9ed530 5910       1       sun.reflect.generics.tree.FormalTypeParameter::make (10 bytes)
Event: 30.989 Thread 0x0000019fdc9ed530 nmethod 5910 0x0000019fcdd64210 code [0x0000019fcdd643a0, 0x0000019fcdd64538]
Event: 30.989 Thread 0x0000019fd69e0310 5911       1       sun.reflect.generics.tree.FormalTypeParameter::<init> (15 bytes)
Event: 30.989 Thread 0x0000019fd69e0310 nmethod 5911 0x0000019fcdd64610 code [0x0000019fcdd647a0, 0x0000019fcdd648f8]
Event: 31.030 Thread 0x0000019fdc9ed530 5912   !   1       jdk.internal.reflect.GeneratedMethodAccessor2::invoke (63 bytes)
Event: 31.031 Thread 0x0000019fdc9ed530 nmethod 5912 0x0000019fcdd64990 code [0x0000019fcdd64b80, 0x0000019fcdd64f98]
Event: 31.032 Thread 0x0000019fd69e0310 5913   !   1       jdk.proxy1.$Proxy4::annotationType (29 bytes)
Event: 31.032 Thread 0x0000019fd69e0310 nmethod 5913 0x0000019fcdd65210 code [0x0000019fcdd653c0, 0x0000019fcdd655d8]

GC Heap History (20 events):
Event: 10.550 GC heap after
{Heap after GC invocations=10 (full 0):
 garbage-first heap   total 75776K, used 25800K [0x0000000085800000, 0x0000000100000000)
  region size 1024K, 5 young (5120K), 5 survivors (5120K)
 Metaspace       used 30590K, committed 31040K, reserved 1114112K
  class space    used 4379K, committed 4608K, reserved 1048576K
}
Event: 11.106 GC heap before
{Heap before GC invocations=10 (full 0):
 garbage-first heap   total 75776K, used 61640K [0x0000000085800000, 0x0000000100000000)
  region size 1024K, 36 young (36864K), 5 survivors (5120K)
 Metaspace       used 32234K, committed 32768K, reserved 1114112K
  class space    used 4556K, committed 4800K, reserved 1048576K
}
Event: 11.127 GC heap after
{Heap after GC invocations=11 (full 0):
 garbage-first heap   total 75776K, used 29625K [0x0000000085800000, 0x0000000100000000)
  region size 1024K, 4 young (4096K), 4 survivors (4096K)
 Metaspace       used 32234K, committed 32768K, reserved 1114112K
  class space    used 4556K, committed 4800K, reserved 1048576K
}
Event: 12.109 GC heap before
{Heap before GC invocations=11 (full 0):
 garbage-first heap   total 75776K, used 59321K [0x0000000085800000, 0x0000000100000000)
  region size 1024K, 32 young (32768K), 4 survivors (4096K)
 Metaspace       used 34497K, committed 34944K, reserved 1114112K
  class space    used 4882K, committed 5120K, reserved 1048576K
}
Event: 12.123 GC heap after
{Heap after GC invocations=12 (full 0):
 garbage-first heap   total 91136K, used 31180K [0x0000000085800000, 0x0000000100000000)
  region size 1024K, 2 young (2048K), 2 survivors (2048K)
 Metaspace       used 34497K, committed 34944K, reserved 1114112K
  class space    used 4882K, committed 5120K, reserved 1048576K
}
Event: 12.382 GC heap before
{Heap before GC invocations=12 (full 0):
 garbage-first heap   total 91136K, used 40396K [0x0000000085800000, 0x0000000100000000)
  region size 1024K, 12 young (12288K), 2 survivors (2048K)
 Metaspace       used 35540K, committed 35968K, reserved 1114112K
  class space    used 5016K, committed 5248K, reserved 1048576K
}
Event: 12.394 GC heap after
{Heap after GC invocations=13 (full 0):
 garbage-first heap   total 91136K, used 31423K [0x0000000085800000, 0x0000000100000000)
  region size 1024K, 2 young (2048K), 2 survivors (2048K)
 Metaspace       used 35540K, committed 35968K, reserved 1114112K
  class space    used 5016K, committed 5248K, reserved 1048576K
}
Event: 17.607 GC heap before
{Heap before GC invocations=14 (full 0):
 garbage-first heap   total 91136K, used 72383K [0x0000000085800000, 0x0000000100000000)
  region size 1024K, 42 young (43008K), 2 survivors (2048K)
 Metaspace       used 44778K, committed 45248K, reserved 1114112K
  class space    used 6417K, committed 6656K, reserved 1048576K
}
Event: 17.624 GC heap after
{Heap after GC invocations=15 (full 0):
 garbage-first heap   total 91136K, used 33660K [0x0000000085800000, 0x0000000100000000)
  region size 1024K, 5 young (5120K), 5 survivors (5120K)
 Metaspace       used 44778K, committed 45248K, reserved 1114112K
  class space    used 6417K, committed 6656K, reserved 1048576K
}
Event: 17.683 GC heap before
{Heap before GC invocations=15 (full 0):
 garbage-first heap   total 91136K, used 33660K [0x0000000085800000, 0x0000000100000000)
  region size 1024K, 6 young (6144K), 5 survivors (5120K)
 Metaspace       used 44986K, committed 45440K, reserved 1114112K
  class space    used 6461K, committed 6656K, reserved 1048576K
}
Event: 17.703 GC heap after
{Heap after GC invocations=16 (full 0):
 garbage-first heap   total 91136K, used 33874K [0x0000000085800000, 0x0000000100000000)
  region size 1024K, 1 young (1024K), 1 survivors (1024K)
 Metaspace       used 44986K, committed 45440K, reserved 1114112K
  class space    used 6461K, committed 6656K, reserved 1048576K
}
Event: 21.378 GC heap before
{Heap before GC invocations=16 (full 0):
 garbage-first heap   total 91136K, used 72786K [0x0000000085800000, 0x0000000100000000)
  region size 1024K, 39 young (39936K), 1 survivors (1024K)
 Metaspace       used 54049K, committed 54592K, reserved 1114112K
  class space    used 7842K, committed 8128K, reserved 1048576K
}
Event: 21.387 GC heap after
{Heap after GC invocations=17 (full 0):
 garbage-first heap   total 91136K, used 34960K [0x0000000085800000, 0x0000000100000000)
  region size 1024K, 2 young (2048K), 2 survivors (2048K)
 Metaspace       used 54049K, committed 54592K, reserved 1114112K
  class space    used 7842K, committed 8128K, reserved 1048576K
}
Event: 24.964 GC heap before
{Heap before GC invocations=17 (full 0):
 garbage-first heap   total 91136K, used 69776K [0x0000000085800000, 0x0000000100000000)
  region size 1024K, 37 young (37888K), 2 survivors (2048K)
 Metaspace       used 59887K, committed 60416K, reserved 1114112K
  class space    used 8633K, committed 8896K, reserved 1048576K
}
Event: 24.982 GC heap after
{Heap after GC invocations=18 (full 0):
 garbage-first heap   total 91136K, used 37024K [0x0000000085800000, 0x0000000100000000)
  region size 1024K, 4 young (4096K), 4 survivors (4096K)
 Metaspace       used 59887K, committed 60416K, reserved 1114112K
  class space    used 8633K, committed 8896K, reserved 1048576K
}
Event: 26.392 GC heap before
{Heap before GC invocations=19 (full 0):
 garbage-first heap   total 91136K, used 73888K [0x0000000085800000, 0x0000000100000000)
  region size 1024K, 40 young (40960K), 4 survivors (4096K)
 Metaspace       used 61353K, committed 61888K, reserved 1114112K
  class space    used 8940K, committed 9216K, reserved 1048576K
}
Event: 26.413 GC heap after
{Heap after GC invocations=20 (full 0):
 garbage-first heap   total 91136K, used 39870K [0x0000000085800000, 0x0000000100000000)
  region size 1024K, 5 young (5120K), 5 survivors (5120K)
 Metaspace       used 61353K, committed 61888K, reserved 1114112K
  class space    used 8940K, committed 9216K, reserved 1048576K
}
Event: 29.495 GC heap before
{Heap before GC invocations=20 (full 0):
 garbage-first heap   total 91136K, used 73662K [0x0000000085800000, 0x0000000100000000)
  region size 1024K, 38 young (38912K), 5 survivors (5120K)
 Metaspace       used 62867K, committed 63488K, reserved 1114112K
  class space    used 9188K, committed 9472K, reserved 1048576K
}
Event: 29.533 GC heap after
{Heap after GC invocations=21 (full 0):
 garbage-first heap   total 91136K, used 41307K [0x0000000085800000, 0x0000000100000000)
  region size 1024K, 5 young (5120K), 5 survivors (5120K)
 Metaspace       used 62867K, committed 63488K, reserved 1114112K
  class space    used 9188K, committed 9472K, reserved 1048576K
}
Event: 31.062 GC heap before
{Heap before GC invocations=21 (full 0):
 garbage-first heap   total 91136K, used 75099K [0x0000000085800000, 0x0000000100000000)
  region size 1024K, 38 young (38912K), 5 survivors (5120K)
 Metaspace       used 64267K, committed 64832K, reserved 1114112K
  class space    used 9421K, committed 9664K, reserved 1048576K
}

Deoptimization events (10 events):
Event: 10.024 Thread 0x0000019fdb51efa0 DEOPT PACKING pc=0x0000019fcd9fc1b5 sp=0x00000063d29fd4e0
Event: 10.024 Thread 0x0000019fdb51efa0 DEOPT UNPACKING pc=0x0000019fcd2a2b24 sp=0x00000063d29fca88 mode 0
Event: 16.512 Thread 0x0000019fdb51efa0 DEOPT PACKING pc=0x0000019fcd720199 sp=0x00000063d29fd1e0
Event: 16.512 Thread 0x0000019fdb51efa0 DEOPT UNPACKING pc=0x0000019fcd2a2b24 sp=0x00000063d29fc680 mode 3
Event: 16.513 Thread 0x0000019fd6a374b0 DEOPT PACKING pc=0x0000019fcd6e712f sp=0x00000063d30fef60
Event: 16.513 Thread 0x0000019fd6a374b0 DEOPT UNPACKING pc=0x0000019fcd2a2b24 sp=0x00000063d30fe3c8 mode 3
Event: 23.447 Thread 0x0000019fdb51efa0 DEOPT PACKING pc=0x0000019fcd710ea2 sp=0x00000063d29fb6d0
Event: 23.447 Thread 0x0000019fdb51efa0 DEOPT UNPACKING pc=0x0000019fcd2a2b24 sp=0x00000063d29fabd8 mode 3
Event: 23.451 Thread 0x0000019fdb51efa0 DEOPT PACKING pc=0x0000019fcd714825 sp=0x00000063d29fb690
Event: 23.451 Thread 0x0000019fdb51efa0 DEOPT UNPACKING pc=0x0000019fcd2a2b24 sp=0x00000063d29fabd8 mode 3

Classes unloaded (0 events):
No events

Classes redefined (0 events):
No events

Internal exceptions (20 events):
Event: 21.862 Thread 0x0000019fdb51efa0 Exception <a 'java/lang/NoSuchMethodError'{0x000000008a560280}: 'java.lang.Object java.lang.invoke.DirectMethodHandle$Holder.newInvokeSpecial(java.lang.Object, java.lang.Object, java.lang.Object, java.lang.Object, java.lang.Object, java.lang.Object, java.lang.Object, int)'> (0x000000008a560280) 
thrown [s\open\src\hotspot\share\interpreter\linkResolver.cpp, line 759]
Event: 21.863 Thread 0x0000019fdb51efa0 Exception <a 'java/lang/NoSuchMethodError'{0x000000008a565278}: 'java.lang.Object java.lang.invoke.DirectMethodHandle$Holder.invokeSpecial(java.lang.Object, java.lang.Object, java.lang.Object, java.lang.Object, java.lang.Object, java.lang.Object, java.lang.Object, java.lang.Object, int)'> (0x000000008a565278) 
thrown [s\open\src\hotspot\share\interpreter\linkResolver.cpp, line 759]
Event: 21.864 Thread 0x0000019fdb51efa0 Exception <a 'java/lang/NoSuchMethodError'{0x000000008a569d40}: 'java.lang.Object java.lang.invoke.Invokers$Holder.linkToTargetMethod(java.lang.Object, java.lang.Object, java.lang.Object, java.lang.Object, java.lang.Object, java.lang.Object, int, java.lang.Object)'> (0x000000008a569d40) 
thrown [s\open\src\hotspot\share\interpreter\linkResolver.cpp, line 759]
Event: 21.907 Thread 0x0000019fdb51efa0 Exception <a 'java/lang/NoSuchMethodError'{0x000000008a457898}: 'void java.lang.invoke.DirectMethodHandle$Holder.invokeInterface(java.lang.Object, java.lang.Object)'> (0x000000008a457898) 
thrown [s\open\src\hotspot\share\interpreter\linkResolver.cpp, line 759]
Event: 23.344 Thread 0x0000019fdb51efa0 Exception <a 'java/lang/IncompatibleClassChangeError'{0x00000000896df2f0}: Found class java.lang.Object, but interface was expected> (0x00000000896df2f0) 
thrown [s\open\src\hotspot\share\interpreter\linkResolver.cpp, line 826]
Event: 23.512 Thread 0x0000019fdb51efa0 Exception <a 'java/lang/IncompatibleClassChangeError'{0x00000000893a6278}: Found class java.lang.Object, but interface was expected> (0x00000000893a6278) 
thrown [s\open\src\hotspot\share\interpreter\linkResolver.cpp, line 826]
Event: 25.187 Thread 0x0000019fdb51efa0 Exception <a 'java/lang/IncompatibleClassChangeError'{0x000000008d9c1d60}: Found class java.lang.Object, but interface was expected> (0x000000008d9c1d60) 
thrown [s\open\src\hotspot\share\interpreter\linkResolver.cpp, line 826]
Event: 26.178 Thread 0x0000019fdb51efa0 Exception <a 'sun/nio/fs/WindowsException'{0x00000000895ca238}> (0x00000000895ca238) 
thrown [s\open\src\hotspot\share\prims\jni.cpp, line 516]
Event: 26.376 Thread 0x0000019fdb51efa0 Exception <a 'java/lang/IncompatibleClassChangeError'{0x00000000889b07c0}: Found class java.lang.Object, but interface was expected> (0x00000000889b07c0) 
thrown [s\open\src\hotspot\share\interpreter\linkResolver.cpp, line 826]
Event: 26.575 Thread 0x0000019fdb51efa0 Exception <a 'java/lang/NoSuchMethodError'{0x000000008ad17320}: 'void java.lang.invoke.DirectMethodHandle$Holder.invokeVirtual(java.lang.Object, java.lang.Object, long)'> (0x000000008ad17320) 
thrown [s\open\src\hotspot\share\interpreter\linkResolver.cpp, line 759]
Event: 27.987 Thread 0x0000019fdb51efa0 Exception <a 'java/lang/IncompatibleClassChangeError'{0x000000008a322ff0}: Found class java.lang.Object, but interface was expected> (0x000000008a322ff0) 
thrown [s\open\src\hotspot\share\interpreter\linkResolver.cpp, line 826]
Event: 28.201 Thread 0x0000019fdb51efa0 Exception <a 'java/lang/NoSuchMethodError'{0x000000008a154998}: 'java.lang.Object java.lang.invoke.DirectMethodHandle$Holder.newInvokeSpecial(java.lang.Object, java.lang.Object, java.lang.Object, java.lang.Object, java.lang.Object, java.lang.Object, java.lang.Object, java.lang.Object, java.lang.Object)'> (0x000000008a154998) 
thrown [s\open\src\hotspot\share\interpreter\linkResolver.cpp, line 759]
Event: 28.201 Thread 0x0000019fdb51efa0 Exception <a 'java/lang/NoSuchMethodError'{0x000000008a159690}: 'java.lang.Object java.lang.invoke.Invokers$Holder.linkToTargetMethod(java.lang.Object, java.lang.Object, java.lang.Object, java.lang.Object, java.lang.Object, java.lang.Object, java.lang.Object, java.lang.Object, java.lang.Object)'> (0x000000008a159690) 
thrown [s\open\src\hotspot\share\interpreter\linkResolver.cpp, line 759]
Event: 29.200 Thread 0x0000019fdb51efa0 Exception <a 'java/lang/NoSuchMethodError'{0x000000008937f3f8}: 'int java.lang.invoke.DirectMethodHandle$Holder.invokeStatic(java.lang.Object, java.lang.Object, java.lang.Object, java.lang.Object, java.lang.Object)'> (0x000000008937f3f8) 
thrown [s\open\src\hotspot\share\interpreter\linkResolver.cpp, line 759]
Event: 29.891 Thread 0x0000019fdb51efa0 Exception <a 'java/lang/NoSuchMethodError'{0x000000008aaaaf98}: 'double java.lang.invoke.DirectMethodHandle$Holder.invokeStatic(java.lang.Object, java.lang.Object)'> (0x000000008aaaaf98) 
thrown [s\open\src\hotspot\share\interpreter\linkResolver.cpp, line 759]
Event: 30.120 Thread 0x0000019fdb51efa0 Exception <a 'java/lang/NoSuchMethodError'{0x000000008a3b1808}: 'java.lang.Object java.lang.invoke.DirectMethodHandle$Holder.invokeSpecial(java.lang.Object, java.lang.Object, java.lang.Object, java.lang.Object, java.lang.Object, java.lang.Object, java.lang.Object, java.lang.Object, java.lang.Object, java.lang.Object, java.lang.Object)'> (0x000000008a3b1808) 
thrown [s\open\src\hotspot\share\interpreter\linkResolver.cpp, line 759]
Event: 30.120 Thread 0x0000019fdb51efa0 Exception <a 'java/lang/NoSuchMethodError'{0x000000008a3b5c38}: 'java.lang.Object java.lang.invoke.Invokers$Holder.invoke_MT(java.lang.Object, java.lang.Object, java.lang.Object, java.lang.Object, java.lang.Object, java.lang.Object, java.lang.Object, java.lang.Object, java.lang.Object, java.lang.Object, java.lang.Object)'> (0x000000008a3b5c38) 
thrown [s\open\src\hotspot\share\interpreter\linkResolver.cpp, line 759]
Event: 30.429 Thread 0x0000019fdb51efa0 Exception <a 'java/net/BindException'{0x00000000899959c8}: Address already in use: bind> (0x00000000899959c8) 
thrown [s\open\src\hotspot\share\prims\jni.cpp, line 535]
Event: 30.430 Thread 0x0000019fdb51efa0 Exception <a 'java/net/SocketException'{0x0000000089996028}: Socket is not connected: shutdown> (0x0000000089996028) 
thrown [s\open\src\hotspot\share\prims\jni.cpp, line 535]
Event: 30.844 Thread 0x0000019fdb51efa0 Exception <a 'java/lang/IncompatibleClassChangeError'{0x00000000895d44b8}: Found class java.lang.Object, but interface was expected> (0x00000000895d44b8) 
thrown [s\open\src\hotspot\share\interpreter\linkResolver.cpp, line 826]

VM Operations (20 events):
Event: 25.742 Executing VM operation: HandshakeAllThreads done
Event: 25.808 Executing VM operation: HandshakeAllThreads
Event: 25.808 Executing VM operation: HandshakeAllThreads done
Event: 25.810 Executing VM operation: HandshakeAllThreads
Event: 25.810 Executing VM operation: HandshakeAllThreads done
Event: 26.391 Executing VM operation: G1CollectForAllocation
Event: 26.413 Executing VM operation: G1CollectForAllocation done
Event: 26.446 Executing VM operation: HandshakeAllThreads
Event: 26.446 Executing VM operation: HandshakeAllThreads done
Event: 26.804 Executing VM operation: HandshakeAllThreads
Event: 26.804 Executing VM operation: HandshakeAllThreads done
Event: 27.816 Executing VM operation: Cleanup
Event: 27.964 Executing VM operation: Cleanup done
Event: 28.973 Executing VM operation: Cleanup
Event: 29.006 Executing VM operation: Cleanup done
Event: 29.393 Executing VM operation: HandshakeAllThreads
Event: 29.393 Executing VM operation: HandshakeAllThreads done
Event: 29.495 Executing VM operation: G1CollectForAllocation
Event: 29.533 Executing VM operation: G1CollectForAllocation done
Event: 31.062 Executing VM operation: G1CollectForAllocation

Events (20 events):
Event: 29.806 loading class sun/management/BaseOperatingSystemImpl
Event: 29.806 loading class sun/management/BaseOperatingSystemImpl done
Event: 29.806 loading class com/sun/management/internal/OperatingSystemImpl done
Event: 29.811 loading class com/sun/management/UnixOperatingSystemMXBean
Event: 29.811 loading class com/sun/management/UnixOperatingSystemMXBean done
Event: 30.025 loading class java/util/concurrent/atomic/AtomicIntegerArray
Event: 30.025 loading class java/util/concurrent/atomic/AtomicIntegerArray done
Event: 30.080 loading class javax/net/ssl/HostnameVerifier
Event: 30.080 loading class javax/net/ssl/HostnameVerifier done
Event: 30.412 Thread 0x0000019fdd5bfc50 Thread added: 0x0000019fdd5bfc50
Event: 30.428 loading class java/net/Inet4AddressImpl
Event: 30.429 loading class java/net/Inet4AddressImpl done
Event: 30.429 loading class java/net/BindException
Event: 30.429 loading class java/net/BindException done
Event: 30.497 loading class java/util/LinkedList$LLSpliterator
Event: 30.498 loading class java/util/LinkedList$LLSpliterator done
Event: 30.815 loading class javax/net/ssl/SSLContext
Event: 30.816 loading class javax/net/ssl/SSLContext done
Event: 30.864 loading class sun/reflect/generics/repository/FieldRepository
Event: 30.865 loading class sun/reflect/generics/repository/FieldRepository done


Dynamic libraries:
0x00007ff6748b0000 - 0x00007ff6748c0000 	C:\Program Files\Java\jdk-17\bin\java.exe
0x00007ffc5c930000 - 0x00007ffc5cb47000 	C:\Windows\SYSTEM32\ntdll.dll
0x00007ffc5b480000 - 0x00007ffc5b544000 	C:\Windows\System32\KERNEL32.DLL
0x00007ffc59d10000 - 0x00007ffc5a0ca000 	C:\Windows\System32\KERNELBASE.dll
0x00007ffc5a2e0000 - 0x00007ffc5a3f1000 	C:\Windows\System32\ucrtbase.dll
0x00007ffc2d060000 - 0x00007ffc2d079000 	C:\Program Files\Java\jdk-17\bin\jli.dll
0x00007ffc5a8e0000 - 0x00007ffc5a992000 	C:\Windows\System32\ADVAPI32.dll
0x00007ffc5c5d0000 - 0x00007ffc5c677000 	C:\Windows\System32\msvcrt.dll
0x00007ffc5acd0000 - 0x00007ffc5ad77000 	C:\Windows\System32\sechost.dll
0x00007ffc5a480000 - 0x00007ffc5a4a8000 	C:\Windows\System32\bcrypt.dll
0x00007ffc5c710000 - 0x00007ffc5c824000 	C:\Windows\System32\RPCRT4.dll
0x00007ffc5ba10000 - 0x00007ffc5bbbe000 	C:\Windows\System32\USER32.dll
0x00007ffc5a2b0000 - 0x00007ffc5a2d6000 	C:\Windows\System32\win32u.dll
0x00007ffc5a620000 - 0x00007ffc5a649000 	C:\Windows\System32\GDI32.dll
0x00007ffc5a190000 - 0x00007ffc5a2ab000 	C:\Windows\System32\gdi32full.dll
0x00007ffc59c70000 - 0x00007ffc59d0a000 	C:\Windows\System32\msvcp_win.dll
0x00007ffc28280000 - 0x00007ffc2829b000 	C:\Program Files\Java\jdk-17\bin\VCRUNTIME140.dll
0x00007ffc414d0000 - 0x00007ffc41762000 	C:\Windows\WinSxS\amd64_microsoft.windows.common-controls_6595b64144ccf1df_6.0.22621.4541_none_2710d1c57384c085\COMCTL32.dll
0x00007ffc50410000 - 0x00007ffc5041a000 	C:\Windows\SYSTEM32\VERSION.dll
0x00007ffc5ad90000 - 0x00007ffc5adc1000 	C:\Windows\System32\IMM32.DLL
0x00007ffc538c0000 - 0x00007ffc538cc000 	C:\Program Files\Java\jdk-17\bin\vcruntime140_1.dll
0x00007ffbf4fd0000 - 0x00007ffbf505e000 	C:\Program Files\Java\jdk-17\bin\msvcp140.dll
0x00007ffbb3f90000 - 0x00007ffbb4b70000 	C:\Program Files\Java\jdk-17\bin\server\jvm.dll
0x00007ffc5aff0000 - 0x00007ffc5aff8000 	C:\Windows\System32\PSAPI.DLL
0x00007ffc49060000 - 0x00007ffc49069000 	C:\Windows\SYSTEM32\WSOCK32.dll
0x00007ffc5b960000 - 0x00007ffc5b9d1000 	C:\Windows\System32\WS2_32.dll
0x00007ffc50b00000 - 0x00007ffc50b34000 	C:\Windows\SYSTEM32\WINMM.dll
0x00007ffc58b90000 - 0x00007ffc58ba8000 	C:\Windows\SYSTEM32\kernel.appcore.dll
0x00007ffc488b0000 - 0x00007ffc488ba000 	C:\Program Files\Java\jdk-17\bin\jimage.dll
0x00007ffc575c0000 - 0x00007ffc577f2000 	C:\Windows\SYSTEM32\DBGHELP.DLL
0x00007ffc5b550000 - 0x00007ffc5b8e1000 	C:\Windows\System32\combase.dll
0x00007ffc5a800000 - 0x00007ffc5a8d7000 	C:\Windows\System32\OLEAUT32.dll
0x00007ffc49010000 - 0x00007ffc49042000 	C:\Windows\SYSTEM32\dbgcore.DLL
0x00007ffc59bf0000 - 0x00007ffc59c6b000 	C:\Windows\System32\bcryptPrimitives.dll
0x00007ffc1c4b0000 - 0x00007ffc1c4d5000 	C:\Program Files\Java\jdk-17\bin\java.dll
0x00007ffbeecc0000 - 0x00007ffbeed97000 	C:\Program Files\Java\jdk-17\bin\jsvml.dll
0x00007ffc5bbc0000 - 0x00007ffc5c439000 	C:\Windows\System32\SHELL32.dll
0x00007ffc579a0000 - 0x00007ffc582a9000 	C:\Windows\SYSTEM32\windows.storage.dll
0x00007ffc582c0000 - 0x00007ffc583ff000 	C:\Windows\SYSTEM32\wintypes.dll
0x00007ffc5c4d0000 - 0x00007ffc5c5ca000 	C:\Windows\System32\SHCORE.dll
0x00007ffc5c830000 - 0x00007ffc5c88e000 	C:\Windows\System32\shlwapi.dll
0x00007ffc59b20000 - 0x00007ffc59b4b000 	C:\Windows\SYSTEM32\profapi.dll
0x00007ffbf4fb0000 - 0x00007ffbf4fc9000 	C:\Program Files\Java\jdk-17\bin\net.dll
0x00007ffc504c0000 - 0x00007ffc505f6000 	C:\Windows\SYSTEM32\WINHTTP.dll
0x00007ffc59070000 - 0x00007ffc590d9000 	C:\Windows\system32\mswsock.dll
0x00007ffbf4f00000 - 0x00007ffbf4f16000 	C:\Program Files\Java\jdk-17\bin\nio.dll
0x00007ffbf4ee0000 - 0x00007ffbf4ef8000 	C:\Program Files\Java\jdk-17\bin\zip.dll
0x00007ffc49f30000 - 0x00007ffc49f3a000 	C:\Program Files\Java\jdk-17\bin\management.dll
0x00007ffc1c4a0000 - 0x00007ffc1c4ab000 	C:\Program Files\Java\jdk-17\bin\management_ext.dll
0x00007ffc58690000 - 0x00007ffc586bd000 	C:\Windows\SYSTEM32\IPHLPAPI.DLL
0x00007ffc5ba00000 - 0x00007ffc5ba09000 	C:\Windows\System32\NSI.dll
0x00007ffc504a0000 - 0x00007ffc504b9000 	C:\Windows\SYSTEM32\dhcpcsvc6.DLL
0x00007ffc50480000 - 0x00007ffc5049f000 	C:\Windows\SYSTEM32\dhcpcsvc.DLL
0x00007ffc58710000 - 0x00007ffc58812000 	C:\Windows\SYSTEM32\DNSAPI.dll
0x00007ffc46d10000 - 0x00007ffc46d1a000 	C:\Windows\System32\rasadhlp.dll
0x00007ffc4b520000 - 0x00007ffc4b5a3000 	C:\Windows\System32\fwpuclnt.dll
0x00007ffc1c430000 - 0x00007ffc1c43e000 	C:\Program Files\Java\jdk-17\bin\sunmscapi.dll
0x00007ffc5a4b0000 - 0x00007ffc5a616000 	C:\Windows\System32\CRYPT32.dll
0x00007ffc594c0000 - 0x00007ffc594ed000 	C:\Windows\SYSTEM32\ncrypt.dll
0x00007ffc59480000 - 0x00007ffc594b7000 	C:\Windows\SYSTEM32\NTASN1.dll
0x00007ffc592f0000 - 0x00007ffc5930b000 	C:\Windows\SYSTEM32\CRYPTSP.dll
0x00007ffc58b50000 - 0x00007ffc58b85000 	C:\Windows\system32\rsaenh.dll
0x00007ffc59150000 - 0x00007ffc59178000 	C:\Windows\SYSTEM32\USERENV.dll
0x00007ffc592e0000 - 0x00007ffc592ec000 	C:\Windows\SYSTEM32\CRYPTBASE.dll
0x00007ffc46fb0000 - 0x00007ffc46fc0000 	C:\Program Files\Java\jdk-17\bin\verify.dll

dbghelp: loaded successfully - version: 4.0.5 - missing functions: none
symbol engine: initialized successfully - sym options: 0x614 - pdb path: .;C:\Program Files\Java\jdk-17\bin;C:\Windows\SYSTEM32;C:\Windows\WinSxS\amd64_microsoft.windows.common-controls_6595b64144ccf1df_6.0.22621.4541_none_2710d1c57384c085;C:\Program Files\Java\jdk-17\bin\server

VM Arguments:
jvm_args: -XX:TieredStopAtLevel=1 
java_command: com.gestionemploidutemps.gestion_emploi_du_temps.GestionEmploiDuTempsApplication
java_class_path (initial): D:\examen devops\gestion_emploi_du_temps\gestion_emploi_du_temps\target\classes;C:\Users\AHMADOU\.m2\repository\ch\qos\logback\logback-classic\1.5.16\logback-classic-1.5.16.jar;C:\Users\AHMADOU\.m2\repository\ch\qos\logback\logback-core\1.5.16\logback-core-1.5.16.jar;C:\Users\AHMADOU\.m2\repository\org\apache\logging\log4j\log4j-to-slf4j\2.24.3\log4j-to-slf4j-2.24.3.jar;C:\Users\AHMADOU\.m2\repository\org\apache\logging\log4j\log4j-api\2.24.3\log4j-api-2.24.3.jar;C:\Users\AHMADOU\.m2\repository\org\slf4j\jul-to-slf4j\2.0.16\jul-to-slf4j-2.0.16.jar;C:\Users\AHMADOU\.m2\repository\jakarta\annotation\jakarta.annotation-api\2.1.1\jakarta.annotation-api-2.1.1.jar;C:\Users\AHMADOU\.m2\repository\org\yaml\snakeyaml\2.3\snakeyaml-2.3.jar;C:\Users\AHMADOU\.m2\repository\org\springframework\boot\spring-boot-actuator-autoconfigure\3.4.3\spring-boot-actuator-autoconfigure-3.4.3.jar;C:\Users\AHMADOU\.m2\repository\org\springframework\boot\spring-boot-actuator\3.4.3\spring-boot-actuator-3.4.3.jar;C:\Users\AHMADOU\.m2\repository\com\fasterxml\jackson\core\jackson-databind\2.18.2\jackson-databind-2.18.2.jar;C:\Users\AHMADOU\.m2\repository\com\fasterxml\jackson\datatype\jackson-datatype-jsr310\2.18.2\jackson-datatype-jsr310-2.18.2.jar;C:\Users\AHMADOU\.m2\repository\io\micrometer\micrometer-observation\1.14.4\micrometer-observation-1.14.4.jar;C:\Users\AHMADOU\.m2\repository\io\micrometer\micrometer-commons\1.14.4\micrometer-commons-1.14.4.jar;C:\Users\AHMADOU\.m2\repository\io\micrometer\micrometer-jakarta9\1.14.4\micrometer-jakarta9-1.14.4.jar;C:\Users\AHMADOU\.m2\repository\io\micrometer\micrometer-core\1.14.4\micrometer-core-1.14.4.jar;C:\Users\AHMADOU\.m2\repository\org\hdrhistogram\HdrHistogram\2.2.2\HdrHistogram-2.2.2.jar;C:\Users\AHMADOU\.m2\repository\org\latencyutils\LatencyUtils\2.0.3\LatencyUtils-2.0.3.jar;C:\Users\AHMADOU\.m2\repository\com\zaxxer\HikariCP\5.1.0\HikariCP-5.1.0.jar;C:\Users\AHMADOU\.m2\repository\org\springframework\spring-jdb
Launcher Type: SUN_STANDARD

[Global flags]
     intx CICompilerCount                          = 2                                         {product} {ergonomic}
     uint ConcGCThreads                            = 1                                         {product} {ergonomic}
     uint G1ConcRefinementThreads                  = 2                                         {product} {ergonomic}
   size_t G1HeapRegionSize                         = 1048576                                   {product} {ergonomic}
    uintx GCDrainStackTargetSize                   = 64                                        {product} {ergonomic}
   size_t InitialHeapSize                          = 130023424                                 {product} {ergonomic}
   size_t MarkStackSize                            = 4194304                                   {product} {ergonomic}
   size_t MaxHeapSize                              = 2055208960                                {product} {ergonomic}
   size_t MaxNewSize                               = 1233125376                                {product} {ergonomic}
   size_t MinHeapDeltaBytes                        = 1048576                                   {product} {ergonomic}
   size_t MinHeapSize                              = 8388608                                   {product} {ergonomic}
    uintx NonProfiledCodeHeapSize                  = 0                                      {pd product} {ergonomic}
     bool ProfileInterpreter                       = false                                  {pd product} {command line}
    uintx ProfiledCodeHeapSize                     = 0                                      {pd product} {ergonomic}
   size_t SoftMaxHeapSize                          = 2055208960                             {manageable} {ergonomic}
     intx TieredStopAtLevel                        = 1                                         {product} {command line}
     bool UseCompressedClassPointers               = true                           {product lp64_product} {ergonomic}
     bool UseCompressedOops                        = true                           {product lp64_product} {ergonomic}
     bool UseG1GC                                  = true                                      {product} {ergonomic}
     bool UseLargePagesIndividualAllocation        = false                                  {pd product} {ergonomic}

Logging:
Log output configuration:
 #0: stdout all=warning uptime,level,tags
 #1: stderr all=off uptime,level,tags

Environment Variables:
PATH=C:\ORACLEC19\BASEC19\bin;C:\app\AHMADOU\product\23ai\dbhomeFree\bin;C:\ORACLE19CC\BASE19CC\bin;C:\oracle19C\BASE1\bin;C:\Oracle\BASE\bin;C:\Program Files\Common Files\Oracle\Java\javapath;C:\Windows\system32;C:\Windows;C:\Windows\System32\Wbem;C:\Windows\System32\WindowsPowerShell\v1.0\;C:\Windows\System32\OpenSSH\;%JAVAHOME%\bin;C:\Users\AHMADOU\Downloads\apache-maven-3.9.9\bin;C:\Users\AHMADOU\Downloads\apache-maven-3.9.9\bin;C:\Program Files\Docker\Docker\resources\bin;C:\Users\AHMADOU\AppData\Local\Flutter\flutter\bin;C:\Users\AHMADOU\AppData\Roaming\nvm;C:\Program Files\nodejs;C:\Users\AHMADOU\AppData\Roaming\nvm;C:\composer;C:\Program Files\nodejs\;C:\Users\AHMADOU\AppData\Local\Programs\Python\Python313\python.exe;C:\Program Files\dotnet\;C:\Program Files\Git\cmd;C:\php;C:\ANDROIDEM\cmdline-tools\bin;C:\ANDROIDEM\platform-tools;C:\Apache-maven\apache-maven-3.8.8\bin;C:\Program Files\MySQL\MySQL Shell 8.0\bin\;C:\Users\AHMADOU\AppData\Local\Programs\Python\Launcher\;C:\Users\AHMADOU\AppData\Local\Microsoft\WindowsApps;C:\Users\AHMADOU\AppData\Local\Programs\Microsoft VS Code\bin;C:\wamp64\bin\mysql\mysql8.3.0\bin;C:\Program Files\JetBrains\IntelliJ IDEA 2024.3\bin;;C:\Users\AHMADOU\AppData\Roaming\Composer\vendor\bin;C:\Users\AHMADOU\AppData\Local\Flutter\flutter\bin;C:\Users\AHMADOU\AppData\Roaming\nvm;C:\Program Files\nodejs;C:\Users\AHMADOU\AppData\Roaming\npm;C:\Program Files\PostgreSQL\17\bin;C:\Users\AHMADOU\.dotnet\tools;C:\Program Files\MySQL\MySQL Server 8.0\bin;C:\php;C:\ANDROIDEM\cmdline-tools\bin;C:\ANDROIDEM\platform-tools;
USERNAME=AHMADOU
OS=Windows_NT
PROCESSOR_IDENTIFIER=Intel64 Family 6 Model 122 Stepping 8, GenuineIntel



---------------  S Y S T E M  ---------------

OS:
 Windows 11 , 64 bit Build 22621 (10.0.22621.4391)
OS uptime: 0 days 11:14 hours
Hyper-V role detected

CPU: total 2 (initial active 2) (2 cores per cpu, 1 threads per core) family 6 model 122 stepping 8 microcode 0x20, cx8, cmov, fxsr, mmx, 3dnowpref, sse, sse2, sse3, ssse3, sse4.1, sse4.2, popcnt, tsc, tscinvbit, aes, erms, clmul, sha, clflush, clflushopt, hv

Memory: 4k page, system-wide physical 7832M (469M free)
TotalPageFile size 18589M (AvailPageFile size 8M)
current process WorkingSet (physical memory assigned to process): 232M, peak: 232M
current process commit charge ("private bytes"): 262M, peak: 305M

vm_info: Java HotSpot(TM) 64-Bit Server VM (17.0.12+8-LTS-286) for windows-amd64 JRE (17.0.12+8-LTS-286), built on Jun  5 2024 06:46:59 by "mach5one" with MS VC++ 17.6 (VS2022)

END.
